#
# There is insufficient memory for the Java Runtime Environment to continue.
# Native memory allocation (malloc) failed to allocate 861008 bytes for Chunk::new
# Possible reasons:
#   The system is out of physical RAM or swap space
#   The process is running with CompressedOops enabled, and the Java Heap may be blocking the growth of the native heap
# Possible solutions:
#   Reduce memory load on the system
#   Increase physical memory or swap space
#   Check if swap backing store is full
#   Decrease Java heap size (-Xmx/-Xms)
#   Decrease number of Java threads
#   Decrease Java thread stack sizes (-Xss)
#   Set larger code cache with -XX:ReservedCodeCacheSize=
#   JVM is running with Zero Based Compressed Oops mode in which the Java heap is
#     placed in the first 32GB address space. The Java Heap base address is the
#     maximum limit for the native heap growth. Please use -XX:HeapBaseMinAddress
#     to set the Java Heap base and to place the Java Heap above 32GB virtual address.
# This output file may be truncated or incomplete.
#
#  Out of Memory Error (arena.cpp:168), pid=12324, tid=9168
#
# JRE version: Java(TM) SE Runtime Environment (21.0.1+12) (build 21.0.1+12-LTS-29)
# Java VM: Java HotSpot(TM) 64-Bit Server VM (21.0.1+12-LTS-29, mixed mode, sharing, tiered, compressed oops, compressed class ptrs, g1 gc, windows-amd64)
# No core dump will be written. Minidumps are not enabled by default on client versions of Windows
#

---------------  S U M M A R Y ------------

Command Line: -Dfile.encoding=UTF-8 -Xms512m -Xmx4096m --module-path=C:\Users\sinoe\OneDrive\Documentos\NetBeansProjects\REPRODUCTOR_MUSIC\build\classes GUI.App

Host: AMD Ryzen 7 5700U with Radeon Graphics         , 16 cores, 15G,  Windows 11 , 64 bit Build 22621 (10.0.22621.3672)
Time: Mon Jun  2 18:59:20 2025 Hora estándar central (México) elapsed time: 1.944008 seconds (0d 0h 0m 1s)

---------------  T H R E A D  ---------------

Current thread (0x0000027bfbb47490):  JavaThread "C2 CompilerThread4" daemon [_thread_in_native, id=9168, stack(0x0000007eb3e00000,0x0000007eb3f00000) (1024K)]


Current CompileTask:
C2:   1944 2408   !   4       sun.awt.image.PNGImageDecoder::produceImage (1917 bytes)

Stack: [0x0000007eb3e00000,0x0000007eb3f00000]
Native frames: (J=compiled Java code, j=interpreted, Vv=VM code, C=native code)
V  [jvm.dll+0x6c9029]
V  [jvm.dll+0x854b81]
V  [jvm.dll+0x856e5e]
V  [jvm.dll+0x857543]
V  [jvm.dll+0x280c06]
V  [jvm.dll+0xc3ead]
V  [jvm.dll+0xc43c3]
V  [jvm.dll+0x3b576c]
V  [jvm.dll+0x1e20b9]
V  [jvm.dll+0x249c22]
V  [jvm.dll+0x2490b1]
V  [jvm.dll+0x1c9ca1]
V  [jvm.dll+0x2586b9]
V  [jvm.dll+0x256c9a]
V  [jvm.dll+0x3ef1b6]
V  [jvm.dll+0x7fd728]
V  [jvm.dll+0x6c777d]
C  [ucrtbase.dll+0x29333]
C  [KERNEL32.DLL+0x1257d]
C  [ntdll.dll+0x5af28]


---------------  P R O C E S S  ---------------

Threads class SMR info:
_java_thread_list=0x0000027bfb3c83a0, length=38, elements={
0x0000027bab035a40, 0x0000027bab036960, 0x0000027bab038730, 0x0000027bab03b2a0,
0x0000027bab03d420, 0x0000027bab03da90, 0x0000027bab044840, 0x0000027bab06d300,
0x0000027bab24a930, 0x0000027bab251d10, 0x0000027bab25bbd0, 0x0000027bab2a97d0,
0x0000027bab38b390, 0x0000027bab5ed230, 0x0000027bab5ef100, 0x0000027bab5f5790,
0x0000027bab608a80, 0x0000027b8913f0c0, 0x0000027babb06100, 0x0000027babaa6430,
0x0000027bf74a6bc0, 0x0000027bf74ad800, 0x0000027bf7811db0, 0x0000027bf7a91d10,
0x0000027bf7a91680, 0x0000027bf7a90960, 0x0000027bf7a923a0, 0x0000027bf7a92a30,
0x0000027bf7a8f5b0, 0x0000027bf7a8fc40, 0x0000027bf7a902d0, 0x0000027bf7a90ff0,
0x0000027bf7bbb930, 0x0000027bf7b43050, 0x0000027bf8108810, 0x0000027bfbb47490,
0x0000027bf7bb7e20, 0x0000027bf7bb7790
}

Java Threads: ( => current thread )
  0x0000027bab035a40 JavaThread "Reference Handler"          daemon [_thread_blocked, id=13788, stack(0x0000007eaf600000,0x0000007eaf700000) (1024K)]
  0x0000027bab036960 JavaThread "Finalizer"                  daemon [_thread_blocked, id=3220, stack(0x0000007eaf700000,0x0000007eaf800000) (1024K)]
  0x0000027bab038730 JavaThread "Signal Dispatcher"          daemon [_thread_blocked, id=19280, stack(0x0000007eaf800000,0x0000007eaf900000) (1024K)]
  0x0000027bab03b2a0 JavaThread "Attach Listener"            daemon [_thread_blocked, id=1588, stack(0x0000007eaf900000,0x0000007eafa00000) (1024K)]
  0x0000027bab03d420 JavaThread "Service Thread"             daemon [_thread_blocked, id=21040, stack(0x0000007eafa00000,0x0000007eafb00000) (1024K)]
  0x0000027bab03da90 JavaThread "Monitor Deflation Thread"   daemon [_thread_blocked, id=18520, stack(0x0000007eafb00000,0x0000007eafc00000) (1024K)]
  0x0000027bab044840 JavaThread "C2 CompilerThread0"         daemon [_thread_blocked, id=12604, stack(0x0000007eafc00000,0x0000007eafd00000) (1024K)]
  0x0000027bab06d300 JavaThread "C1 CompilerThread0"         daemon [_thread_blocked, id=13196, stack(0x0000007eafd00000,0x0000007eafe00000) (1024K)]
  0x0000027bab24a930 JavaThread "Common-Cleaner"             daemon [_thread_blocked, id=19736, stack(0x0000007eafe00000,0x0000007eaff00000) (1024K)]
  0x0000027bab251d10 JavaThread "C1 CompilerThread1"         daemon [_thread_blocked, id=21348, stack(0x0000007eaff00000,0x0000007eb0000000) (1024K)]
  0x0000027bab25bbd0 JavaThread "C1 CompilerThread2"         daemon [_thread_blocked, id=13576, stack(0x0000007eb0000000,0x0000007eb0100000) (1024K)]
  0x0000027bab2a97d0 JavaThread "C2 CompilerThread1"         daemon [_thread_in_native, id=17440, stack(0x0000007eb0100000,0x0000007eb0200000) (1024K)]
  0x0000027bab38b390 JavaThread "Notification Thread"        daemon [_thread_blocked, id=6628, stack(0x0000007eb0300000,0x0000007eb0400000) (1024K)]
  0x0000027bab5ed230 JavaThread "Java2D Disposer"            daemon [_thread_blocked, id=5208, stack(0x0000007eb0400000,0x0000007eb0500000) (1024K)]
  0x0000027bab5ef100 JavaThread "AWT-Shutdown"                      [_thread_blocked, id=19240, stack(0x0000007eb0500000,0x0000007eb0600000) (1024K)]
  0x0000027bab5f5790 JavaThread "AWT-Windows"                daemon [_thread_in_native, id=20572, stack(0x0000007eb0600000,0x0000007eb0700000) (1024K)]
  0x0000027bab608a80 JavaThread "AWT-EventQueue-0"                  [_thread_in_vm, id=5480, stack(0x0000007eb0700000,0x0000007eb0800000) (1024K)]
  0x0000027b8913f0c0 JavaThread "DestroyJavaVM"                     [_thread_blocked, id=18992, stack(0x0000007eaee00000,0x0000007eaef00000) (1024K)]
  0x0000027babb06100 JavaThread "Image Fetcher 0"            daemon [_thread_blocked, id=9856, stack(0x0000007eb1d00000,0x0000007eb1e00000) (1024K)]
  0x0000027babaa6430 JavaThread "C1 CompilerThread3"         daemon [_thread_blocked, id=15388, stack(0x0000007eb1e00000,0x0000007eb1f00000) (1024K)]
  0x0000027bf74a6bc0 JavaThread "SwingWorker-pool-3-thread-1" daemon [_thread_in_Java, id=15452, stack(0x0000007eb1f00000,0x0000007eb2000000) (1024K)]
  0x0000027bf74ad800 JavaThread "TimerQueue"                 daemon [_thread_blocked, id=9612, stack(0x0000007eb2000000,0x0000007eb2100000) (1024K)]
  0x0000027bf7811db0 JavaThread "D3D Screen Updater"         daemon [_thread_blocked, id=9300, stack(0x0000007eb2c00000,0x0000007eb2d00000) (1024K)]
  0x0000027bf7a91d10 JavaThread "SwingWorker-pool-3-thread-2" daemon [_thread_blocked, id=12812, stack(0x0000007eb2e00000,0x0000007eb2f00000) (1024K)]
  0x0000027bf7a91680 JavaThread "Thread-0"                          [_thread_blocked, id=20652, stack(0x0000007eb2f00000,0x0000007eb3000000) (1024K)]
  0x0000027bf7a90960 JavaThread "Java Sound Event Dispatcher" daemon [_thread_blocked, id=10956, stack(0x0000007eb3200000,0x0000007eb3300000) (1024K)]
  0x0000027bf7a923a0 JavaThread "pool-1-thread-1"                   [_thread_blocked, id=2180, stack(0x0000007eb3500000,0x0000007eb3600000) (1024K)]
  0x0000027bf7a92a30 JavaThread "pool-1-thread-2"                   [_thread_blocked, id=6192, stack(0x0000007eb3600000,0x0000007eb3700000) (1024K)]
  0x0000027bf7a8f5b0 JavaThread "pool-1-thread-3"                   [_thread_blocked, id=20488, stack(0x0000007eb3700000,0x0000007eb3800000) (1024K)]
  0x0000027bf7a8fc40 JavaThread "Image Fetcher 1"            daemon [_thread_blocked, id=10456, stack(0x0000007eb3800000,0x0000007eb3900000) (1024K)]
  0x0000027bf7a902d0 JavaThread "pool-1-thread-4"                   [_thread_blocked, id=13080, stack(0x0000007eb3a00000,0x0000007eb3b00000) (1024K)]
  0x0000027bf7a90ff0 JavaThread "Thread-2"                          [_thread_blocked, id=21424, stack(0x0000007eb3300000,0x0000007eb3400000) (1024K)]
  0x0000027bf7bbb930 JavaThread "pool-1-thread-5"                   [_thread_blocked, id=19884, stack(0x0000007eb3400000,0x0000007eb3500000) (1024K)]
  0x0000027bf7b43050 JavaThread "C2 CompilerThread2"         daemon [_thread_in_native, id=1920, stack(0x0000007eb0200000,0x0000007eb0300000) (1024K)]
  0x0000027bf8108810 JavaThread "C2 CompilerThread3"         daemon [_thread_in_vm, id=19592, stack(0x0000007eb2d00000,0x0000007eb2e00000) (1024K)]
=>0x0000027bfbb47490 JavaThread "C2 CompilerThread4"         daemon [_thread_in_native, id=9168, stack(0x0000007eb3e00000,0x0000007eb3f00000) (1024K)]
  0x0000027bf7bb7e20 JavaThread "Image Fetcher 2"            daemon [_thread_blocked, id=6004, stack(0x0000007eb3f00000,0x0000007eb4000000) (1024K)]
  0x0000027bf7bb7790 JavaThread "Image Fetcher 3"            daemon [_thread_blocked, id=20028, stack(0x0000007eb4100000,0x0000007eb4200000) (1024K)]
Total: 38

Other Threads:
  0x0000027bab01f400 VMThread "VM Thread"                           [id=20272, stack(0x0000007eaf500000,0x0000007eaf600000) (1024K)]
  0x0000027bab100090 WatcherThread "VM Periodic Task Thread"        [id=10356, stack(0x0000007eaf400000,0x0000007eaf500000) (1024K)]
  0x0000027b8b4423c0 WorkerThread "GC Thread#0"                     [id=20684, stack(0x0000007eaef00000,0x0000007eaf000000) (1024K)]
  0x0000027bf7523140 WorkerThread "GC Thread#1"                     [id=21284, stack(0x0000007eb2100000,0x0000007eb2200000) (1024K)]
  0x0000027bf7520b90 WorkerThread "GC Thread#2"                     [id=9768, stack(0x0000007eb2200000,0x0000007eb2300000) (1024K)]
  0x0000027bf7520f30 WorkerThread "GC Thread#3"                     [id=18624, stack(0x0000007eb2300000,0x0000007eb2400000) (1024K)]
  0x0000027bf75216e0 WorkerThread "GC Thread#4"                     [id=5700, stack(0x0000007eb2400000,0x0000007eb2500000) (1024K)]
  0x0000027bf7521a80 WorkerThread "GC Thread#5"                     [id=3216, stack(0x0000007eb2500000,0x0000007eb2600000) (1024K)]
  0x0000027bf7521e20 WorkerThread "GC Thread#6"                     [id=4100, stack(0x0000007eb2600000,0x0000007eb2700000) (1024K)]
  0x0000027bf779c7f0 WorkerThread "GC Thread#7"                     [id=9416, stack(0x0000007eb2700000,0x0000007eb2800000) (1024K)]
  0x0000027bf779d2d0 WorkerThread "GC Thread#8"                     [id=18988, stack(0x0000007eb2800000,0x0000007eb2900000) (1024K)]
  0x0000027bf779d670 WorkerThread "GC Thread#9"                     [id=20820, stack(0x0000007eb2900000,0x0000007eb2a00000) (1024K)]
  0x0000027bf779da10 WorkerThread "GC Thread#10"                    [id=12184, stack(0x0000007eb2a00000,0x0000007eb2b00000) (1024K)]
  0x0000027bf779c450 WorkerThread "GC Thread#11"                    [id=11012, stack(0x0000007eb2b00000,0x0000007eb2c00000) (1024K)]
  0x0000027bf8338200 WorkerThread "GC Thread#12"                    [id=19584, stack(0x0000007eb4000000,0x0000007eb4100000) (1024K)]
  0x0000027b8b4532b0 ConcurrentGCThread "G1 Main Marker"            [id=4736, stack(0x0000007eaf000000,0x0000007eaf100000) (1024K)]
  0x0000027b8b453e70 WorkerThread "G1 Conc#0"                       [id=19112, stack(0x0000007eaf100000,0x0000007eaf200000) (1024K)]
  0x0000027baaf5bb30 ConcurrentGCThread "G1 Refine#0"               [id=15668, stack(0x0000007eaf200000,0x0000007eaf300000) (1024K)]
  0x0000027baaf5c350 ConcurrentGCThread "G1 Service"                [id=10252, stack(0x0000007eaf300000,0x0000007eaf400000) (1024K)]
Total: 19

Threads with active compile tasks:
C2 CompilerThread0     1959 2527       4       java.awt.geom.Rectangle2D$Float::getY (6 bytes)
C2 CompilerThread1     1959 2412       4       javazoom.jl.decoder.LayerIIIDecoder::decode (580 bytes)
C2 CompilerThread2     1959 2443 % !   4       sun.awt.image.ImageRepresentation::getOpaqueRGBImage @ 54 (164 bytes)
C2 CompilerThread4     1959 2408   !   4       sun.awt.image.PNGImageDecoder::produceImage (1917 bytes)
Total: 4

VM state: not at safepoint (normal execution)

VM Mutex/Monitor currently owned by a thread: None

Heap address: 0x0000000700000000, size: 4096 MB, Compressed Oops mode: Zero based, Oop shift amount: 3

CDS archive(s) mapped at: [0x0000027bac000000-0x0000027bacc90000-0x0000027bacc90000), size 13172736, SharedBaseAddress: 0x0000027bac000000, ArchiveRelocationMode: 1.
Compressed class space mapped at: 0x0000027bad000000-0x0000027bed000000, reserved size: 1073741824
Narrow klass base: 0x0000027bac000000, Narrow klass shift: 0, Narrow klass range: 0x100000000

GC Precious Log:
 CardTable entry size: 512
 Card Set container configuration: InlinePtr #cards 4 size 8 Array Of Cards #cards 16 size 48 Howl #buckets 8 coarsen threshold 3686 Howl Bitmap #cards 512 size 80 coarsen threshold 460 Card regions per heap region 1 cards per card region 4096
 CPUs: 16 total, 16 available
 Memory: 15720M
 Large Page Support: Disabled
 NUMA Support: Disabled
 Compressed Oops: Enabled (Zero based)
 Heap Region Size: 2M
 Heap Min Capacity: 512M
 Heap Initial Capacity: 512M
 Heap Max Capacity: 4G
 Pre-touch: Disabled
 Parallel Workers: 13
 Concurrent Workers: 3
 Concurrent Refinement Workers: 13
 Periodic GC: Disabled

Heap:
 garbage-first heap   total 524288K, used 85802K [0x0000000700000000, 0x0000000800000000)
  region size 2048K, 18 young (36864K), 6 survivors (12288K)
 Metaspace       used 14377K, committed 14656K, reserved 1114112K
  class space    used 1581K, committed 1728K, reserved 1048576K

Heap Regions: E=young(eden), S=young(survivor), O=old, HS=humongous(starts), HC=humongous(continues), CS=collection set, F=free, TAMS=top-at-mark-start, PB=parsable bottom
|   0|0x0000000700000000, 0x0000000700000000, 0x0000000700200000|  0%| F|  |TAMS 0x0000000700000000| PB 0x0000000700000000| Untracked 
|   1|0x0000000700200000, 0x0000000700400000, 0x0000000700400000|100%| O|  |TAMS 0x0000000700200000| PB 0x0000000700200000| Untracked 
|   2|0x0000000700400000, 0x0000000700600000, 0x0000000700600000|100%|HS|  |TAMS 0x0000000700400000| PB 0x0000000700400000| Complete 
|   3|0x0000000700600000, 0x0000000700800000, 0x0000000700800000|100%| O|  |TAMS 0x0000000700600000| PB 0x0000000700600000| Untracked 
|   4|0x0000000700800000, 0x0000000700861640, 0x0000000700a00000| 19%| O|  |TAMS 0x0000000700800000| PB 0x0000000700800000| Untracked 
|   5|0x0000000700a00000, 0x0000000700c00000, 0x0000000700c00000|100%|HS|  |TAMS 0x0000000700a00000| PB 0x0000000700a00000| Complete 
|   6|0x0000000700c00000, 0x0000000700e00000, 0x0000000700e00000|100%|HS|  |TAMS 0x0000000700c00000| PB 0x0000000700c00000| Complete 
|   7|0x0000000700e00000, 0x0000000701000000, 0x0000000701000000|100%|HS|  |TAMS 0x0000000700e00000| PB 0x0000000700e00000| Complete 
|   8|0x0000000701000000, 0x0000000701200000, 0x0000000701200000|100%|HS|  |TAMS 0x0000000701000000| PB 0x0000000701000000| Complete 
|   9|0x0000000701200000, 0x0000000701400000, 0x0000000701400000|100%|HS|  |TAMS 0x0000000701200000| PB 0x0000000701200000| Complete 
|  10|0x0000000701400000, 0x0000000701600000, 0x0000000701600000|100%|HS|  |TAMS 0x0000000701400000| PB 0x0000000701400000| Complete 
|  11|0x0000000701600000, 0x0000000701800000, 0x0000000701800000|100%|HS|  |TAMS 0x0000000701600000| PB 0x0000000701600000| Complete 
|  12|0x0000000701800000, 0x0000000701a00000, 0x0000000701a00000|100%|HS|  |TAMS 0x0000000701800000| PB 0x0000000701800000| Complete 
|  13|0x0000000701a00000, 0x0000000701c00000, 0x0000000701c00000|100%|HS|  |TAMS 0x0000000701a00000| PB 0x0000000701a00000| Complete 
|  14|0x0000000701c00000, 0x0000000701e00000, 0x0000000701e00000|100%|HS|  |TAMS 0x0000000701c00000| PB 0x0000000701c00000| Complete 
|  15|0x0000000701e00000, 0x0000000702000000, 0x0000000702000000|100%|HC|  |TAMS 0x0000000701e00000| PB 0x0000000701e00000| Complete 
|  16|0x0000000702000000, 0x0000000702200000, 0x0000000702200000|100%|HC|  |TAMS 0x0000000702000000| PB 0x0000000702000000| Complete 
|  17|0x0000000702200000, 0x0000000702400000, 0x0000000702400000|100%|HS|  |TAMS 0x0000000702200000| PB 0x0000000702200000| Complete 
|  18|0x0000000702400000, 0x0000000702600000, 0x0000000702600000|100%|HS|  |TAMS 0x0000000702400000| PB 0x0000000702400000| Complete 
|  19|0x0000000702600000, 0x0000000702800000, 0x0000000702800000|100%|HS|  |TAMS 0x0000000702600000| PB 0x0000000702600000| Complete 
|  20|0x0000000702800000, 0x0000000702a00000, 0x0000000702a00000|100%|HC|  |TAMS 0x0000000702800000| PB 0x0000000702800000| Complete 
|  21|0x0000000702a00000, 0x0000000702c00000, 0x0000000702c00000|100%|HC|  |TAMS 0x0000000702a00000| PB 0x0000000702a00000| Complete 
|  22|0x0000000702c00000, 0x0000000702e00000, 0x0000000702e00000|100%|HS|  |TAMS 0x0000000702c00000| PB 0x0000000702c00000| Complete 
|  23|0x0000000702e00000, 0x0000000703000000, 0x0000000703000000|100%|HC|  |TAMS 0x0000000702e00000| PB 0x0000000702e00000| Complete 
|  24|0x0000000703000000, 0x0000000703200000, 0x0000000703200000|100%|HC|  |TAMS 0x0000000703000000| PB 0x0000000703000000| Complete 
|  25|0x0000000703200000, 0x0000000703400000, 0x0000000703400000|100%|HS|  |TAMS 0x0000000703200000| PB 0x0000000703200000| Complete 
|  26|0x0000000703400000, 0x0000000703600000, 0x0000000703600000|100%|HS|  |TAMS 0x0000000703400000| PB 0x0000000703400000| Complete 
|  27|0x0000000703600000, 0x0000000703600000, 0x0000000703800000|  0%| F|  |TAMS 0x0000000703600000| PB 0x0000000703600000| Untracked 
|  28|0x0000000703800000, 0x0000000703800000, 0x0000000703a00000|  0%| F|  |TAMS 0x0000000703800000| PB 0x0000000703800000| Untracked 
|  29|0x0000000703a00000, 0x0000000703a00000, 0x0000000703c00000|  0%| F|  |TAMS 0x0000000703a00000| PB 0x0000000703a00000| Untracked 
|  30|0x0000000703c00000, 0x0000000703c00000, 0x0000000703e00000|  0%| F|  |TAMS 0x0000000703c00000| PB 0x0000000703c00000| Untracked 
|  31|0x0000000703e00000, 0x0000000703e00000, 0x0000000704000000|  0%| F|  |TAMS 0x0000000703e00000| PB 0x0000000703e00000| Untracked 
|  32|0x0000000704000000, 0x0000000704000000, 0x0000000704200000|  0%| F|  |TAMS 0x0000000704000000| PB 0x0000000704000000| Untracked 
|  33|0x0000000704200000, 0x0000000704200000, 0x0000000704400000|  0%| F|  |TAMS 0x0000000704200000| PB 0x0000000704200000| Untracked 
|  34|0x0000000704400000, 0x0000000704400000, 0x0000000704600000|  0%| F|  |TAMS 0x0000000704400000| PB 0x0000000704400000| Untracked 
|  35|0x0000000704600000, 0x0000000704600000, 0x0000000704800000|  0%| F|  |TAMS 0x0000000704600000| PB 0x0000000704600000| Untracked 
|  36|0x0000000704800000, 0x0000000704800000, 0x0000000704a00000|  0%| F|  |TAMS 0x0000000704800000| PB 0x0000000704800000| Untracked 
|  37|0x0000000704a00000, 0x0000000704a00000, 0x0000000704c00000|  0%| F|  |TAMS 0x0000000704a00000| PB 0x0000000704a00000| Untracked 
|  38|0x0000000704c00000, 0x0000000704c00000, 0x0000000704e00000|  0%| F|  |TAMS 0x0000000704c00000| PB 0x0000000704c00000| Untracked 
|  39|0x0000000704e00000, 0x0000000704e00000, 0x0000000705000000|  0%| F|  |TAMS 0x0000000704e00000| PB 0x0000000704e00000| Untracked 
|  40|0x0000000705000000, 0x0000000705000000, 0x0000000705200000|  0%| F|  |TAMS 0x0000000705000000| PB 0x0000000705000000| Untracked 
|  41|0x0000000705200000, 0x0000000705200000, 0x0000000705400000|  0%| F|  |TAMS 0x0000000705200000| PB 0x0000000705200000| Untracked 
|  42|0x0000000705400000, 0x0000000705400000, 0x0000000705600000|  0%| F|  |TAMS 0x0000000705400000| PB 0x0000000705400000| Untracked 
|  43|0x0000000705600000, 0x0000000705600000, 0x0000000705800000|  0%| F|  |TAMS 0x0000000705600000| PB 0x0000000705600000| Untracked 
|  44|0x0000000705800000, 0x0000000705800000, 0x0000000705a00000|  0%| F|  |TAMS 0x0000000705800000| PB 0x0000000705800000| Untracked 
|  45|0x0000000705a00000, 0x0000000705a00000, 0x0000000705c00000|  0%| F|  |TAMS 0x0000000705a00000| PB 0x0000000705a00000| Untracked 
|  46|0x0000000705c00000, 0x0000000705c00000, 0x0000000705e00000|  0%| F|  |TAMS 0x0000000705c00000| PB 0x0000000705c00000| Untracked 
|  47|0x0000000705e00000, 0x0000000705e00000, 0x0000000706000000|  0%| F|  |TAMS 0x0000000705e00000| PB 0x0000000705e00000| Untracked 
|  48|0x0000000706000000, 0x0000000706000000, 0x0000000706200000|  0%| F|  |TAMS 0x0000000706000000| PB 0x0000000706000000| Untracked 
|  49|0x0000000706200000, 0x0000000706200000, 0x0000000706400000|  0%| F|  |TAMS 0x0000000706200000| PB 0x0000000706200000| Untracked 
|  50|0x0000000706400000, 0x0000000706400000, 0x0000000706600000|  0%| F|  |TAMS 0x0000000706400000| PB 0x0000000706400000| Untracked 
|  51|0x0000000706600000, 0x0000000706600000, 0x0000000706800000|  0%| F|  |TAMS 0x0000000706600000| PB 0x0000000706600000| Untracked 
|  52|0x0000000706800000, 0x0000000706800000, 0x0000000706a00000|  0%| F|  |TAMS 0x0000000706800000| PB 0x0000000706800000| Untracked 
|  53|0x0000000706a00000, 0x0000000706a00000, 0x0000000706c00000|  0%| F|  |TAMS 0x0000000706a00000| PB 0x0000000706a00000| Untracked 
|  54|0x0000000706c00000, 0x0000000706c00000, 0x0000000706e00000|  0%| F|  |TAMS 0x0000000706c00000| PB 0x0000000706c00000| Untracked 
|  55|0x0000000706e00000, 0x0000000706e00000, 0x0000000707000000|  0%| F|  |TAMS 0x0000000706e00000| PB 0x0000000706e00000| Untracked 
|  56|0x0000000707000000, 0x0000000707000000, 0x0000000707200000|  0%| F|  |TAMS 0x0000000707000000| PB 0x0000000707000000| Untracked 
|  57|0x0000000707200000, 0x0000000707200000, 0x0000000707400000|  0%| F|  |TAMS 0x0000000707200000| PB 0x0000000707200000| Untracked 
|  58|0x0000000707400000, 0x0000000707400000, 0x0000000707600000|  0%| F|  |TAMS 0x0000000707400000| PB 0x0000000707400000| Untracked 
|  59|0x0000000707600000, 0x0000000707600000, 0x0000000707800000|  0%| F|  |TAMS 0x0000000707600000| PB 0x0000000707600000| Untracked 
|  60|0x0000000707800000, 0x0000000707800000, 0x0000000707a00000|  0%| F|  |TAMS 0x0000000707800000| PB 0x0000000707800000| Untracked 
|  61|0x0000000707a00000, 0x0000000707a00000, 0x0000000707c00000|  0%| F|  |TAMS 0x0000000707a00000| PB 0x0000000707a00000| Untracked 
|  62|0x0000000707c00000, 0x0000000707c00000, 0x0000000707e00000|  0%| F|  |TAMS 0x0000000707c00000| PB 0x0000000707c00000| Untracked 
|  63|0x0000000707e00000, 0x0000000707e00000, 0x0000000708000000|  0%| F|  |TAMS 0x0000000707e00000| PB 0x0000000707e00000| Untracked 
|  64|0x0000000708000000, 0x0000000708000000, 0x0000000708200000|  0%| F|  |TAMS 0x0000000708000000| PB 0x0000000708000000| Untracked 
|  65|0x0000000708200000, 0x0000000708200000, 0x0000000708400000|  0%| F|  |TAMS 0x0000000708200000| PB 0x0000000708200000| Untracked 
|  66|0x0000000708400000, 0x0000000708400000, 0x0000000708600000|  0%| F|  |TAMS 0x0000000708400000| PB 0x0000000708400000| Untracked 
|  67|0x0000000708600000, 0x0000000708600000, 0x0000000708800000|  0%| F|  |TAMS 0x0000000708600000| PB 0x0000000708600000| Untracked 
|  68|0x0000000708800000, 0x0000000708800000, 0x0000000708a00000|  0%| F|  |TAMS 0x0000000708800000| PB 0x0000000708800000| Untracked 
|  69|0x0000000708a00000, 0x0000000708a00000, 0x0000000708c00000|  0%| F|  |TAMS 0x0000000708a00000| PB 0x0000000708a00000| Untracked 
|  70|0x0000000708c00000, 0x0000000708c00000, 0x0000000708e00000|  0%| F|  |TAMS 0x0000000708c00000| PB 0x0000000708c00000| Untracked 
|  71|0x0000000708e00000, 0x0000000708e00000, 0x0000000709000000|  0%| F|  |TAMS 0x0000000708e00000| PB 0x0000000708e00000| Untracked 
|  72|0x0000000709000000, 0x0000000709000000, 0x0000000709200000|  0%| F|  |TAMS 0x0000000709000000| PB 0x0000000709000000| Untracked 
|  73|0x0000000709200000, 0x0000000709200000, 0x0000000709400000|  0%| F|  |TAMS 0x0000000709200000| PB 0x0000000709200000| Untracked 
|  74|0x0000000709400000, 0x0000000709400000, 0x0000000709600000|  0%| F|  |TAMS 0x0000000709400000| PB 0x0000000709400000| Untracked 
|  75|0x0000000709600000, 0x0000000709600000, 0x0000000709800000|  0%| F|  |TAMS 0x0000000709600000| PB 0x0000000709600000| Untracked 
|  76|0x0000000709800000, 0x0000000709800000, 0x0000000709a00000|  0%| F|  |TAMS 0x0000000709800000| PB 0x0000000709800000| Untracked 
|  77|0x0000000709a00000, 0x0000000709a00000, 0x0000000709c00000|  0%| F|  |TAMS 0x0000000709a00000| PB 0x0000000709a00000| Untracked 
|  78|0x0000000709c00000, 0x0000000709c00000, 0x0000000709e00000|  0%| F|  |TAMS 0x0000000709c00000| PB 0x0000000709c00000| Untracked 
|  79|0x0000000709e00000, 0x0000000709e00000, 0x000000070a000000|  0%| F|  |TAMS 0x0000000709e00000| PB 0x0000000709e00000| Untracked 
|  80|0x000000070a000000, 0x000000070a000000, 0x000000070a200000|  0%| F|  |TAMS 0x000000070a000000| PB 0x000000070a000000| Untracked 
|  81|0x000000070a200000, 0x000000070a200000, 0x000000070a400000|  0%| F|  |TAMS 0x000000070a200000| PB 0x000000070a200000| Untracked 
|  82|0x000000070a400000, 0x000000070a400000, 0x000000070a600000|  0%| F|  |TAMS 0x000000070a400000| PB 0x000000070a400000| Untracked 
|  83|0x000000070a600000, 0x000000070a600000, 0x000000070a800000|  0%| F|  |TAMS 0x000000070a600000| PB 0x000000070a600000| Untracked 
|  84|0x000000070a800000, 0x000000070a800000, 0x000000070aa00000|  0%| F|  |TAMS 0x000000070a800000| PB 0x000000070a800000| Untracked 
|  85|0x000000070aa00000, 0x000000070aa00000, 0x000000070ac00000|  0%| F|  |TAMS 0x000000070aa00000| PB 0x000000070aa00000| Untracked 
|  86|0x000000070ac00000, 0x000000070ac00000, 0x000000070ae00000|  0%| F|  |TAMS 0x000000070ac00000| PB 0x000000070ac00000| Untracked 
|  87|0x000000070ae00000, 0x000000070ae00000, 0x000000070b000000|  0%| F|  |TAMS 0x000000070ae00000| PB 0x000000070ae00000| Untracked 
|  88|0x000000070b000000, 0x000000070b000000, 0x000000070b200000|  0%| F|  |TAMS 0x000000070b000000| PB 0x000000070b000000| Untracked 
|  89|0x000000070b200000, 0x000000070b200000, 0x000000070b400000|  0%| F|  |TAMS 0x000000070b200000| PB 0x000000070b200000| Untracked 
|  90|0x000000070b400000, 0x000000070b400000, 0x000000070b600000|  0%| F|  |TAMS 0x000000070b400000| PB 0x000000070b400000| Untracked 
|  91|0x000000070b600000, 0x000000070b600000, 0x000000070b800000|  0%| F|  |TAMS 0x000000070b600000| PB 0x000000070b600000| Untracked 
|  92|0x000000070b800000, 0x000000070b800000, 0x000000070ba00000|  0%| F|  |TAMS 0x000000070b800000| PB 0x000000070b800000| Untracked 
|  93|0x000000070ba00000, 0x000000070ba00000, 0x000000070bc00000|  0%| F|  |TAMS 0x000000070ba00000| PB 0x000000070ba00000| Untracked 
|  94|0x000000070bc00000, 0x000000070bc00000, 0x000000070be00000|  0%| F|  |TAMS 0x000000070bc00000| PB 0x000000070bc00000| Untracked 
|  95|0x000000070be00000, 0x000000070be00000, 0x000000070c000000|  0%| F|  |TAMS 0x000000070be00000| PB 0x000000070be00000| Untracked 
|  96|0x000000070c000000, 0x000000070c000000, 0x000000070c200000|  0%| F|  |TAMS 0x000000070c000000| PB 0x000000070c000000| Untracked 
|  97|0x000000070c200000, 0x000000070c369580, 0x000000070c400000| 70%| S|CS|TAMS 0x000000070c200000| PB 0x000000070c200000| Complete 
|  98|0x000000070c400000, 0x000000070c600000, 0x000000070c600000|100%| S|CS|TAMS 0x000000070c400000| PB 0x000000070c400000| Complete 
|  99|0x000000070c600000, 0x000000070c800000, 0x000000070c800000|100%| S|CS|TAMS 0x000000070c600000| PB 0x000000070c600000| Complete 
| 100|0x000000070c800000, 0x000000070ca00000, 0x000000070ca00000|100%| S|CS|TAMS 0x000000070c800000| PB 0x000000070c800000| Complete 
| 101|0x000000070ca00000, 0x000000070cc00000, 0x000000070cc00000|100%| S|CS|TAMS 0x000000070ca00000| PB 0x000000070ca00000| Complete 
| 102|0x000000070cc00000, 0x000000070ce00000, 0x000000070ce00000|100%| S|CS|TAMS 0x000000070cc00000| PB 0x000000070cc00000| Complete 
| 103|0x000000070ce00000, 0x000000070ce00000, 0x000000070d000000|  0%| F|  |TAMS 0x000000070ce00000| PB 0x000000070ce00000| Untracked 
| 104|0x000000070d000000, 0x000000070d000000, 0x000000070d200000|  0%| F|  |TAMS 0x000000070d000000| PB 0x000000070d000000| Untracked 
| 105|0x000000070d200000, 0x000000070d200000, 0x000000070d400000|  0%| F|  |TAMS 0x000000070d200000| PB 0x000000070d200000| Untracked 
| 106|0x000000070d400000, 0x000000070d400000, 0x000000070d600000|  0%| F|  |TAMS 0x000000070d400000| PB 0x000000070d400000| Untracked 
| 107|0x000000070d600000, 0x000000070d600000, 0x000000070d800000|  0%| F|  |TAMS 0x000000070d600000| PB 0x000000070d600000| Untracked 
| 108|0x000000070d800000, 0x000000070d800000, 0x000000070da00000|  0%| F|  |TAMS 0x000000070d800000| PB 0x000000070d800000| Untracked 
| 109|0x000000070da00000, 0x000000070da00000, 0x000000070dc00000|  0%| F|  |TAMS 0x000000070da00000| PB 0x000000070da00000| Untracked 
| 110|0x000000070dc00000, 0x000000070dc00000, 0x000000070de00000|  0%| F|  |TAMS 0x000000070dc00000| PB 0x000000070dc00000| Untracked 
| 111|0x000000070de00000, 0x000000070de00000, 0x000000070e000000|  0%| F|  |TAMS 0x000000070de00000| PB 0x000000070de00000| Untracked 
| 112|0x000000070e000000, 0x000000070e000000, 0x000000070e200000|  0%| F|  |TAMS 0x000000070e000000| PB 0x000000070e000000| Untracked 
| 113|0x000000070e200000, 0x000000070e200000, 0x000000070e400000|  0%| F|  |TAMS 0x000000070e200000| PB 0x000000070e200000| Untracked 
| 114|0x000000070e400000, 0x000000070e400000, 0x000000070e600000|  0%| F|  |TAMS 0x000000070e400000| PB 0x000000070e400000| Untracked 
| 115|0x000000070e600000, 0x000000070e600000, 0x000000070e800000|  0%| F|  |TAMS 0x000000070e600000| PB 0x000000070e600000| Untracked 
| 116|0x000000070e800000, 0x000000070e800000, 0x000000070ea00000|  0%| F|  |TAMS 0x000000070e800000| PB 0x000000070e800000| Untracked 
| 117|0x000000070ea00000, 0x000000070ea00000, 0x000000070ec00000|  0%| F|  |TAMS 0x000000070ea00000| PB 0x000000070ea00000| Untracked 
| 118|0x000000070ec00000, 0x000000070ec00000, 0x000000070ee00000|  0%| F|  |TAMS 0x000000070ec00000| PB 0x000000070ec00000| Untracked 
| 119|0x000000070ee00000, 0x000000070ee00000, 0x000000070f000000|  0%| F|  |TAMS 0x000000070ee00000| PB 0x000000070ee00000| Untracked 
| 120|0x000000070f000000, 0x000000070f000000, 0x000000070f200000|  0%| F|  |TAMS 0x000000070f000000| PB 0x000000070f000000| Untracked 
| 121|0x000000070f200000, 0x000000070f200000, 0x000000070f400000|  0%| F|  |TAMS 0x000000070f200000| PB 0x000000070f200000| Untracked 
| 122|0x000000070f400000, 0x000000070f400000, 0x000000070f600000|  0%| F|  |TAMS 0x000000070f400000| PB 0x000000070f400000| Untracked 
| 123|0x000000070f600000, 0x000000070f600000, 0x000000070f800000|  0%| F|  |TAMS 0x000000070f600000| PB 0x000000070f600000| Untracked 
| 124|0x000000070f800000, 0x000000070f800000, 0x000000070fa00000|  0%| F|  |TAMS 0x000000070f800000| PB 0x000000070f800000| Untracked 
| 125|0x000000070fa00000, 0x000000070fa00000, 0x000000070fc00000|  0%| F|  |TAMS 0x000000070fa00000| PB 0x000000070fa00000| Untracked 
| 126|0x000000070fc00000, 0x000000070fc00000, 0x000000070fe00000|  0%| F|  |TAMS 0x000000070fc00000| PB 0x000000070fc00000| Untracked 
| 127|0x000000070fe00000, 0x000000070fe00000, 0x0000000710000000|  0%| F|  |TAMS 0x000000070fe00000| PB 0x000000070fe00000| Untracked 
| 128|0x0000000710000000, 0x0000000710000000, 0x0000000710200000|  0%| F|  |TAMS 0x0000000710000000| PB 0x0000000710000000| Untracked 
| 129|0x0000000710200000, 0x0000000710200000, 0x0000000710400000|  0%| F|  |TAMS 0x0000000710200000| PB 0x0000000710200000| Untracked 
| 130|0x0000000710400000, 0x0000000710400000, 0x0000000710600000|  0%| F|  |TAMS 0x0000000710400000| PB 0x0000000710400000| Untracked 
| 131|0x0000000710600000, 0x0000000710600000, 0x0000000710800000|  0%| F|  |TAMS 0x0000000710600000| PB 0x0000000710600000| Untracked 
| 132|0x0000000710800000, 0x0000000710800000, 0x0000000710a00000|  0%| F|  |TAMS 0x0000000710800000| PB 0x0000000710800000| Untracked 
| 133|0x0000000710a00000, 0x0000000710a00000, 0x0000000710c00000|  0%| F|  |TAMS 0x0000000710a00000| PB 0x0000000710a00000| Untracked 
| 134|0x0000000710c00000, 0x0000000710c00000, 0x0000000710e00000|  0%| F|  |TAMS 0x0000000710c00000| PB 0x0000000710c00000| Untracked 
| 135|0x0000000710e00000, 0x0000000710e00000, 0x0000000711000000|  0%| F|  |TAMS 0x0000000710e00000| PB 0x0000000710e00000| Untracked 
| 136|0x0000000711000000, 0x0000000711000000, 0x0000000711200000|  0%| F|  |TAMS 0x0000000711000000| PB 0x0000000711000000| Untracked 
| 137|0x0000000711200000, 0x0000000711200000, 0x0000000711400000|  0%| F|  |TAMS 0x0000000711200000| PB 0x0000000711200000| Untracked 
| 138|0x0000000711400000, 0x0000000711400000, 0x0000000711600000|  0%| F|  |TAMS 0x0000000711400000| PB 0x0000000711400000| Untracked 
| 139|0x0000000711600000, 0x0000000711600000, 0x0000000711800000|  0%| F|  |TAMS 0x0000000711600000| PB 0x0000000711600000| Untracked 
| 140|0x0000000711800000, 0x0000000711800000, 0x0000000711a00000|  0%| F|  |TAMS 0x0000000711800000| PB 0x0000000711800000| Untracked 
| 141|0x0000000711a00000, 0x0000000711a00000, 0x0000000711c00000|  0%| F|  |TAMS 0x0000000711a00000| PB 0x0000000711a00000| Untracked 
| 142|0x0000000711c00000, 0x0000000711c00000, 0x0000000711e00000|  0%| F|  |TAMS 0x0000000711c00000| PB 0x0000000711c00000| Untracked 
| 143|0x0000000711e00000, 0x0000000711e00000, 0x0000000712000000|  0%| F|  |TAMS 0x0000000711e00000| PB 0x0000000711e00000| Untracked 
| 144|0x0000000712000000, 0x0000000712000000, 0x0000000712200000|  0%| F|  |TAMS 0x0000000712000000| PB 0x0000000712000000| Untracked 
| 145|0x0000000712200000, 0x0000000712200000, 0x0000000712400000|  0%| F|  |TAMS 0x0000000712200000| PB 0x0000000712200000| Untracked 
| 146|0x0000000712400000, 0x0000000712400000, 0x0000000712600000|  0%| F|  |TAMS 0x0000000712400000| PB 0x0000000712400000| Untracked 
| 147|0x0000000712600000, 0x0000000712600000, 0x0000000712800000|  0%| F|  |TAMS 0x0000000712600000| PB 0x0000000712600000| Untracked 
| 148|0x0000000712800000, 0x0000000712800000, 0x0000000712a00000|  0%| F|  |TAMS 0x0000000712800000| PB 0x0000000712800000| Untracked 
| 149|0x0000000712a00000, 0x0000000712a00000, 0x0000000712c00000|  0%| F|  |TAMS 0x0000000712a00000| PB 0x0000000712a00000| Untracked 
| 150|0x0000000712c00000, 0x0000000712c00000, 0x0000000712e00000|  0%| F|  |TAMS 0x0000000712c00000| PB 0x0000000712c00000| Untracked 
| 151|0x0000000712e00000, 0x0000000712e00000, 0x0000000713000000|  0%| F|  |TAMS 0x0000000712e00000| PB 0x0000000712e00000| Untracked 
| 152|0x0000000713000000, 0x0000000713000000, 0x0000000713200000|  0%| F|  |TAMS 0x0000000713000000| PB 0x0000000713000000| Untracked 
| 153|0x0000000713200000, 0x0000000713200000, 0x0000000713400000|  0%| F|  |TAMS 0x0000000713200000| PB 0x0000000713200000| Untracked 
| 154|0x0000000713400000, 0x0000000713400000, 0x0000000713600000|  0%| F|  |TAMS 0x0000000713400000| PB 0x0000000713400000| Untracked 
| 155|0x0000000713600000, 0x0000000713600000, 0x0000000713800000|  0%| F|  |TAMS 0x0000000713600000| PB 0x0000000713600000| Untracked 
| 156|0x0000000713800000, 0x0000000713800000, 0x0000000713a00000|  0%| F|  |TAMS 0x0000000713800000| PB 0x0000000713800000| Untracked 
| 157|0x0000000713a00000, 0x0000000713a00000, 0x0000000713c00000|  0%| F|  |TAMS 0x0000000713a00000| PB 0x0000000713a00000| Untracked 
| 158|0x0000000713c00000, 0x0000000713c00000, 0x0000000713e00000|  0%| F|  |TAMS 0x0000000713c00000| PB 0x0000000713c00000| Untracked 
| 159|0x0000000713e00000, 0x0000000713e00000, 0x0000000714000000|  0%| F|  |TAMS 0x0000000713e00000| PB 0x0000000713e00000| Untracked 
| 160|0x0000000714000000, 0x0000000714000000, 0x0000000714200000|  0%| F|  |TAMS 0x0000000714000000| PB 0x0000000714000000| Untracked 
| 161|0x0000000714200000, 0x0000000714200000, 0x0000000714400000|  0%| F|  |TAMS 0x0000000714200000| PB 0x0000000714200000| Untracked 
| 162|0x0000000714400000, 0x0000000714400000, 0x0000000714600000|  0%| F|  |TAMS 0x0000000714400000| PB 0x0000000714400000| Untracked 
| 163|0x0000000714600000, 0x0000000714600000, 0x0000000714800000|  0%| F|  |TAMS 0x0000000714600000| PB 0x0000000714600000| Untracked 
| 164|0x0000000714800000, 0x0000000714800000, 0x0000000714a00000|  0%| F|  |TAMS 0x0000000714800000| PB 0x0000000714800000| Untracked 
| 165|0x0000000714a00000, 0x0000000714a00000, 0x0000000714c00000|  0%| F|  |TAMS 0x0000000714a00000| PB 0x0000000714a00000| Untracked 
| 166|0x0000000714c00000, 0x0000000714c00000, 0x0000000714e00000|  0%| F|  |TAMS 0x0000000714c00000| PB 0x0000000714c00000| Untracked 
| 167|0x0000000714e00000, 0x0000000714e00000, 0x0000000715000000|  0%| F|  |TAMS 0x0000000714e00000| PB 0x0000000714e00000| Untracked 
| 168|0x0000000715000000, 0x0000000715000000, 0x0000000715200000|  0%| F|  |TAMS 0x0000000715000000| PB 0x0000000715000000| Untracked 
| 169|0x0000000715200000, 0x0000000715200000, 0x0000000715400000|  0%| F|  |TAMS 0x0000000715200000| PB 0x0000000715200000| Untracked 
| 170|0x0000000715400000, 0x0000000715400000, 0x0000000715600000|  0%| F|  |TAMS 0x0000000715400000| PB 0x0000000715400000| Untracked 
| 171|0x0000000715600000, 0x0000000715600000, 0x0000000715800000|  0%| F|  |TAMS 0x0000000715600000| PB 0x0000000715600000| Untracked 
| 172|0x0000000715800000, 0x0000000715800000, 0x0000000715a00000|  0%| F|  |TAMS 0x0000000715800000| PB 0x0000000715800000| Untracked 
| 173|0x0000000715a00000, 0x0000000715a00000, 0x0000000715c00000|  0%| F|  |TAMS 0x0000000715a00000| PB 0x0000000715a00000| Untracked 
| 174|0x0000000715c00000, 0x0000000715c00000, 0x0000000715e00000|  0%| F|  |TAMS 0x0000000715c00000| PB 0x0000000715c00000| Untracked 
| 175|0x0000000715e00000, 0x0000000715e00000, 0x0000000716000000|  0%| F|  |TAMS 0x0000000715e00000| PB 0x0000000715e00000| Untracked 
| 176|0x0000000716000000, 0x0000000716000000, 0x0000000716200000|  0%| F|  |TAMS 0x0000000716000000| PB 0x0000000716000000| Untracked 
| 177|0x0000000716200000, 0x0000000716200000, 0x0000000716400000|  0%| F|  |TAMS 0x0000000716200000| PB 0x0000000716200000| Untracked 
| 178|0x0000000716400000, 0x0000000716400000, 0x0000000716600000|  0%| F|  |TAMS 0x0000000716400000| PB 0x0000000716400000| Untracked 
| 179|0x0000000716600000, 0x0000000716600000, 0x0000000716800000|  0%| F|  |TAMS 0x0000000716600000| PB 0x0000000716600000| Untracked 
| 180|0x0000000716800000, 0x0000000716800000, 0x0000000716a00000|  0%| F|  |TAMS 0x0000000716800000| PB 0x0000000716800000| Untracked 
| 181|0x0000000716a00000, 0x0000000716a00000, 0x0000000716c00000|  0%| F|  |TAMS 0x0000000716a00000| PB 0x0000000716a00000| Untracked 
| 182|0x0000000716c00000, 0x0000000716c00000, 0x0000000716e00000|  0%| F|  |TAMS 0x0000000716c00000| PB 0x0000000716c00000| Untracked 
| 183|0x0000000716e00000, 0x0000000716e00000, 0x0000000717000000|  0%| F|  |TAMS 0x0000000716e00000| PB 0x0000000716e00000| Untracked 
| 184|0x0000000717000000, 0x0000000717000000, 0x0000000717200000|  0%| F|  |TAMS 0x0000000717000000| PB 0x0000000717000000| Untracked 
| 185|0x0000000717200000, 0x0000000717200000, 0x0000000717400000|  0%| F|  |TAMS 0x0000000717200000| PB 0x0000000717200000| Untracked 
| 186|0x0000000717400000, 0x0000000717400000, 0x0000000717600000|  0%| F|  |TAMS 0x0000000717400000| PB 0x0000000717400000| Untracked 
| 187|0x0000000717600000, 0x0000000717600000, 0x0000000717800000|  0%| F|  |TAMS 0x0000000717600000| PB 0x0000000717600000| Untracked 
| 188|0x0000000717800000, 0x0000000717800000, 0x0000000717a00000|  0%| F|  |TAMS 0x0000000717800000| PB 0x0000000717800000| Untracked 
| 189|0x0000000717a00000, 0x0000000717a00000, 0x0000000717c00000|  0%| F|  |TAMS 0x0000000717a00000| PB 0x0000000717a00000| Untracked 
| 190|0x0000000717c00000, 0x0000000717c00000, 0x0000000717e00000|  0%| F|  |TAMS 0x0000000717c00000| PB 0x0000000717c00000| Untracked 
| 191|0x0000000717e00000, 0x0000000717e00000, 0x0000000718000000|  0%| F|  |TAMS 0x0000000717e00000| PB 0x0000000717e00000| Untracked 
| 192|0x0000000718000000, 0x0000000718000000, 0x0000000718200000|  0%| F|  |TAMS 0x0000000718000000| PB 0x0000000718000000| Untracked 
| 193|0x0000000718200000, 0x0000000718200000, 0x0000000718400000|  0%| F|  |TAMS 0x0000000718200000| PB 0x0000000718200000| Untracked 
| 194|0x0000000718400000, 0x0000000718400000, 0x0000000718600000|  0%| F|  |TAMS 0x0000000718400000| PB 0x0000000718400000| Untracked 
| 195|0x0000000718600000, 0x0000000718600000, 0x0000000718800000|  0%| F|  |TAMS 0x0000000718600000| PB 0x0000000718600000| Untracked 
| 196|0x0000000718800000, 0x0000000718800000, 0x0000000718a00000|  0%| F|  |TAMS 0x0000000718800000| PB 0x0000000718800000| Untracked 
| 197|0x0000000718a00000, 0x0000000718a00000, 0x0000000718c00000|  0%| F|  |TAMS 0x0000000718a00000| PB 0x0000000718a00000| Untracked 
| 198|0x0000000718c00000, 0x0000000718c00000, 0x0000000718e00000|  0%| F|  |TAMS 0x0000000718c00000| PB 0x0000000718c00000| Untracked 
| 199|0x0000000718e00000, 0x0000000718e00000, 0x0000000719000000|  0%| F|  |TAMS 0x0000000718e00000| PB 0x0000000718e00000| Untracked 
| 200|0x0000000719000000, 0x0000000719000000, 0x0000000719200000|  0%| F|  |TAMS 0x0000000719000000| PB 0x0000000719000000| Untracked 
| 201|0x0000000719200000, 0x0000000719200000, 0x0000000719400000|  0%| F|  |TAMS 0x0000000719200000| PB 0x0000000719200000| Untracked 
| 202|0x0000000719400000, 0x0000000719400000, 0x0000000719600000|  0%| F|  |TAMS 0x0000000719400000| PB 0x0000000719400000| Untracked 
| 203|0x0000000719600000, 0x0000000719600000, 0x0000000719800000|  0%| F|  |TAMS 0x0000000719600000| PB 0x0000000719600000| Untracked 
| 204|0x0000000719800000, 0x0000000719800000, 0x0000000719a00000|  0%| F|  |TAMS 0x0000000719800000| PB 0x0000000719800000| Untracked 
| 205|0x0000000719a00000, 0x0000000719a00000, 0x0000000719c00000|  0%| F|  |TAMS 0x0000000719a00000| PB 0x0000000719a00000| Untracked 
| 206|0x0000000719c00000, 0x0000000719c00000, 0x0000000719e00000|  0%| F|  |TAMS 0x0000000719c00000| PB 0x0000000719c00000| Untracked 
| 207|0x0000000719e00000, 0x0000000719e00000, 0x000000071a000000|  0%| F|  |TAMS 0x0000000719e00000| PB 0x0000000719e00000| Untracked 
| 208|0x000000071a000000, 0x000000071a000000, 0x000000071a200000|  0%| F|  |TAMS 0x000000071a000000| PB 0x000000071a000000| Untracked 
| 209|0x000000071a200000, 0x000000071a200000, 0x000000071a400000|  0%| F|  |TAMS 0x000000071a200000| PB 0x000000071a200000| Untracked 
| 210|0x000000071a400000, 0x000000071a400000, 0x000000071a600000|  0%| F|  |TAMS 0x000000071a400000| PB 0x000000071a400000| Untracked 
| 211|0x000000071a600000, 0x000000071a600000, 0x000000071a800000|  0%| F|  |TAMS 0x000000071a600000| PB 0x000000071a600000| Untracked 
| 212|0x000000071a800000, 0x000000071a800000, 0x000000071aa00000|  0%| F|  |TAMS 0x000000071a800000| PB 0x000000071a800000| Untracked 
| 213|0x000000071aa00000, 0x000000071aa00000, 0x000000071ac00000|  0%| F|  |TAMS 0x000000071aa00000| PB 0x000000071aa00000| Untracked 
| 214|0x000000071ac00000, 0x000000071ac00000, 0x000000071ae00000|  0%| F|  |TAMS 0x000000071ac00000| PB 0x000000071ac00000| Untracked 
| 215|0x000000071ae00000, 0x000000071ae00000, 0x000000071b000000|  0%| F|  |TAMS 0x000000071ae00000| PB 0x000000071ae00000| Untracked 
| 216|0x000000071b000000, 0x000000071b000000, 0x000000071b200000|  0%| F|  |TAMS 0x000000071b000000| PB 0x000000071b000000| Untracked 
| 217|0x000000071b200000, 0x000000071b200000, 0x000000071b400000|  0%| F|  |TAMS 0x000000071b200000| PB 0x000000071b200000| Untracked 
| 218|0x000000071b400000, 0x000000071b400000, 0x000000071b600000|  0%| F|  |TAMS 0x000000071b400000| PB 0x000000071b400000| Untracked 
| 219|0x000000071b600000, 0x000000071b600000, 0x000000071b800000|  0%| F|  |TAMS 0x000000071b600000| PB 0x000000071b600000| Untracked 
| 220|0x000000071b800000, 0x000000071b800000, 0x000000071ba00000|  0%| F|  |TAMS 0x000000071b800000| PB 0x000000071b800000| Untracked 
| 221|0x000000071ba00000, 0x000000071ba00000, 0x000000071bc00000|  0%| F|  |TAMS 0x000000071ba00000| PB 0x000000071ba00000| Untracked 
| 222|0x000000071bc00000, 0x000000071bc00000, 0x000000071be00000|  0%| F|  |TAMS 0x000000071bc00000| PB 0x000000071bc00000| Untracked 
| 223|0x000000071be00000, 0x000000071be00000, 0x000000071c000000|  0%| F|  |TAMS 0x000000071be00000| PB 0x000000071be00000| Untracked 
| 224|0x000000071c000000, 0x000000071c000000, 0x000000071c200000|  0%| F|  |TAMS 0x000000071c000000| PB 0x000000071c000000| Untracked 
| 225|0x000000071c200000, 0x000000071c200000, 0x000000071c400000|  0%| F|  |TAMS 0x000000071c200000| PB 0x000000071c200000| Untracked 
| 226|0x000000071c400000, 0x000000071c400000, 0x000000071c600000|  0%| F|  |TAMS 0x000000071c400000| PB 0x000000071c400000| Untracked 
| 227|0x000000071c600000, 0x000000071c600000, 0x000000071c800000|  0%| F|  |TAMS 0x000000071c600000| PB 0x000000071c600000| Untracked 
| 228|0x000000071c800000, 0x000000071c800000, 0x000000071ca00000|  0%| F|  |TAMS 0x000000071c800000| PB 0x000000071c800000| Untracked 
| 229|0x000000071ca00000, 0x000000071ca00000, 0x000000071cc00000|  0%| F|  |TAMS 0x000000071ca00000| PB 0x000000071ca00000| Untracked 
| 230|0x000000071cc00000, 0x000000071cc00000, 0x000000071ce00000|  0%| F|  |TAMS 0x000000071cc00000| PB 0x000000071cc00000| Untracked 
| 231|0x000000071ce00000, 0x000000071ce00000, 0x000000071d000000|  0%| F|  |TAMS 0x000000071ce00000| PB 0x000000071ce00000| Untracked 
| 232|0x000000071d000000, 0x000000071d000000, 0x000000071d200000|  0%| F|  |TAMS 0x000000071d000000| PB 0x000000071d000000| Untracked 
| 233|0x000000071d200000, 0x000000071d200000, 0x000000071d400000|  0%| F|  |TAMS 0x000000071d200000| PB 0x000000071d200000| Untracked 
| 234|0x000000071d400000, 0x000000071d400000, 0x000000071d600000|  0%| F|  |TAMS 0x000000071d400000| PB 0x000000071d400000| Untracked 
| 235|0x000000071d600000, 0x000000071d600000, 0x000000071d800000|  0%| F|  |TAMS 0x000000071d600000| PB 0x000000071d600000| Untracked 
| 236|0x000000071d800000, 0x000000071d800000, 0x000000071da00000|  0%| F|  |TAMS 0x000000071d800000| PB 0x000000071d800000| Untracked 
| 237|0x000000071da00000, 0x000000071da00000, 0x000000071dc00000|  0%| F|  |TAMS 0x000000071da00000| PB 0x000000071da00000| Untracked 
| 238|0x000000071dc00000, 0x000000071dc00000, 0x000000071de00000|  0%| F|  |TAMS 0x000000071dc00000| PB 0x000000071dc00000| Untracked 
| 239|0x000000071de00000, 0x000000071de00000, 0x000000071e000000|  0%| F|  |TAMS 0x000000071de00000| PB 0x000000071de00000| Untracked 
| 240|0x000000071e000000, 0x000000071e000000, 0x000000071e200000|  0%| F|  |TAMS 0x000000071e000000| PB 0x000000071e000000| Untracked 
| 241|0x000000071e200000, 0x000000071e200000, 0x000000071e400000|  0%| F|  |TAMS 0x000000071e200000| PB 0x000000071e200000| Untracked 
| 242|0x000000071e400000, 0x000000071e400000, 0x000000071e600000|  0%| F|  |TAMS 0x000000071e400000| PB 0x000000071e400000| Untracked 
| 243|0x000000071e600000, 0x000000071e700970, 0x000000071e800000| 50%| E|  |TAMS 0x000000071e600000| PB 0x000000071e600000| Complete 
| 244|0x000000071e800000, 0x000000071ea00000, 0x000000071ea00000|100%| E|CS|TAMS 0x000000071e800000| PB 0x000000071e800000| Complete 
| 245|0x000000071ea00000, 0x000000071ec00000, 0x000000071ec00000|100%| E|CS|TAMS 0x000000071ea00000| PB 0x000000071ea00000| Complete 
| 246|0x000000071ec00000, 0x000000071ee00000, 0x000000071ee00000|100%| E|CS|TAMS 0x000000071ec00000| PB 0x000000071ec00000| Complete 
| 247|0x000000071ee00000, 0x000000071f000000, 0x000000071f000000|100%| E|CS|TAMS 0x000000071ee00000| PB 0x000000071ee00000| Complete 
| 248|0x000000071f000000, 0x000000071f200000, 0x000000071f200000|100%| E|CS|TAMS 0x000000071f000000| PB 0x000000071f000000| Complete 
| 249|0x000000071f200000, 0x000000071f400000, 0x000000071f400000|100%| E|CS|TAMS 0x000000071f200000| PB 0x000000071f200000| Complete 
| 250|0x000000071f400000, 0x000000071f600000, 0x000000071f600000|100%| E|CS|TAMS 0x000000071f400000| PB 0x000000071f400000| Complete 
| 251|0x000000071f600000, 0x000000071f800000, 0x000000071f800000|100%| E|CS|TAMS 0x000000071f600000| PB 0x000000071f600000| Complete 
| 252|0x000000071f800000, 0x000000071fa00000, 0x000000071fa00000|100%| E|CS|TAMS 0x000000071f800000| PB 0x000000071f800000| Complete 
| 253|0x000000071fa00000, 0x000000071fc00000, 0x000000071fc00000|100%| E|CS|TAMS 0x000000071fa00000| PB 0x000000071fa00000| Complete 
| 254|0x000000071fc00000, 0x000000071fe00000, 0x000000071fe00000|100%| E|CS|TAMS 0x000000071fc00000| PB 0x000000071fc00000| Complete 
| 255|0x000000071fe00000, 0x0000000720000000, 0x0000000720000000|100%| E|CS|TAMS 0x000000071fe00000| PB 0x000000071fe00000| Complete 

Card table byte_map: [0x0000027ba38b0000,0x0000027ba40b0000] _byte_map_base: 0x0000027ba00b0000

Marking Bits: (CMBitMap*) 0x0000027b8b4429d0
 Bits: [0x0000027ba40b0000, 0x0000027ba80b0000)

Polling page: 0x0000027b89310000

Metaspace:

Usage:
  Non-class:     12.50 MB used.
      Class:      1.54 MB used.
       Both:     14.04 MB used.

Virtual space:
  Non-class space:       64.00 MB reserved,      12.62 MB ( 20%) committed,  1 nodes.
      Class space:        1.00 GB reserved,       1.69 MB ( <1%) committed,  1 nodes.
             Both:        1.06 GB reserved,      14.31 MB (  1%) committed. 

Chunk freelists:
   Non-Class:  2.86 MB
       Class:  14.22 MB
        Both:  17.08 MB

MaxMetaspaceSize: unlimited
CompressedClassSpaceSize: 1.00 GB
Initial GC threshold: 21.00 MB
Current GC threshold: 21.00 MB
CDS: on
 - commit_granule_bytes: 65536.
 - commit_granule_words: 8192.
 - virtual_space_node_default_size: 8388608.
 - enlarge_chunks_in_place: 1.
 - use_allocation_guard: 0.


Internal statistics:

num_allocs_failed_limit: 0.
num_arena_births: 202.
num_arena_deaths: 0.
num_vsnodes_births: 2.
num_vsnodes_deaths: 0.
num_space_committed: 229.
num_space_uncommitted: 0.
num_chunks_returned_to_freelist: 0.
num_chunks_taken_from_freelist: 310.
num_chunk_merges: 0.
num_chunk_splits: 174.
num_chunks_enlarged: 79.
num_inconsistent_stats: 0.

CodeHeap 'non-profiled nmethods': size=119168Kb used=1147Kb max_used=1147Kb free=118020Kb
 bounds [0x0000027b9b3d0000, 0x0000027b9b640000, 0x0000027ba2830000]
CodeHeap 'profiled nmethods': size=119104Kb used=4631Kb max_used=4631Kb free=114472Kb
 bounds [0x0000027b93830000, 0x0000027b93cc0000, 0x0000027b9ac80000]
CodeHeap 'non-nmethods': size=7488Kb used=3360Kb max_used=3410Kb free=4127Kb
 bounds [0x0000027b9ac80000, 0x0000027b9afe0000, 0x0000027b9b3d0000]
 total_blobs=3244 nmethods=2529 adapters=616
 compilation: enabled
              stopped_count=0, restarted_count=0
 full_count=0

Compilation events (20 events):
Event: 1.938 Thread 0x0000027bab25bbd0 2507       3       sun.awt.SunToolkit::getSystemEventQueueImpl (4 bytes)
Event: 1.938 Thread 0x0000027bab251d10 2508       3       sun.awt.SunToolkit::getSystemEventQueueImplPP (7 bytes)
Event: 1.938 Thread 0x0000027babaa6430 2509       3       java.awt.Toolkit::getEventQueue (7 bytes)
Event: 1.938 Thread 0x0000027bab06d300 2510       3       java.util.LinkedList::listIterator (15 bytes)
Event: 1.939 Thread 0x0000027bab25bbd0 nmethod 2507 0x0000027b93caf290 code [0x0000027b93caf460, 0x0000027b93caf788]
Event: 1.939 Thread 0x0000027babaa6430 nmethod 2509 0x0000027b93caf910 code [0x0000027b93cafb00, 0x0000027b93caff20]
Event: 1.939 Thread 0x0000027bab251d10 nmethod 2508 0x0000027b93cb0110 code [0x0000027b93cb02e0, 0x0000027b93cb0590]
Event: 1.939 Thread 0x0000027babaa6430 2511       3       java.util.LinkedList$ListItr::<init> (47 bytes)
Event: 1.939 Thread 0x0000027bab25bbd0 2512       3       java.util.AbstractList::listIterator (6 bytes)
Event: 1.939 Thread 0x0000027bab06d300 nmethod 2510 0x0000027b93cb0690 code [0x0000027b93cb0880, 0x0000027b93cb0d08]
Event: 1.939 Thread 0x0000027bab25bbd0 nmethod 2512 0x0000027b93cb0e90 code [0x0000027b93cb1040, 0x0000027b93cb1218]
Event: 1.939 Thread 0x0000027babaa6430 nmethod 2511 0x0000027b93cb1290 code [0x0000027b93cb1460, 0x0000027b93cb1770]
Event: 1.941 Thread 0x0000027babaa6430 2513       1       java.awt.Window::isShowing (5 bytes)
Event: 1.941 Thread 0x0000027bab251d10 2514       1       javax.swing.JComponent::isManagingFocus (2 bytes)
Event: 1.941 Thread 0x0000027bab06d300 2515       3       java.util.ArrayList$ListItr::hasPrevious (13 bytes)
Event: 1.941 Thread 0x0000027bab25bbd0 2516       3       java.util.ArrayList$ListItr::previous (59 bytes)
Event: 1.941 Thread 0x0000027bab251d10 nmethod 2514 0x0000027b9b4ecd90 code [0x0000027b9b4ecf20, 0x0000027b9b4ecfe8]
Event: 1.941 Thread 0x0000027babaa6430 nmethod 2513 0x0000027b9b4ed090 code [0x0000027b9b4ed220, 0x0000027b9b4ed2f0]
Event: 1.941 Thread 0x0000027bab06d300 nmethod 2515 0x0000027b93cb1890 code [0x0000027b93cb1a20, 0x0000027b93cb1b90]
Event: 1.941 Thread 0x0000027bab25bbd0 nmethod 2516 0x0000027b93cb1c10 code [0x0000027b93cb1e00, 0x0000027b93cb21d8]

GC Heap History (6 events):
Event: 0.592 GC heap before
{Heap before GC invocations=0 (full 0):
 garbage-first heap   total 524288K, used 26624K [0x0000000700000000, 0x0000000800000000)
  region size 2048K, 12 young (24576K), 0 survivors (0K)
 Metaspace       used 11605K, committed 11776K, reserved 1114112K
  class space    used 1302K, committed 1408K, reserved 1048576K
}
Event: 0.597 GC heap after
{Heap after GC invocations=1 (full 0):
 garbage-first heap   total 524288K, used 7004K [0x0000000700000000, 0x0000000800000000)
  region size 2048K, 2 young (4096K), 2 survivors (4096K)
 Metaspace       used 11605K, committed 11776K, reserved 1114112K
  class space    used 1302K, committed 1408K, reserved 1048576K
}
Event: 0.739 GC heap before
{Heap before GC invocations=1 (full 0):
 garbage-first heap   total 524288K, used 39772K [0x0000000700000000, 0x0000000800000000)
  region size 2048K, 17 young (34816K), 2 survivors (4096K)
 Metaspace       used 12904K, committed 13120K, reserved 1114112K
  class space    used 1455K, committed 1536K, reserved 1048576K
}
Event: 0.741 GC heap after
{Heap after GC invocations=2 (full 0):
 garbage-first heap   total 524288K, used 9874K [0x0000000700000000, 0x0000000800000000)
  region size 2048K, 1 young (2048K), 1 survivors (2048K)
 Metaspace       used 12904K, committed 13120K, reserved 1114112K
  class space    used 1455K, committed 1536K, reserved 1048576K
}
Event: 1.894 GC heap before
{Heap before GC invocations=2 (full 0):
 garbage-first heap   total 524288K, used 364178K [0x0000000700000000, 0x0000000800000000)
  region size 2048K, 153 young (313344K), 1 survivors (2048K)
 Metaspace       used 14318K, committed 14592K, reserved 1114112K
  class space    used 1580K, committed 1728K, reserved 1048576K
}
Event: 1.897 GC heap after
{Heap after GC invocations=3 (full 0):
 garbage-first heap   total 524288K, used 63274K [0x0000000700000000, 0x0000000800000000)
  region size 2048K, 6 young (12288K), 6 survivors (12288K)
 Metaspace       used 14318K, committed 14592K, reserved 1114112K
  class space    used 1580K, committed 1728K, reserved 1048576K
}

Dll operation events (12 events):
Event: 0.006 Loaded shared library C:\Program Files\Java\jdk-21\bin\java.dll
Event: 0.033 Loaded shared library C:\Program Files\Java\jdk-21\bin\jsvml.dll
Event: 0.059 Loaded shared library C:\Program Files\Java\jdk-21\bin\net.dll
Event: 0.060 Loaded shared library C:\Program Files\Java\jdk-21\bin\nio.dll
Event: 0.076 Loaded shared library C:\Program Files\Java\jdk-21\bin\zip.dll
Event: 0.097 Loaded shared library C:\Program Files\Java\jdk-21\bin\jimage.dll
Event: 0.100 Loaded shared library C:\Program Files\Java\jdk-21\bin\awt.dll
Event: 0.384 Loaded shared library C:\Program Files\Java\jdk-21\bin\freetype.dll
Event: 0.385 Loaded shared library C:\Program Files\Java\jdk-21\bin\fontmanager.dll
Event: 0.548 Loaded shared library C:\Program Files\Java\jdk-21\bin\javajpeg.dll
Event: 0.692 Loaded shared library C:\Program Files\Java\jdk-21\bin\verify.dll
Event: 0.706 Loaded shared library C:\Program Files\Java\jdk-21\bin\jsound.dll

Deoptimization events (20 events):
Event: 1.905 Thread 0x0000027bf7a8fc40 DEOPT PACKING pc=0x0000027b93c5ed66 sp=0x0000007eb38fe590
Event: 1.905 Thread 0x0000027bf7bb7e20 DEOPT PACKING pc=0x0000027b93c5ed66 sp=0x0000007eb3ffe450
Event: 1.905 Thread 0x0000027bf7bb7790 DEOPT PACKING pc=0x0000027b93c5ed66 sp=0x0000007eb41fe290
Event: 1.905 Thread 0x0000027bf7a8fc40 DEOPT UNPACKING pc=0x0000027b9acd4e42 sp=0x0000007eb38fda20 mode 0
Event: 1.905 Thread 0x0000027bf7bb7790 DEOPT UNPACKING pc=0x0000027b9acd4e42 sp=0x0000007eb41fd720 mode 0
Event: 1.905 Thread 0x0000027bf7bb7e20 DEOPT UNPACKING pc=0x0000027b9acd4e42 sp=0x0000007eb3ffd8e0 mode 0
Event: 1.905 Thread 0x0000027bf7bb7e20 DEOPT PACKING pc=0x0000027b93c7c2d4 sp=0x0000007eb3ffe4c0
Event: 1.906 Thread 0x0000027bf7bb7e20 DEOPT UNPACKING pc=0x0000027b9acd4e42 sp=0x0000007eb3ffd938 mode 0
Event: 1.907 Thread 0x0000027bf7bb7e20 DEOPT PACKING pc=0x0000027b93c5ed66 sp=0x0000007eb3ffe450
Event: 1.907 Thread 0x0000027bf7bb7e20 DEOPT UNPACKING pc=0x0000027b9acd4e42 sp=0x0000007eb3ffd8e0 mode 0
Event: 1.908 Thread 0x0000027bf7a8fc40 DEOPT PACKING pc=0x0000027b93c7c2d4 sp=0x0000007eb38fe600
Event: 1.908 Thread 0x0000027bf7a8fc40 DEOPT UNPACKING pc=0x0000027b9acd4e42 sp=0x0000007eb38fda78 mode 0
Event: 1.908 Thread 0x0000027bf7bb7790 DEOPT PACKING pc=0x0000027b93c5ed66 sp=0x0000007eb41fe290
Event: 1.908 Thread 0x0000027bf7bb7790 DEOPT UNPACKING pc=0x0000027b9acd4e42 sp=0x0000007eb41fd720 mode 0
Event: 1.909 Thread 0x0000027bf7a8fc40 DEOPT PACKING pc=0x0000027b93c5ed66 sp=0x0000007eb38fe590
Event: 1.909 Thread 0x0000027bf7bb7e20 DEOPT PACKING pc=0x0000027b93c7c2d4 sp=0x0000007eb3ffe4c0
Event: 1.909 Thread 0x0000027bf7a8fc40 DEOPT UNPACKING pc=0x0000027b9acd4e42 sp=0x0000007eb38fda20 mode 0
Event: 1.909 Thread 0x0000027bf7bb7e20 DEOPT UNPACKING pc=0x0000027b9acd4e42 sp=0x0000007eb3ffd938 mode 0
Event: 1.909 Thread 0x0000027bf7bb7e20 DEOPT PACKING pc=0x0000027b93c7c2d4 sp=0x0000007eb3ffe4c0
Event: 1.909 Thread 0x0000027bf7bb7e20 DEOPT UNPACKING pc=0x0000027b9acd4e42 sp=0x0000007eb3ffd938 mode 0

Classes loaded (20 events):
Event: 1.874 Loading class java/awt/ModalEventFilter$1
Event: 1.874 Loading class java/awt/ModalEventFilter$1 done
Event: 1.874 Loading class java/awt/ModalEventFilter$ApplicationModalEventFilter
Event: 1.874 Loading class java/awt/ModalEventFilter$ApplicationModalEventFilter done
Event: 1.874 Loading class sun/awt/ModalityEvent
Event: 1.875 Loading class sun/awt/ModalityEvent done
Event: 1.875 Loading class java/util/Vector$Itr
Event: 1.875 Loading class java/util/Vector$Itr done
Event: 1.877 Loading class java/awt/WaitDispatchSupport
Event: 1.877 Loading class java/awt/SecondaryLoop
Event: 1.877 Loading class java/awt/SecondaryLoop done
Event: 1.877 Loading class java/awt/WaitDispatchSupport done
Event: 1.877 Loading class java/awt/WaitDispatchSupport$5
Event: 1.877 Loading class java/awt/WaitDispatchSupport$5 done
Event: 1.877 Loading class java/awt/WaitDispatchSupport$1
Event: 1.877 Loading class java/awt/WaitDispatchSupport$1 done
Event: 1.877 Loading class java/awt/WaitDispatchSupport$2
Event: 1.877 Loading class java/awt/WaitDispatchSupport$2 done
Event: 1.877 Loading class java/awt/WaitDispatchSupport$4
Event: 1.877 Loading class java/awt/WaitDispatchSupport$4 done

Classes unloaded (0 events):
No events

Classes redefined (0 events):
No events

Internal exceptions (20 events):
Event: 0.260 Thread 0x0000027bab608a80 Exception <a 'java/lang/NoSuchMethodError'{0x000000071f8d7b08}: 'java.lang.Object java.lang.invoke.DirectMethodHandle$Holder.newInvokeSpecial(java.lang.Object, java.lang.Object, java.lang.Object, java.lang.Object, java.lang.Object)'> (0x000000071f8d7b08) 
thrown [s\open\src\hotspot\share\interpreter\linkResolver.cpp, line 773]
Event: 0.265 Thread 0x0000027bab608a80 Exception <a 'java/lang/NoSuchMethodError'{0x000000071f903930}: 'java.lang.Object java.lang.invoke.DirectMethodHandle$Holder.invokeStatic(java.lang.Object, int, java.lang.Object)'> (0x000000071f903930) 
thrown [s\open\src\hotspot\share\interpreter\linkResolver.cpp, line 773]
Event: 0.282 Thread 0x0000027bab608a80 Exception <a 'java/lang/ClassNotFoundException'{0x000000071f9a2fd0}: com/sun/swing/internal/plaf/metal/resources/spi/metalProvider> (0x000000071f9a2fd0) 
thrown [s\open\src\hotspot\share\classfile\systemDictionary.cpp, line 312]
Event: 0.283 Thread 0x0000027bab608a80 Exception <a 'java/lang/ClassNotFoundException'{0x000000071f9a6f80}: com/sun/swing/internal/plaf/basic/resources/spi/basicProvider> (0x000000071f9a6f80) 
thrown [s\open\src\hotspot\share\classfile\systemDictionary.cpp, line 312]
Event: 0.290 Thread 0x0000027bab608a80 Exception <a 'java/lang/NoSuchMethodError'{0x000000071f9c6100}: 'int java.lang.invoke.Invokers$Holder.invokeExact_MT(java.lang.Object, java.lang.Object)'> (0x000000071f9c6100) 
thrown [s\open\src\hotspot\share\interpreter\linkResolver.cpp, line 773]
Event: 0.361 Thread 0x0000027babb06100 Exception <a 'java/lang/NoSuchMethodError'{0x000000071f426af0}: 'java.lang.Object java.lang.invoke.DirectMethodHandle$Holder.newInvokeSpecial(java.lang.Object, java.lang.Object, java.lang.Object, int, int, int, int, int)'> (0x000000071f426af0) 
thrown [s\open\src\hotspot\share\interpreter\linkResolver.cpp, line 773]
Event: 0.381 Thread 0x0000027bab608a80 Exception <a 'java/lang/NoSuchMethodError'{0x000000071f4faf40}: 'void java.lang.invoke.DirectMethodHandle$Holder.invokeStatic(java.lang.Object, java.lang.Object, java.lang.Object)'> (0x000000071f4faf40) 
thrown [s\open\src\hotspot\share\interpreter\linkResolver.cpp, line 773]
Event: 0.382 Thread 0x0000027bab608a80 Exception <a 'java/lang/NoSuchMethodError'{0x000000071f500d10}: 'void java.lang.invoke.DirectMethodHandle$Holder.invokeStatic(java.lang.Object, java.lang.Object)'> (0x000000071f500d10) 
thrown [s\open\src\hotspot\share\interpreter\linkResolver.cpp, line 773]
Event: 0.456 Thread 0x0000027bab608a80 Exception <a 'java/lang/NoSuchMethodError'{0x000000071f5e9c68}: 'void java.lang.invoke.DirectMethodHandle$Holder.invokeSpecial(java.lang.Object, java.lang.Object, int)'> (0x000000071f5e9c68) 
thrown [s\open\src\hotspot\share\interpreter\linkResolver.cpp, line 773]
Event: 0.465 Thread 0x0000027bab5f5790 Exception <a 'java/lang/NoSuchMethodError'{0x000000071fbfab48}: 'void java.lang.invoke.DirectMethodHandle$Holder.invokeVirtual(java.lang.Object, java.lang.Object)'> (0x000000071fbfab48) 
thrown [s\open\src\hotspot\share\interpreter\linkResolver.cpp, line 773]
Event: 0.482 Thread 0x0000027bab608a80 Exception <a 'java/lang/NoSuchMethodError'{0x000000071f228ef8}: 'void java.lang.invoke.DirectMethodHandle$Holder.invokeStaticInit(java.lang.Object)'> (0x000000071f228ef8) 
thrown [s\open\src\hotspot\share\interpreter\linkResolver.cpp, line 773]
Event: 0.515 Thread 0x0000027bf74a6bc0 Exception <a 'java/lang/NoSuchMethodError'{0x000000071ee1c618}: 'java.lang.Object java.lang.invoke.DirectMethodHandle$Holder.invokeStaticInit(java.lang.Object, int, int, int, int)'> (0x000000071ee1c618) 
thrown [s\open\src\hotspot\share\interpreter\linkResolver.cpp, line 773]
Event: 0.539 Thread 0x0000027bf74a6bc0 Exception <a 'java/lang/NoSuchMethodError'{0x000000071ef1f860}: 'java.lang.Object java.lang.invoke.DirectMethodHandle$Holder.invokeStaticInit(java.lang.Object, java.lang.Object, int, int, int, int)'> (0x000000071ef1f860) 
thrown [s\open\src\hotspot\share\interpreter\linkResolver.cpp, line 773]
Event: 0.766 Thread 0x0000027bab608a80 Exception <a 'java/lang/NoSuchMethodError'{0x000000071fe1d9d0}: 'java.lang.Object java.lang.invoke.DirectMethodHandle$Holder.newInvokeSpecial(java.lang.Object, java.lang.Object, java.lang.Object, java.lang.Object, int)'> (0x000000071fe1d9d0) 
thrown [s\open\src\hotspot\share\interpreter\linkResolver.cpp, line 773]
Event: 0.766 Thread 0x0000027bab608a80 Exception <a 'java/lang/NoSuchMethodError'{0x000000071fe21c68}: 'java.lang.Object java.lang.invoke.DirectMethodHandle$Holder.invokeSpecial(java.lang.Object, java.lang.Object, java.lang.Object, java.lang.Object, java.lang.Object, int)'> (0x000000071fe21c68) 
thrown [s\open\src\hotspot\share\interpreter\linkResolver.cpp, line 773]
Event: 0.766 Thread 0x0000027bab608a80 Exception <a 'java/lang/NoSuchMethodError'{0x000000071fe256d8}: 'java.lang.Object java.lang.invoke.Invokers$Holder.linkToTargetMethod(java.lang.Object, java.lang.Object, java.lang.Object, int, java.lang.Object)'> (0x000000071fe256d8) 
thrown [s\open\src\hotspot\share\interpreter\linkResolver.cpp, line 773]
Event: 0.769 Thread 0x0000027babb06100 Implicit null exception at 0x0000027b9b453faa to 0x0000027b9b454138
Event: 0.777 Thread 0x0000027bf7a923a0 Exception <a 'java/lang/NoSuchMethodError'{0x000000071f70bd78}: 'java.lang.Object java.lang.invoke.DirectMethodHandle$Holder.newInvokeSpecial(java.lang.Object, java.lang.Object, java.lang.Object, java.lang.Object, java.lang.Object, int)'> (0x000000071f70bd78) 
thrown [s\open\src\hotspot\share\interpreter\linkResolver.cpp, line 773]
Event: 0.778 Thread 0x0000027bf7a923a0 Exception <a 'java/lang/NoSuchMethodError'{0x000000071f70fca0}: 'java.lang.Object java.lang.invoke.DirectMethodHandle$Holder.invokeSpecial(java.lang.Object, java.lang.Object, java.lang.Object, java.lang.Object, java.lang.Object, java.lang.Object, int)'> (0x000000071f70fca0) 
thrown [s\open\src\hotspot\share\interpreter\linkResolver.cpp, line 773]
Event: 1.876 Thread 0x0000027bab608a80 Exception <a 'java/lang/NoSuchMethodError'{0x0000000713321578}: 'int java.lang.invoke.DirectMethodHandle$Holder.invokeStatic(java.lang.Object)'> (0x0000000713321578) 
thrown [s\open\src\hotspot\share\interpreter\linkResolver.cpp, line 773]

ZGC Phase Switch (0 events):
No events

VM Operations (20 events):
Event: 0.372 Executing VM operation: HandshakeAllThreads (Deoptimize)
Event: 0.372 Executing VM operation: HandshakeAllThreads (Deoptimize) done
Event: 0.492 Executing VM operation: HandshakeAllThreads (Deoptimize)
Event: 0.492 Executing VM operation: HandshakeAllThreads (Deoptimize) done
Event: 0.493 Executing VM operation: HandshakeAllThreads (Deoptimize)
Event: 0.493 Executing VM operation: HandshakeAllThreads (Deoptimize) done
Event: 0.537 Executing VM operation: ICBufferFull
Event: 0.537 Executing VM operation: ICBufferFull done
Event: 0.592 Executing VM operation: G1CollectForAllocation (G1 Evacuation Pause)
Event: 0.597 Executing VM operation: G1CollectForAllocation (G1 Evacuation Pause) done
Event: 0.692 Executing VM operation: HandshakeAllThreads (Deoptimize)
Event: 0.692 Executing VM operation: HandshakeAllThreads (Deoptimize) done
Event: 0.731 Executing VM operation: HandshakeAllThreads (Deoptimize)
Event: 0.731 Executing VM operation: HandshakeAllThreads (Deoptimize) done
Event: 0.739 Executing VM operation: G1CollectForAllocation (G1 Evacuation Pause)
Event: 0.741 Executing VM operation: G1CollectForAllocation (G1 Evacuation Pause) done
Event: 0.999 Executing VM operation: HandshakeAllThreads (Deoptimize)
Event: 0.999 Executing VM operation: HandshakeAllThreads (Deoptimize) done
Event: 1.893 Executing VM operation: G1CollectForAllocation (G1 Evacuation Pause)
Event: 1.898 Executing VM operation: G1CollectForAllocation (G1 Evacuation Pause) done

Events (20 events):
Event: 0.690 Thread 0x0000027bf7a91680 Thread added: 0x0000027bf7a91680
Event: 0.725 Thread 0x0000027bf7a902d0 Thread added: 0x0000027bf7a902d0
Event: 0.748 Thread 0x0000027bf7a902d0 Thread exited: 0x0000027bf7a902d0
Event: 0.756 Thread 0x0000027bf7a90960 Thread added: 0x0000027bf7a90960
Event: 0.767 Thread 0x0000027bf7a923a0 Thread added: 0x0000027bf7a923a0
Event: 0.787 Thread 0x0000027bf7a92a30 Thread added: 0x0000027bf7a92a30
Event: 0.832 Thread 0x0000027bf7a8f5b0 Thread added: 0x0000027bf7a8f5b0
Event: 0.836 Thread 0x0000027bf7a8fc40 Thread added: 0x0000027bf7a8fc40
Event: 0.928 Thread 0x0000027bf7a902d0 Thread added: 0x0000027bf7a902d0
Event: 0.988 Thread 0x0000027bf7a90ff0 Thread added: 0x0000027bf7a90ff0
Event: 1.010 Thread 0x0000027bf7bbb930 Thread added: 0x0000027bf7bbb930
Event: 1.323 Thread 0x0000027bf77fe4a0 Thread exited: 0x0000027bf77fe4a0
Event: 1.323 Thread 0x0000027bab2a9e80 Thread exited: 0x0000027bab2a9e80
Event: 1.651 Thread 0x0000027bf7b43050 Thread added: 0x0000027bf7b43050
Event: 1.796 Thread 0x0000027bf8108810 Thread added: 0x0000027bf8108810
Event: 1.796 Thread 0x0000027bfbb47490 Thread added: 0x0000027bfbb47490
Event: 1.840 Thread 0x0000027bf7bbbfc0 Thread added: 0x0000027bf7bbbfc0
Event: 1.860 Thread 0x0000027bf7bbbfc0 Thread exited: 0x0000027bf7bbbfc0
Event: 1.892 Thread 0x0000027bf7bb7e20 Thread added: 0x0000027bf7bb7e20
Event: 1.898 Thread 0x0000027bf7bb7790 Thread added: 0x0000027bf7bb7790


Dynamic libraries:
0x00007ff6bec00000 - 0x00007ff6bec10000 	C:\Program Files\Java\jdk-21\bin\java.exe
0x00007ff8091b0000 - 0x00007ff8093c7000 	C:\WINDOWS\SYSTEM32\ntdll.dll
0x00007ff8088f0000 - 0x00007ff8089b4000 	C:\WINDOWS\System32\KERNEL32.DLL
0x00007ff806b40000 - 0x00007ff806eec000 	C:\WINDOWS\System32\KERNELBASE.dll
0x00007ff806580000 - 0x00007ff806691000 	C:\WINDOWS\System32\ucrtbase.dll
0x00007ffff7860000 - 0x00007ffff7879000 	C:\Program Files\Java\jdk-21\bin\jli.dll
0x00007fffba710000 - 0x00007fffba72b000 	C:\Program Files\Java\jdk-21\bin\VCRUNTIME140.dll
0x00007ff8070c0000 - 0x00007ff807172000 	C:\WINDOWS\System32\ADVAPI32.dll
0x00007ff807180000 - 0x00007ff807227000 	C:\WINDOWS\System32\msvcrt.dll
0x00007ff808820000 - 0x00007ff8088ca000 	C:\WINDOWS\System32\sechost.dll
0x00007ff806960000 - 0x00007ff806988000 	C:\WINDOWS\System32\bcrypt.dll
0x00007ff806ef0000 - 0x00007ff807005000 	C:\WINDOWS\System32\RPCRT4.dll
0x00007ff808b90000 - 0x00007ff808d3e000 	C:\WINDOWS\System32\USER32.dll
0x00007ff8066a0000 - 0x00007ff8066c6000 	C:\WINDOWS\System32\win32u.dll
0x00007ff808d90000 - 0x00007ff808db9000 	C:\WINDOWS\System32\GDI32.dll
0x00007ff806840000 - 0x00007ff806959000 	C:\WINDOWS\System32\gdi32full.dll
0x00007ff8064e0000 - 0x00007ff80657a000 	C:\WINDOWS\System32\msvcp_win.dll
0x00007ffff4400000 - 0x00007ffff4693000 	C:\WINDOWS\WinSxS\amd64_microsoft.windows.common-controls_6595b64144ccf1df_6.0.22621.3672_none_2713b9d173822955\COMCTL32.dll
0x00007ffffe5e0000 - 0x00007ffffe5ea000 	C:\WINDOWS\SYSTEM32\VERSION.dll
0x00007ff808b50000 - 0x00007ff808b81000 	C:\WINDOWS\System32\IMM32.DLL
0x00007fffcea90000 - 0x00007fffcea9c000 	C:\Program Files\Java\jdk-21\bin\vcruntime140_1.dll
0x00007fffa5840000 - 0x00007fffa58ce000 	C:\Program Files\Java\jdk-21\bin\msvcp140.dll
0x00007fff75c90000 - 0x00007fff769a5000 	C:\Program Files\Java\jdk-21\bin\server\jvm.dll
0x00007ff809000000 - 0x00007ff809071000 	C:\WINDOWS\System32\WS2_32.dll
0x00007ff8061f0000 - 0x00007ff80623d000 	C:\WINDOWS\SYSTEM32\POWRPROF.dll
0x00007ff801e90000 - 0x00007ff801ec4000 	C:\WINDOWS\SYSTEM32\WINMM.dll
0x00007ff8061d0000 - 0x00007ff8061e3000 	C:\WINDOWS\SYSTEM32\UMPDC.dll
0x00007ff8054b0000 - 0x00007ff8054c8000 	C:\WINDOWS\SYSTEM32\kernel.appcore.dll
0x00007fffcd580000 - 0x00007fffcd58a000 	C:\Program Files\Java\jdk-21\bin\jimage.dll
0x00007fffff320000 - 0x00007fffff552000 	C:\WINDOWS\SYSTEM32\DBGHELP.DLL
0x00007ff807240000 - 0x00007ff8075c8000 	C:\WINDOWS\System32\combase.dll
0x00007ff808dc0000 - 0x00007ff808e97000 	C:\WINDOWS\System32\OLEAUT32.dll
0x00007ffff4d00000 - 0x00007ffff4d32000 	C:\WINDOWS\SYSTEM32\dbgcore.DLL
0x00007ff806a50000 - 0x00007ff806acb000 	C:\WINDOWS\System32\bcryptPrimitives.dll
0x00007fffb6f90000 - 0x00007fffb6faf000 	C:\Program Files\Java\jdk-21\bin\java.dll
0x00007ff8075d0000 - 0x00007ff807e2c000 	C:\WINDOWS\System32\SHELL32.dll
0x00007ff804430000 - 0x00007ff804d27000 	C:\WINDOWS\SYSTEM32\windows.storage.dll
0x00007ff8042f0000 - 0x00007ff80442f000 	C:\WINDOWS\SYSTEM32\wintypes.dll
0x00007ff8089c0000 - 0x00007ff808ab4000 	C:\WINDOWS\System32\SHCORE.dll
0x00007ff809080000 - 0x00007ff8090de000 	C:\WINDOWS\System32\shlwapi.dll
0x00007ff806410000 - 0x00007ff806431000 	C:\WINDOWS\SYSTEM32\profapi.dll
0x00007fffa5d00000 - 0x00007fffa5dd7000 	C:\Program Files\Java\jdk-21\bin\jsvml.dll
0x00007fffccdb0000 - 0x00007fffccdc0000 	C:\Program Files\Java\jdk-21\bin\net.dll
0x00007ff803160000 - 0x00007ff803296000 	C:\WINDOWS\SYSTEM32\WINHTTP.dll
0x00007ff805980000 - 0x00007ff8059e9000 	C:\WINDOWS\system32\mswsock.dll
0x00007fffb6450000 - 0x00007fffb6466000 	C:\Program Files\Java\jdk-21\bin\nio.dll
0x00007fffb6430000 - 0x00007fffb6448000 	C:\Program Files\Java\jdk-21\bin\zip.dll
0x00007fffa4ee0000 - 0x00007fffa506f000 	C:\Program Files\Java\jdk-21\bin\awt.dll
0x00007ff801d70000 - 0x00007ff801e07000 	C:\WINDOWS\SYSTEM32\apphelp.dll
0x00007ff803a40000 - 0x00007ff803aea000 	C:\WINDOWS\system32\uxtheme.dll
0x00007ff808ea0000 - 0x00007ff808ff3000 	C:\WINDOWS\System32\MSCTF.dll
0x00007ff807e30000 - 0x00007ff807fd5000 	C:\WINDOWS\System32\ole32.dll
0x00007ff803e60000 - 0x00007ff803e8b000 	C:\WINDOWS\system32\DWMAPI.DLL
0x00007fffa4de0000 - 0x00007fffa4ee0000 	C:\WINDOWS\system32\opengl32.dll
0x00007fffa6040000 - 0x00007fffa606d000 	C:\WINDOWS\SYSTEM32\GLU32.dll
0x00007ff803b20000 - 0x00007ff803b59000 	C:\WINDOWS\SYSTEM32\dxcore.dll
0x00007fff7e8b0000 - 0x00007fff7ea58000 	C:\WINDOWS\system32\d3d9.dll
0x00007ffffcad0000 - 0x00007ffffcc8b000 	C:\WINDOWS\System32\DriverStore\FileRepository\u0383721.inf_amd64_d80a5d2f057575ba\B383240\aticfx64.dll
0x00007ffff7460000 - 0x00007ffff7494000 	C:\WINDOWS\System32\DriverStore\FileRepository\u0383721.inf_amd64_d80a5d2f057575ba\B383240\atiu9p64.dll
0x00007fff573b0000 - 0x00007fff58105000 	C:\WINDOWS\System32\DriverStore\FileRepository\u0383721.inf_amd64_d80a5d2f057575ba\B383240\atiumd64.dll
0x000000005bf20000 - 0x000000005ce47000 	C:\WINDOWS\System32\DriverStore\FileRepository\u0383721.inf_amd64_d80a5d2f057575ba\B383240\atiumd6a.dll
0x00007ff808140000 - 0x00007ff8085b4000 	C:\WINDOWS\System32\SETUPAPI.dll
0x00007ffffa960000 - 0x00007ffffa995000 	C:\WINDOWS\SYSTEM32\amdihk64.dll
0x00007ffffec20000 - 0x00007ffffec69000 	C:\WINDOWS\SYSTEM32\directxdatabasehelper.dll
0x00007fffa57b0000 - 0x00007fffa5837000 	C:\Program Files\Java\jdk-21\bin\freetype.dll
0x00007fffa4d00000 - 0x00007fffa4dd3000 	C:\Program Files\Java\jdk-21\bin\fontmanager.dll
0x00007ff805be0000 - 0x00007ff805bfb000 	C:\WINDOWS\SYSTEM32\CRYPTSP.dll
0x00007ff805470000 - 0x00007ff8054a5000 	C:\WINDOWS\system32\rsaenh.dll
0x00007ff805a80000 - 0x00007ff805aa8000 	C:\WINDOWS\SYSTEM32\USERENV.dll
0x00007ff805c00000 - 0x00007ff805c0c000 	C:\WINDOWS\SYSTEM32\CRYPTBASE.dll
0x00007ff804f90000 - 0x00007ff804fbd000 	C:\WINDOWS\SYSTEM32\IPHLPAPI.DLL
0x00007ff8088e0000 - 0x00007ff8088e9000 	C:\WINDOWS\System32\NSI.dll
0x00007fffa2420000 - 0x00007fffa244e000 	C:\Program Files\Java\jdk-21\bin\javajpeg.dll
0x00007ffff8b60000 - 0x00007ffff8cad000 	C:\WINDOWS\SYSTEM32\textinputframework.dll
0x00007fffcbae0000 - 0x00007fffcbaf0000 	C:\Program Files\Java\jdk-21\bin\verify.dll
0x00007ffff7360000 - 0x00007ffff7372000 	C:\Program Files\Java\jdk-21\bin\jsound.dll
0x00007fffdbe90000 - 0x00007fffdbf32000 	C:\WINDOWS\SYSTEM32\DSOUND.dll
0x00007ffff6d70000 - 0x00007ffff6d99000 	C:\WINDOWS\SYSTEM32\winmmbase.dll
0x00007fffd6640000 - 0x00007fffd66f1000 	C:\WINDOWS\SYSTEM32\ResampleDmo.DLL
0x00007ff8017b0000 - 0x00007ff8017bb000 	C:\WINDOWS\SYSTEM32\msdmo.dll
0x00007ff807010000 - 0x00007ff8070c0000 	C:\WINDOWS\System32\clbcatq.dll
0x00007ffffa6b0000 - 0x00007ffffa74d000 	C:\WINDOWS\System32\MMDevApi.dll
0x00007ff806110000 - 0x00007ff80613c000 	C:\WINDOWS\System32\DEVOBJ.dll
0x00007ff806140000 - 0x00007ff80618e000 	C:\WINDOWS\SYSTEM32\cfgmgr32.dll
0x00007ffff11a0000 - 0x00007ffff11e6000 	C:\WINDOWS\SYSTEM32\wdmaud.drv
0x00007ff802310000 - 0x00007ff80231b000 	C:\WINDOWS\SYSTEM32\AVRT.dll
0x00007ff802bb0000 - 0x00007ff802bb9000 	C:\WINDOWS\SYSTEM32\ksuser.dll
0x00007ff8017f0000 - 0x00007ff801923000 	C:\WINDOWS\SYSTEM32\CoreMessaging.dll
0x00007ffff9370000 - 0x00007ffff955c000 	C:\WINDOWS\SYSTEM32\AUDIOSES.DLL
0x00007ffffe230000 - 0x00007ffffe59d000 	C:\WINDOWS\SYSTEM32\CoreUIComponents.dll
0x00007ff801700000 - 0x00007ff80170e000 	C:\WINDOWS\SYSTEM32\msacm32.drv
0x00007ff802b90000 - 0x00007ff802bae000 	C:\WINDOWS\SYSTEM32\MSACM32.dll
0x00007ff801050000 - 0x00007ff80105b000 	C:\WINDOWS\SYSTEM32\midimap.dll
0x00007ff803fc0000 - 0x00007ff803fd5000 	C:\WINDOWS\SYSTEM32\resourcepolicyclient.dll
0x00007fffd79b0000 - 0x00007fffd7b25000 	C:\Windows\System32\Windows.UI.dll

dbghelp: loaded successfully - version: 4.0.5 - missing functions: none
symbol engine: initialized successfully - sym options: 0x614 - pdb path: .;C:\Program Files\Java\jdk-21\bin;C:\WINDOWS\SYSTEM32;C:\WINDOWS\WinSxS\amd64_microsoft.windows.common-controls_6595b64144ccf1df_6.0.22621.3672_none_2713b9d173822955;C:\Program Files\Java\jdk-21\bin\server;C:\WINDOWS\System32\DriverStore\FileRepository\u0383721.inf_amd64_d80a5d2f057575ba\B383240

VM Arguments:
jvm_args: -Dfile.encoding=UTF-8 -Xms512m -Xmx4096m --module-path=C:\Users\sinoe\OneDrive\Documentos\NetBeansProjects\REPRODUCTOR_MUSIC\build\classes 
java_command: GUI.App
java_class_path (initial): C:\Users\sinoe\OneDrive\Documentos\NetBeansProjects\jl1.0.jar;C:\Users\sinoe\OneDrive\Documentos\NetBeansProjects\mp3agic-0.9.1.jar;C:\Users\sinoe\OneDrive\Documentos\NetBeansProjects\gson-2.10.1.jar;C:\Users\sinoe\OneDrive\Documentos\NetBeansProjects\REPRODUCTOR_MUSIC\build\classes
Launcher Type: SUN_STANDARD

[Global flags]
     intx CICompilerCount                          = 12                                        {product} {ergonomic}
     uint ConcGCThreads                            = 3                                         {product} {ergonomic}
     uint G1ConcRefinementThreads                  = 13                                        {product} {ergonomic}
   size_t G1HeapRegionSize                         = 2097152                                   {product} {ergonomic}
    uintx GCDrainStackTargetSize                   = 64                                        {product} {ergonomic}
   size_t InitialHeapSize                          = 536870912                                 {product} {command line}
   size_t MarkStackSize                            = 4194304                                   {product} {ergonomic}
   size_t MaxHeapSize                              = 4294967296                                {product} {command line}
   size_t MaxNewSize                               = 2575302656                                {product} {ergonomic}
   size_t MinHeapDeltaBytes                        = 2097152                                   {product} {ergonomic}
   size_t MinHeapSize                              = 536870912                                 {product} {command line}
    uintx NonNMethodCodeHeapSize                   = 7602480                                {pd product} {ergonomic}
    uintx NonProfiledCodeHeapSize                  = 122027880                              {pd product} {ergonomic}
    uintx ProfiledCodeHeapSize                     = 122027880                              {pd product} {ergonomic}
    uintx ReservedCodeCacheSize                    = 251658240                              {pd product} {ergonomic}
     bool SegmentedCodeCache                       = true                                      {product} {ergonomic}
   size_t SoftMaxHeapSize                          = 4294967296                             {manageable} {ergonomic}
     bool UseCompressedOops                        = true                           {product lp64_product} {ergonomic}
     bool UseG1GC                                  = true                                      {product} {ergonomic}
     bool UseLargePagesIndividualAllocation        = false                                  {pd product} {ergonomic}

Logging:
Log output configuration:
 #0: stdout all=warning uptime,level,tags foldmultilines=false
 #1: stderr all=off uptime,level,tags foldmultilines=false

Environment Variables:
PATH=C:\Program Files (x86)\Common Files\Intel\Shared Libraries\redist\intel64\compiler;C:\Program Files\Common Files\Oracle\Java\javapath;C:\WINDOWS\system32;C:\WINDOWS;C:\WINDOWS\System32\Wbem;C:\WINDOWS\System32\WindowsPowerShell\v1.0\;C:\WINDOWS\System32\OpenSSH\;C:\Program Files\swipl\bin;C:\Program Files\dotnet\;C:\Program Files (x86)\Microsoft SQL Server\160\Tools\Binn\;C:\Program Files\Microsoft SQL Server\160\Tools\Binn\;C:\Program Files\Microsoft SQL Server\Client SDK\ODBC\170\Tools\Binn\;C:\Program Files\Microsoft SQL Server\160\DTS\Binn\;C:\Program Files (x86)\Microsoft SQL Server\160\DTS\Binn\;C:\Program Files\Git\cmd;C:\Users\sinoe\AppData\Roaming\nvm;C:\Program Files\nodejs;C:\ProgramData\chocolatey\bin;C:\Program Files\nodejs\;C:\Users\sinoe\.cargo\bin;C:\Users\sinoe\AppData\Local\Programs\Python\Python313\Scripts\;C:\Users\sinoe\AppData\Local\Programs\Python\Python313\;C:\Users\sinoe\AppData\Local\Programs\Python\Python312\Scripts\;C:\Users\sinoe\AppData\Local\Programs\Python\Python312\;C:\Users\sinoe\AppData\Local\Microsoft\WindowsApps;C:\Users\sinoe\AppData\Local\Programs\Microsoft VS Code\bin;C:\Users\sinoe\AppData\Roaming\nvm;C:\Program Files\nodejs;C:\Users\sinoe\AppData\Local\Muse Hub\lib;C:\Users\sinoe\AppData\Roaming\npm
USERNAME=sinoe
OS=Windows_NT
PROCESSOR_IDENTIFIER=AMD64 Family 23 Model 104 Stepping 1, AuthenticAMD
TMP=C:\Users\sinoe\AppData\Local\Temp
TEMP=C:\Users\sinoe\AppData\Local\Temp




Periodic native trim disabled

---------------  S Y S T E M  ---------------

OS:
 Windows 11 , 64 bit Build 22621 (10.0.22621.3672)
OS uptime: 0 days 5:38 hours

CPU: total 16 (initial active 16) (16 cores per cpu, 2 threads per core) family 23 model 104 stepping 1 microcode 0x0, cx8, cmov, fxsr, ht, mmx, 3dnowpref, sse, sse2, sse3, ssse3, sse4a, sse4.1, sse4.2, popcnt, lzcnt, tsc, tscinvbit, avx, avx2, aes, clmul, bmi1, bmi2, adx, sha, fma, vzeroupper, clflush, clflushopt, rdtscp, rdpid, f16c
Processor Information for all 16 processors :
  Max Mhz: 1801, Current Mhz: 1801, Mhz Limit: 1801

Memory: 4k page, system-wide physical 15720M (4054M free)
TotalPageFile size 15720M (AvailPageFile size 5M)
current process WorkingSet (physical memory assigned to process): 507M, peak: 508M
current process commit charge ("private bytes"): 753M, peak: 754M

vm_info: Java HotSpot(TM) 64-Bit Server VM (21.0.1+12-LTS-29) for windows-amd64 JRE (21.0.1+12-LTS-29), built on 2023-10-05T13:27:09Z by "mach5one" with MS VC++ 17.1 (VS2022)

END.
