#
# There is insufficient memory for the Java Runtime Environment to continue.
# Native memory allocation (mmap) failed to map 33554432 bytes for G1 virtual space
# Possible reasons:
#   The system is out of physical RAM or swap space
#   The process is running with CompressedOops enabled, and the Java Heap may be blocking the growth of the native heap
# Possible solutions:
#   Reduce memory load on the system
#   Increase physical memory or swap space
#   Check if swap backing store is full
#   Decrease Java heap size (-Xmx/-Xms)
#   Decrease number of Java threads
#   Decrease Java thread stack sizes (-Xss)
#   Set larger code cache with -XX:ReservedCodeCacheSize=
#   JVM is running with Zero Based Compressed Oops mode in which the Java heap is
#     placed in the first 32GB address space. The Java Heap base address is the
#     maximum limit for the native heap growth. Please use -XX:HeapBaseMinAddress
#     to set the Java Heap base and to place the Java Heap above 32GB virtual address.
# This output file may be truncated or incomplete.
#
#  Out of Memory Error (os_windows.cpp:3600), pid=1620, tid=2556
#
# JRE version: Java(TM) SE Runtime Environment (21.0.1+12) (build 21.0.1+12-LTS-29)
# Java VM: Java HotSpot(TM) 64-Bit Server VM (21.0.1+12-LTS-29, mixed mode, sharing, tiered, compressed oops, compressed class ptrs, g1 gc, windows-amd64)
# No core dump will be written. Minidumps are not enabled by default on client versions of Windows
#

---------------  S U M M A R Y ------------

Command Line: -Dapplication.home=C:\Program Files\Java\jdk-21 --add-modules=ALL-DEFAULT -Xms8m -Djdk.module.main=jdk.compiler jdk.compiler/com.sun.tools.javac.Main -d C:\Users\sinoe\OneDrive\Documentos\NetBeansProjects\REPRODUCTOR_MUSIC\build\classes -classpath C:\Users\sinoe\OneDrive\Documentos\NetBeansProjects\REPRODUCTOR_MUSIC\build\classes;C:\Users\sinoe\OneDrive\Documentos\NetBeansProjects\jl1.0.jar;C:\Users\sinoe\OneDrive\Documentos\NetBeansProjects\mp3agic-0.9.1.jar;C:\Users\sinoe\OneDrive\Documentos\NetBeansProjects\gson-2.10.1.jar -sourcepath C:\Users\sinoe\OneDrive\Documentos\NetBeansProjects\REPRODUCTOR_MUSIC\build\empty -target 21 -encoding UTF-8 -g -processorpath C:\Users\sinoe\OneDrive\Documentos\NetBeansProjects\jl1.0.jar;C:\Users\sinoe\OneDrive\Documentos\NetBeansProjects\mp3agic-0.9.1.jar;C:\Users\sinoe\OneDrive\Documentos\NetBeansProjects\gson-2.10.1.jar;C:\Users\sinoe\OneDrive\Documentos\NetBeansProjects\REPRODUCTOR_MUSIC\build\empty -s C:\Users\sinoe\OneDrive\Documentos\NetBeansProjects\REPRODUCTOR_MUSIC\build\generated-sources\ap-source-output -source 21 C:\Users\sinoe\OneDrive\Documentos\NetBeansProjects\REPRODUCTOR_MUSIC\src\DOMAIN\Song.java C:\Users\sinoe\OneDrive\Documentos\NetBeansProjects\REPRODUCTOR_MUSIC\src\DOMAIN\SongMetadata.java C:\Users\sinoe\OneDrive\Documentos\NetBeansProjects\REPRODUCTOR_MUSIC\src\GUI\App.java C:\Users\sinoe\OneDrive\Documentos\NetBeansProjects\REPRODUCTOR_MUSIC\src\GUI\MainWindow.java C:\Users\sinoe\OneDrive\Documentos\NetBeansProjects\REPRODUCTOR_MUSIC\src\GUI\PlayerPanel.java C:\Users\sinoe\OneDrive\Documentos\NetBeansProjects\REPRODUCTOR_MUSIC\src\LOGIC\ConsumerPlayer.java C:\Users\sinoe\OneDrive\Documentos\NetBeansProjects\REPRODUCTOR_MUSIC\src\LOGIC\MusicBuffer.java C:\Users\sinoe\OneDrive\Documentos\NetBeansProjects\REPRODUCTOR_MUSIC\src\LOGIC\MusicManager.java C:\Users\sinoe\OneDrive\Documentos\NetBeansProjects\REPRODUCTOR_MUSIC\src\LOGIC\Playlist.java C:\Users\sinoe\OneDrive\Documentos\NetBeansProjects\REPRODUCTOR_MUSIC\src\LOGIC\PlaylistManager.java C:\Users\sinoe\OneDrive\Documentos\NetBeansProjects\REPRODUCTOR_MUSIC\src\LOGIC\Producer.java

Host: AMD Ryzen 7 5700U with Radeon Graphics         , 16 cores, 15G,  Windows 11 , 64 bit Build 22621 (10.0.22621.3672)
Time: Sun May 18 01:56:30 2025 Hora estándar central (México) elapsed time: 5.989191 seconds (0d 0h 0m 5s)

---------------  T H R E A D  ---------------

Current thread (0x00000195a441c200):  VMThread "VM Thread"          [id=2556, stack(0x0000002d53b00000,0x0000002d53c00000) (1024K)]

Stack: [0x0000002d53b00000,0x0000002d53c00000]
Native frames: (J=compiled Java code, j=interpreted, Vv=VM code, C=native code)
V  [jvm.dll+0x6c9029]
V  [jvm.dll+0x854b81]
V  [jvm.dll+0x856e5e]
V  [jvm.dll+0x857543]
V  [jvm.dll+0x280c06]
V  [jvm.dll+0x6c5715]
V  [jvm.dll+0x6ba10a]
V  [jvm.dll+0x3557ea]
V  [jvm.dll+0x35d436]
V  [jvm.dll+0x3ae1be]
V  [jvm.dll+0x3ae468]
V  [jvm.dll+0x3291fc]
V  [jvm.dll+0x329287]
V  [jvm.dll+0x36db3c]
V  [jvm.dll+0x36c33d]
V  [jvm.dll+0x328971]
V  [jvm.dll+0x36ba4a]
V  [jvm.dll+0x85d048]
V  [jvm.dll+0x85e144]
V  [jvm.dll+0x85e680]
V  [jvm.dll+0x85e923]
V  [jvm.dll+0x7fd728]
V  [jvm.dll+0x6c777d]
C  [ucrtbase.dll+0x29333]
C  [KERNEL32.DLL+0x1257d]
C  [ntdll.dll+0x5af28]

VM_Operation (0x0000002d534fc440): G1CollectForAllocation, mode: safepoint, requested by thread 0x00000195a208bc80


---------------  P R O C E S S  ---------------

Threads class SMR info:
_java_thread_list=0x000001960b576d50, length=18, elements={
0x00000195a208bc80, 0x00000195c30ae590, 0x00000195c30aed60, 0x00000195c30af7c0,
0x00000195c30b5230, 0x00000195c30b7c60, 0x00000195c30bc410, 0x00000195c30bce60,
0x00000195c30c1c00, 0x00000196090307a0, 0x0000019609064e30, 0x0000019609166b50,
0x000001960941a770, 0x00000196093f9f90, 0x0000019609657170, 0x0000019609f357f0,
0x0000019609f6d740, 0x000001960b4b5760
}

Java Threads: ( => current thread )
  0x00000195a208bc80 JavaThread "main"                              [_thread_blocked, id=12612, stack(0x0000002d53400000,0x0000002d53500000) (1024K)]
  0x00000195c30ae590 JavaThread "Reference Handler"          daemon [_thread_blocked, id=4088, stack(0x0000002d53c00000,0x0000002d53d00000) (1024K)]
  0x00000195c30aed60 JavaThread "Finalizer"                  daemon [_thread_blocked, id=3032, stack(0x0000002d53d00000,0x0000002d53e00000) (1024K)]
  0x00000195c30af7c0 JavaThread "Signal Dispatcher"          daemon [_thread_blocked, id=21012, stack(0x0000002d53e00000,0x0000002d53f00000) (1024K)]
  0x00000195c30b5230 JavaThread "Attach Listener"            daemon [_thread_blocked, id=14052, stack(0x0000002d53f00000,0x0000002d54000000) (1024K)]
  0x00000195c30b7c60 JavaThread "Service Thread"             daemon [_thread_blocked, id=17292, stack(0x0000002d54000000,0x0000002d54100000) (1024K)]
  0x00000195c30bc410 JavaThread "Monitor Deflation Thread"   daemon [_thread_blocked, id=21328, stack(0x0000002d54100000,0x0000002d54200000) (1024K)]
  0x00000195c30bce60 JavaThread "C2 CompilerThread0"         daemon [_thread_blocked, id=3192, stack(0x0000002d54200000,0x0000002d54300000) (1024K)]
  0x00000195c30c1c00 JavaThread "C1 CompilerThread0"         daemon [_thread_blocked, id=22904, stack(0x0000002d54300000,0x0000002d54400000) (1024K)]
  0x00000196090307a0 JavaThread "C1 CompilerThread1"         daemon [_thread_blocked, id=19624, stack(0x0000002d54400000,0x0000002d54500000) (1024K)]
  0x0000019609064e30 JavaThread "Common-Cleaner"             daemon [_thread_blocked, id=10312, stack(0x0000002d54500000,0x0000002d54600000) (1024K)]
  0x0000019609166b50 JavaThread "Notification Thread"        daemon [_thread_blocked, id=19264, stack(0x0000002d54600000,0x0000002d54700000) (1024K)]
  0x000001960941a770 JavaThread "C1 CompilerThread2"         daemon [_thread_blocked, id=16920, stack(0x0000002d54a00000,0x0000002d54b00000) (1024K)]
  0x00000196093f9f90 JavaThread "C1 CompilerThread3"         daemon [_thread_blocked, id=19984, stack(0x0000002d54b00000,0x0000002d54c00000) (1024K)]
  0x0000019609657170 JavaThread "C2 CompilerThread1"         daemon [_thread_blocked, id=11020, stack(0x0000002d54d00000,0x0000002d54e00000) (1024K)]
  0x0000019609f357f0 JavaThread "C2 CompilerThread2"         daemon [_thread_in_native, id=20244, stack(0x0000002d55000000,0x0000002d55100000) (1024K)]
  0x0000019609f6d740 JavaThread "C2 CompilerThread3"         daemon [_thread_blocked, id=7972, stack(0x0000002d55100000,0x0000002d55200000) (1024K)]
  0x000001960b4b5760 JavaThread "C2 CompilerThread4"         daemon [_thread_blocked, id=14156, stack(0x0000002d55200000,0x0000002d55300000) (1024K)]
Total: 18

Other Threads:
=>0x00000195a441c200 VMThread "VM Thread"                           [id=2556, stack(0x0000002d53b00000,0x0000002d53c00000) (1024K)]
  0x00000195a4401590 WatcherThread "VM Periodic Task Thread"        [id=20156, stack(0x0000002d53a00000,0x0000002d53b00000) (1024K)]
  0x00000195a43cfa30 WorkerThread "GC Thread#0"                     [id=9060, stack(0x0000002d53500000,0x0000002d53600000) (1024K)]
  0x00000196092bbbe0 WorkerThread "GC Thread#1"                     [id=16992, stack(0x0000002d54700000,0x0000002d54800000) (1024K)]
  0x00000196092c6e30 WorkerThread "GC Thread#2"                     [id=5344, stack(0x0000002d54800000,0x0000002d54900000) (1024K)]
  0x00000196092c71d0 WorkerThread "GC Thread#3"                     [id=19424, stack(0x0000002d54900000,0x0000002d54a00000) (1024K)]
  0x000001960948ef50 WorkerThread "GC Thread#4"                     [id=21592, stack(0x0000002d54c00000,0x0000002d54d00000) (1024K)]
  0x0000019609ce1d80 WorkerThread "GC Thread#5"                     [id=22976, stack(0x0000002d54e00000,0x0000002d54f00000) (1024K)]
  0x0000019609a81ce0 WorkerThread "GC Thread#6"                     [id=4144, stack(0x0000002d54f00000,0x0000002d55000000) (1024K)]
  0x000001960b88b8a0 WorkerThread "GC Thread#7"                     [id=8728, stack(0x0000002d55400000,0x0000002d55500000) (1024K)]
  0x000001960b8bff80 WorkerThread "GC Thread#8"                     [id=18120, stack(0x0000002d55500000,0x0000002d55600000) (1024K)]
  0x00000195a43e19c0 ConcurrentGCThread "G1 Main Marker"            [id=4560, stack(0x0000002d53600000,0x0000002d53700000) (1024K)]
  0x00000195a43e2c60 WorkerThread "G1 Conc#0"                       [id=20148, stack(0x0000002d53700000,0x0000002d53800000) (1024K)]
  0x00000195a43ef0e0 ConcurrentGCThread "G1 Refine#0"               [id=10328, stack(0x0000002d53800000,0x0000002d53900000) (1024K)]
  0x00000195a43f1870 ConcurrentGCThread "G1 Service"                [id=14936, stack(0x0000002d53900000,0x0000002d53a00000) (1024K)]
Total: 15

Threads with active compile tasks:
C2 CompilerThread1     6064 2587       4       com.sun.tools.javac.jvm.Code::typecode (141 bytes)
C2 CompilerThread2     6064 2130       4       com.sun.tools.javac.code.Symtab::enterClass (71 bytes)
C2 CompilerThread3     6064 1692   !   4       com.sun.tools.javac.jvm.ClassReader::classSigToType (482 bytes)
Total: 3

VM state: at safepoint (normal execution)

VM Mutex/Monitor currently owned by a thread:  ([mutex/lock_event])
[0x00007fffc18aa5f8] Threads_lock - owner thread: 0x00000195a441c200
[0x00007fffc18aa6f8] Heap_lock - owner thread: 0x00000195a208bc80

Heap address: 0x000000070a400000, size: 3932 MB, Compressed Oops mode: Zero based, Oop shift amount: 3

CDS archive(s) mapped at: [0x00000195c4000000-0x00000195c4c90000-0x00000195c4c90000), size 13172736, SharedBaseAddress: 0x00000195c4000000, ArchiveRelocationMode: 1.
Compressed class space mapped at: 0x00000195c5000000-0x0000019605000000, reserved size: 1073741824
Narrow klass base: 0x00000195c4000000, Narrow klass shift: 0, Narrow klass range: 0x100000000

GC Precious Log:
 CardTable entry size: 512
 Card Set container configuration: InlinePtr #cards 4 size 8 Array Of Cards #cards 16 size 48 Howl #buckets 8 coarsen threshold 3686 Howl Bitmap #cards 512 size 80 coarsen threshold 460 Card regions per heap region 1 cards per card region 4096
 CPUs: 16 total, 16 available
 Memory: 15720M
 Large Page Support: Disabled
 NUMA Support: Disabled
 Compressed Oops: Enabled (Zero based)
 Heap Region Size: 2M
 Heap Min Capacity: 8M
 Heap Initial Capacity: 8M
 Heap Max Capacity: 3932M
 Pre-touch: Disabled
 Parallel Workers: 13
 Concurrent Workers: 3
 Concurrent Refinement Workers: 13
 Periodic GC: Disabled

Heap:
 garbage-first heap   total 24576K, used 11234K [0x000000070a400000, 0x0000000800000000)
  region size 2048K, 1 young (2048K), 1 survivors (2048K)
 Metaspace       used 11116K, committed 11328K, reserved 1114112K
  class space    used 1224K, committed 1344K, reserved 1048576K

Heap Regions: E=young(eden), S=young(survivor), O=old, HS=humongous(starts), HC=humongous(continues), CS=collection set, F=free, TAMS=top-at-mark-start, PB=parsable bottom
|   0|0x000000070a400000, 0x000000070a600000, 0x000000070a600000|100%| O|  |TAMS 0x000000070a400000| PB 0x000000070a400000| Untracked 
|   1|0x000000070a600000, 0x000000070a800000, 0x000000070a800000|100%| O|  |TAMS 0x000000070a600000| PB 0x000000070a600000| Untracked 
|   2|0x000000070a800000, 0x000000070aa00000, 0x000000070aa00000|100%| O|  |TAMS 0x000000070a800000| PB 0x000000070a800000| Untracked 
|   3|0x000000070aa00000, 0x000000070ac00000, 0x000000070ac00000|100%| O|  |TAMS 0x000000070aa00000| PB 0x000000070aa00000| Untracked 
|   4|0x000000070ac00000, 0x000000070ac00000, 0x000000070ae00000|  0%| F|  |TAMS 0x000000070ac00000| PB 0x000000070ac00000| Untracked 
|   5|0x000000070ae00000, 0x000000070ae00000, 0x000000070b000000|  0%| F|  |TAMS 0x000000070ae00000| PB 0x000000070ae00000| Untracked 
|   6|0x000000070b000000, 0x000000070b0f8890, 0x000000070b200000| 48%| S|CS|TAMS 0x000000070b000000| PB 0x000000070b000000| Complete 
|   7|0x000000070b200000, 0x000000070b200000, 0x000000070b400000|  0%| F|  |TAMS 0x000000070b200000| PB 0x000000070b200000| Untracked 
|   8|0x000000070b400000, 0x000000070b400000, 0x000000070b600000|  0%| F|  |TAMS 0x000000070b400000| PB 0x000000070b400000| Untracked 
|   9|0x000000070b600000, 0x000000070b600000, 0x000000070b800000|  0%| F|  |TAMS 0x000000070b600000| PB 0x000000070b600000| Untracked 
|  10|0x000000070b800000, 0x000000070b800000, 0x000000070ba00000|  0%| F|  |TAMS 0x000000070b800000| PB 0x000000070b800000| Untracked 
|1965|0x00000007ffe00000, 0x0000000800000000, 0x0000000800000000|100%| O|  |TAMS 0x00000007ffe00000| PB 0x00000007ffe00000| Untracked 

Card table byte_map: [0x00000195bc800000,0x00000195bcfb0000] _byte_map_base: 0x00000195b8fae000

Marking Bits: (CMBitMap*) 0x00000195a43d0950
 Bits: [0x00000195bcfb0000, 0x00000195c0d20000)

Polling page: 0x00000195a22b0000

Metaspace:

Usage:
  Non-class:      9.66 MB used.
      Class:      1.20 MB used.
       Both:     10.86 MB used.

Virtual space:
  Non-class space:       64.00 MB reserved,       9.75 MB ( 15%) committed,  1 nodes.
      Class space:        1.00 GB reserved,       1.31 MB ( <1%) committed,  1 nodes.
             Both:        1.06 GB reserved,      11.06 MB (  1%) committed. 

Chunk freelists:
   Non-Class:  4.56 MB
       Class:  14.70 MB
        Both:  19.27 MB

MaxMetaspaceSize: unlimited
CompressedClassSpaceSize: 1.00 GB
Initial GC threshold: 21.00 MB
Current GC threshold: 21.00 MB
CDS: on
 - commit_granule_bytes: 65536.
 - commit_granule_words: 8192.
 - virtual_space_node_default_size: 8388608.
 - enlarge_chunks_in_place: 1.
 - use_allocation_guard: 0.


Internal statistics:

num_allocs_failed_limit: 0.
num_arena_births: 102.
num_arena_deaths: 0.
num_vsnodes_births: 2.
num_vsnodes_deaths: 0.
num_space_committed: 177.
num_space_uncommitted: 0.
num_chunks_returned_to_freelist: 0.
num_chunks_taken_from_freelist: 475.
num_chunk_merges: 0.
num_chunk_splits: 327.
num_chunks_enlarged: 255.
num_inconsistent_stats: 0.

CodeHeap 'non-profiled nmethods': size=119168Kb used=883Kb max_used=883Kb free=118285Kb
 bounds [0x00000195b4360000, 0x00000195b45d0000, 0x00000195bb7c0000]
CodeHeap 'profiled nmethods': size=119104Kb used=5691Kb max_used=5691Kb free=113412Kb
 bounds [0x00000195ac7c0000, 0x00000195acd50000, 0x00000195b3c10000]
CodeHeap 'non-nmethods': size=7488Kb used=3065Kb max_used=3108Kb free=4422Kb
 bounds [0x00000195b3c10000, 0x00000195b3f20000, 0x00000195b4360000]
 total_blobs=3058 nmethods=2583 adapters=376
 compilation: enabled
              stopped_count=0, restarted_count=0
 full_count=0

Compilation events (20 events):
Event: 5.936 Thread 0x00000195c30c1c00 nmethod 2578 0x00000195acd39a10 code [0x00000195acd39be0, 0x00000195acd39fb0]
Event: 5.936 Thread 0x000001960941a770 nmethod 2576 0x00000195acd3a110 code [0x00000195acd3a380, 0x00000195acd3b000]
Event: 5.943 Thread 0x00000196093f9f90 nmethod 2571 0x00000195acd3b410 code [0x00000195acd3bb20, 0x00000195acd40838]
Event: 5.944 Thread 0x00000196093f9f90 2579       3       com.sun.tools.javac.comp.Attr$TypeAnnotationsValidator::validateAnnotatedType (680 bytes)
Event: 5.952 Thread 0x000001960941a770 2580       3       com.sun.tools.javac.code.Type$StructuralTypeMapping$1::<init> (11 bytes)
Event: 5.953 Thread 0x000001960941a770 nmethod 2580 0x00000195acd42410 code [0x00000195acd425c0, 0x00000195acd42708]
Event: 5.953 Thread 0x00000195c30c1c00 2581       3       java.util.RegularEnumSet::iterator (9 bytes)
Event: 5.954 Thread 0x000001960941a770 2582       3       java.util.RegularEnumSet$EnumSetIterator::<init> (23 bytes)
Event: 5.955 Thread 0x00000195c30c1c00 nmethod 2581 0x00000195acd42810 code [0x00000195acd429c0, 0x00000195acd42c58]
Event: 5.956 Thread 0x000001960941a770 nmethod 2582 0x00000195acd42d90 code [0x00000195acd42f40, 0x00000195acd43130]
Event: 5.958 Thread 0x00000195c30c1c00 2583       3       com.sun.tools.javac.jvm.ClassReader$$Lambda/0x00000195c511d520::apply (9 bytes)
Event: 5.958 Thread 0x00000196090307a0 2584       3       com.sun.tools.javac.jvm.ClassReader::enterClass (14 bytes)
Event: 5.959 Thread 0x00000196090307a0 nmethod 2584 0x00000195acd43210 code [0x00000195acd433c0, 0x00000195acd43538]
Event: 5.959 Thread 0x00000195c30c1c00 nmethod 2583 0x00000195acd43610 code [0x00000195acd437e0, 0x00000195acd43ab8]
Event: 5.960 Thread 0x00000196090307a0 2585       3       com.sun.tools.javac.code.Type$WildcardType::<init> (12 bytes)
Event: 5.962 Thread 0x000001960941a770 2586       3       com.sun.tools.javac.code.Types::setBounds (36 bytes)
Event: 5.962 Thread 0x00000196090307a0 nmethod 2585 0x00000195acd43c10 code [0x00000195acd43e20, 0x00000195acd44538]
Event: 5.963 Thread 0x000001960941a770 nmethod 2586 0x00000195acd44810 code [0x00000195acd449e0, 0x00000195acd44e78]
Event: 5.964 Thread 0x00000196093f9f90 nmethod 2579 0x00000195acd45010 code [0x00000195acd45a40, 0x00000195acd4cfd8]
Event: 5.964 Thread 0x0000019609657170 2587       4       com.sun.tools.javac.jvm.Code::typecode (141 bytes)

GC Heap History (20 events):
Event: 3.225 GC heap after
{Heap after GC invocations=4 (full 0):
 garbage-first heap   total 8192K, used 3091K [0x000000070a400000, 0x0000000800000000)
  region size 2048K, 1 young (2048K), 1 survivors (2048K)
 Metaspace       used 8461K, committed 8640K, reserved 1114112K
  class space    used 929K, committed 1024K, reserved 1048576K
}
Event: 3.628 GC heap before
{Heap before GC invocations=4 (full 0):
 garbage-first heap   total 8192K, used 5139K [0x000000070a400000, 0x0000000800000000)
  region size 2048K, 2 young (4096K), 1 survivors (2048K)
 Metaspace       used 9170K, committed 9344K, reserved 1114112K
  class space    used 1014K, committed 1088K, reserved 1048576K
}
Event: 3.639 GC heap after
{Heap after GC invocations=5 (full 0):
 garbage-first heap   total 10240K, used 4046K [0x000000070a400000, 0x0000000800000000)
  region size 2048K, 1 young (2048K), 1 survivors (2048K)
 Metaspace       used 9170K, committed 9344K, reserved 1114112K
  class space    used 1014K, committed 1088K, reserved 1048576K
}
Event: 3.685 GC heap before
{Heap before GC invocations=5 (full 0):
 garbage-first heap   total 10240K, used 6094K [0x000000070a400000, 0x0000000800000000)
  region size 2048K, 2 young (4096K), 1 survivors (2048K)
 Metaspace       used 9222K, committed 9344K, reserved 1114112K
  class space    used 1018K, committed 1088K, reserved 1048576K
}
Event: 3.695 GC heap after
{Heap after GC invocations=6 (full 0):
 garbage-first heap   total 12288K, used 4365K [0x000000070a400000, 0x0000000800000000)
  region size 2048K, 1 young (2048K), 1 survivors (2048K)
 Metaspace       used 9222K, committed 9344K, reserved 1114112K
  class space    used 1018K, committed 1088K, reserved 1048576K
}
Event: 3.802 GC heap before
{Heap before GC invocations=6 (full 0):
 garbage-first heap   total 12288K, used 6413K [0x000000070a400000, 0x0000000800000000)
  region size 2048K, 2 young (4096K), 1 survivors (2048K)
 Metaspace       used 9321K, committed 9472K, reserved 1114112K
  class space    used 1026K, committed 1088K, reserved 1048576K
}
Event: 3.815 GC heap after
{Heap after GC invocations=7 (full 0):
 garbage-first heap   total 12288K, used 4684K [0x000000070a400000, 0x0000000800000000)
  region size 2048K, 1 young (2048K), 1 survivors (2048K)
 Metaspace       used 9321K, committed 9472K, reserved 1114112K
  class space    used 1026K, committed 1088K, reserved 1048576K
}
Event: 3.969 GC heap before
{Heap before GC invocations=7 (full 0):
 garbage-first heap   total 12288K, used 6732K [0x000000070a400000, 0x0000000800000000)
  region size 2048K, 2 young (4096K), 1 survivors (2048K)
 Metaspace       used 9430K, committed 9600K, reserved 1114112K
  class space    used 1043K, committed 1088K, reserved 1048576K
}
Event: 3.976 GC heap after
{Heap after GC invocations=8 (full 0):
 garbage-first heap   total 12288K, used 5088K [0x000000070a400000, 0x0000000800000000)
  region size 2048K, 1 young (2048K), 1 survivors (2048K)
 Metaspace       used 9430K, committed 9600K, reserved 1114112K
  class space    used 1043K, committed 1088K, reserved 1048576K
}
Event: 4.051 GC heap before
{Heap before GC invocations=8 (full 0):
 garbage-first heap   total 12288K, used 7136K [0x000000070a400000, 0x0000000800000000)
  region size 2048K, 2 young (4096K), 1 survivors (2048K)
 Metaspace       used 9499K, committed 9664K, reserved 1114112K
  class space    used 1053K, committed 1152K, reserved 1048576K
}
Event: 4.058 GC heap after
{Heap after GC invocations=9 (full 0):
 garbage-first heap   total 12288K, used 5492K [0x000000070a400000, 0x0000000800000000)
  region size 2048K, 1 young (2048K), 1 survivors (2048K)
 Metaspace       used 9499K, committed 9664K, reserved 1114112K
  class space    used 1053K, committed 1152K, reserved 1048576K
}
Event: 4.076 GC heap before
{Heap before GC invocations=9 (full 0):
 garbage-first heap   total 12288K, used 7540K [0x000000070a400000, 0x0000000800000000)
  region size 2048K, 2 young (4096K), 1 survivors (2048K)
 Metaspace       used 9499K, committed 9664K, reserved 1114112K
  class space    used 1053K, committed 1152K, reserved 1048576K
}
Event: 4.085 GC heap after
{Heap after GC invocations=10 (full 0):
 garbage-first heap   total 24576K, used 5576K [0x000000070a400000, 0x0000000800000000)
  region size 2048K, 1 young (2048K), 1 survivors (2048K)
 Metaspace       used 9499K, committed 9664K, reserved 1114112K
  class space    used 1053K, committed 1152K, reserved 1048576K
}
Event: 4.175 GC heap before
{Heap before GC invocations=10 (full 0):
 garbage-first heap   total 24576K, used 13768K [0x000000070a400000, 0x0000000800000000)
  region size 2048K, 5 young (10240K), 1 survivors (2048K)
 Metaspace       used 9500K, committed 9664K, reserved 1114112K
  class space    used 1053K, committed 1152K, reserved 1048576K
}
Event: 4.202 GC heap after
{Heap after GC invocations=11 (full 0):
 garbage-first heap   total 24576K, used 6688K [0x000000070a400000, 0x0000000800000000)
  region size 2048K, 1 young (2048K), 1 survivors (2048K)
 Metaspace       used 9500K, committed 9664K, reserved 1114112K
  class space    used 1053K, committed 1152K, reserved 1048576K
}
Event: 4.465 GC heap before
{Heap before GC invocations=11 (full 0):
 garbage-first heap   total 24576K, used 14880K [0x000000070a400000, 0x0000000800000000)
  region size 2048K, 5 young (10240K), 1 survivors (2048K)
 Metaspace       used 9578K, committed 9792K, reserved 1114112K
  class space    used 1054K, committed 1152K, reserved 1048576K
}
Event: 4.486 GC heap after
{Heap after GC invocations=12 (full 0):
 garbage-first heap   total 24576K, used 8570K [0x000000070a400000, 0x0000000800000000)
  region size 2048K, 1 young (2048K), 1 survivors (2048K)
 Metaspace       used 9578K, committed 9792K, reserved 1114112K
  class space    used 1054K, committed 1152K, reserved 1048576K
}
Event: 5.136 GC heap before
{Heap before GC invocations=12 (full 0):
 garbage-first heap   total 24576K, used 14714K [0x000000070a400000, 0x0000000800000000)
  region size 2048K, 4 young (8192K), 1 survivors (2048K)
 Metaspace       used 10489K, committed 10688K, reserved 1114112K
  class space    used 1177K, committed 1280K, reserved 1048576K
}
Event: 5.156 GC heap after
{Heap after GC invocations=13 (full 0):
 garbage-first heap   total 24576K, used 10250K [0x000000070a400000, 0x0000000800000000)
  region size 2048K, 1 young (2048K), 1 survivors (2048K)
 Metaspace       used 10489K, committed 10688K, reserved 1114112K
  class space    used 1177K, committed 1280K, reserved 1048576K
}
Event: 5.966 GC heap before
{Heap before GC invocations=13 (full 0):
 garbage-first heap   total 24576K, used 16394K [0x000000070a400000, 0x0000000800000000)
  region size 2048K, 4 young (8192K), 1 survivors (2048K)
 Metaspace       used 11116K, committed 11328K, reserved 1114112K
  class space    used 1224K, committed 1344K, reserved 1048576K
}

Dll operation events (6 events):
Event: 0.057 Loaded shared library C:\Program Files\Java\jdk-21\bin\java.dll
Event: 0.245 Loaded shared library C:\Program Files\Java\jdk-21\bin\jsvml.dll
Event: 0.513 Loaded shared library C:\Program Files\Java\jdk-21\bin\jimage.dll
Event: 1.056 Loaded shared library C:\Program Files\Java\jdk-21\bin\net.dll
Event: 1.069 Loaded shared library C:\Program Files\Java\jdk-21\bin\nio.dll
Event: 1.304 Loaded shared library C:\Program Files\Java\jdk-21\bin\zip.dll

Deoptimization events (20 events):
Event: 5.263 Thread 0x00000195a208bc80 DEOPT PACKING pc=0x00000195b43e567c sp=0x0000002d534fd360
Event: 5.263 Thread 0x00000195a208bc80 DEOPT UNPACKING pc=0x00000195b3c646a2 sp=0x0000002d534fd290 mode 2
Event: 5.439 Thread 0x00000195a208bc80 DEOPT PACKING pc=0x00000195acc46f84 sp=0x0000002d534fceb0
Event: 5.439 Thread 0x00000195a208bc80 DEOPT UNPACKING pc=0x00000195b3c64e42 sp=0x0000002d534fc408 mode 0
Event: 5.606 Thread 0x00000195a208bc80 Uncommon trap: trap_request=0xffffffbe fr.pc=0x00000195b43c4650 relative=0x0000000000000410
Event: 5.606 Thread 0x00000195a208bc80 Uncommon trap: reason=profile_predicate action=maybe_recompile pc=0x00000195b43c4650 method=java.lang.StringLatin1.indexOf([BI[BII)I @ 18 c2
Event: 5.606 Thread 0x00000195a208bc80 DEOPT PACKING pc=0x00000195b43c4650 sp=0x0000002d534fd070
Event: 5.606 Thread 0x00000195a208bc80 DEOPT UNPACKING pc=0x00000195b3c646a2 sp=0x0000002d534fcfd0 mode 2
Event: 5.607 Thread 0x00000195a208bc80 Uncommon trap: trap_request=0xffffffde fr.pc=0x00000195b43e567c relative=0x00000000000010dc
Event: 5.607 Thread 0x00000195a208bc80 Uncommon trap: reason=class_check action=maybe_recompile pc=0x00000195b43e567c method=java.util.regex.Pattern$Start.<init>(Ljava/util/regex/Pattern$Node;)V @ 22 c2
Event: 5.607 Thread 0x00000195a208bc80 DEOPT PACKING pc=0x00000195b43e567c sp=0x0000002d534fd010
Event: 5.607 Thread 0x00000195a208bc80 DEOPT UNPACKING pc=0x00000195b3c646a2 sp=0x0000002d534fcf40 mode 2
Event: 5.679 Thread 0x00000195a208bc80 Uncommon trap: trap_request=0xffffff45 fr.pc=0x00000195b43f799c relative=0x000000000000077c
Event: 5.679 Thread 0x00000195a208bc80 Uncommon trap: reason=unstable_if action=reinterpret pc=0x00000195b43f799c method=com.sun.tools.javac.jvm.ClassReader.sigToType()Lcom/sun/tools/javac/code/Type; @ 692 c2
Event: 5.679 Thread 0x00000195a208bc80 DEOPT PACKING pc=0x00000195b43f799c sp=0x0000002d534fa1c0
Event: 5.679 Thread 0x00000195a208bc80 DEOPT UNPACKING pc=0x00000195b3c646a2 sp=0x0000002d534fa168 mode 2
Event: 5.834 Thread 0x00000195a208bc80 Uncommon trap: trap_request=0xffffff45 fr.pc=0x00000195b43ffa74 relative=0x0000000000000d74
Event: 5.834 Thread 0x00000195a208bc80 Uncommon trap: reason=unstable_if action=reinterpret pc=0x00000195b43ffa74 method=com.sun.tools.javac.jvm.PoolReader.resolve(Lcom/sun/tools/javac/util/ByteBuffer;II)Ljava/lang/Object; @ 1 c2
Event: 5.834 Thread 0x00000195a208bc80 DEOPT PACKING pc=0x00000195b43ffa74 sp=0x0000002d534fcc20
Event: 5.834 Thread 0x00000195a208bc80 DEOPT UNPACKING pc=0x00000195b3c646a2 sp=0x0000002d534fcbd0 mode 2

Classes loaded (20 events):
Event: 4.531 Loading class java/text/MessageFormat
Event: 4.532 Loading class java/text/MessageFormat done
Event: 4.541 Loading class java/text/MessageFormat$Field
Event: 4.541 Loading class java/text/MessageFormat$Field done
Event: 4.764 Loading class java/util/stream/ReduceOps$1
Event: 4.765 Loading class java/util/stream/ReduceOps$1 done
Event: 4.765 Loading class java/util/stream/ReduceOps$1ReducingSink
Event: 4.765 Loading class java/util/stream/ReduceOps$1ReducingSink done
Event: 4.986 Loading class java/util/stream/ReduceOps$2
Event: 4.986 Loading class java/util/stream/ReduceOps$2 done
Event: 4.986 Loading class java/util/stream/ReduceOps$2ReducingSink
Event: 4.987 Loading class java/util/stream/ReduceOps$2ReducingSink done
Event: 5.127 Loading class java/util/EnumMap$EntrySet
Event: 5.128 Loading class java/util/EnumMap$EntrySet done
Event: 5.128 Loading class java/util/EnumMap$EntryIterator
Event: 5.128 Loading class java/util/EnumMap$EnumMapIterator
Event: 5.128 Loading class java/util/EnumMap$EnumMapIterator done
Event: 5.128 Loading class java/util/EnumMap$EntryIterator done
Event: 5.128 Loading class java/util/EnumMap$EntryIterator$Entry
Event: 5.128 Loading class java/util/EnumMap$EntryIterator$Entry done

Classes unloaded (0 events):
No events

Classes redefined (0 events):
No events

Internal exceptions (20 events):
Event: 4.551 Thread 0x00000195a208bc80 Exception <a 'sun/nio/fs/WindowsException'{0x000000070b908900}> (0x000000070b908900) 
thrown [s\open\src\hotspot\share\prims\jni.cpp, line 520]
Event: 4.554 Thread 0x00000195a208bc80 Exception <a 'sun/nio/fs/WindowsException'{0x000000070b90a0e0}> (0x000000070b90a0e0) 
thrown [s\open\src\hotspot\share\prims\jni.cpp, line 520]
Event: 4.555 Thread 0x00000195a208bc80 Exception <a 'sun/nio/fs/WindowsException'{0x000000070b90b7a0}> (0x000000070b90b7a0) 
thrown [s\open\src\hotspot\share\prims\jni.cpp, line 520]
Event: 4.557 Thread 0x00000195a208bc80 Exception <a 'sun/nio/fs/WindowsException'{0x000000070b90d048}> (0x000000070b90d048) 
thrown [s\open\src\hotspot\share\prims\jni.cpp, line 520]
Event: 4.560 Thread 0x00000195a208bc80 Exception <a 'sun/nio/fs/WindowsException'{0x000000070b9158e0}> (0x000000070b9158e0) 
thrown [s\open\src\hotspot\share\prims\jni.cpp, line 520]
Event: 4.593 Thread 0x00000195a208bc80 Exception <a 'sun/nio/fs/WindowsException'{0x000000070b9901f0}> (0x000000070b9901f0) 
thrown [s\open\src\hotspot\share\prims\jni.cpp, line 520]
Event: 4.595 Thread 0x00000195a208bc80 Exception <a 'sun/nio/fs/WindowsException'{0x000000070b991628}> (0x000000070b991628) 
thrown [s\open\src\hotspot\share\prims\jni.cpp, line 520]
Event: 4.596 Thread 0x00000195a208bc80 Exception <a 'sun/nio/fs/WindowsException'{0x000000070b992e30}> (0x000000070b992e30) 
thrown [s\open\src\hotspot\share\prims\jni.cpp, line 520]
Event: 4.607 Thread 0x00000195a208bc80 Exception <a 'sun/nio/fs/WindowsException'{0x000000070b9c0728}> (0x000000070b9c0728) 
thrown [s\open\src\hotspot\share\prims\jni.cpp, line 520]
Event: 4.614 Thread 0x00000195a208bc80 Exception <a 'sun/nio/fs/WindowsException'{0x000000070b9dfff0}> (0x000000070b9dfff0) 
thrown [s\open\src\hotspot\share\prims\jni.cpp, line 520]
Event: 4.617 Thread 0x00000195a208bc80 Exception <a 'sun/nio/fs/WindowsException'{0x000000070b9e2a88}> (0x000000070b9e2a88) 
thrown [s\open\src\hotspot\share\prims\jni.cpp, line 520]
Event: 4.839 Thread 0x00000195a208bc80 Exception <a 'java/lang/NoSuchMethodError'{0x000000070b4a6a60}: 'int java.lang.invoke.DirectMethodHandle$Holder.invokeStatic(java.lang.Object, java.lang.Object, java.lang.Object, java.lang.Object)'> (0x000000070b4a6a60) 
thrown [s\open\src\hotspot\share\interpreter\linkResolver.cpp, line 773]
Event: 5.076 Thread 0x00000195a208bc80 Exception <a 'java/lang/NoSuchMethodError'{0x000000070b5cdcb8}: 'int java.lang.invoke.DirectMethodHandle$Holder.invokeVirtual(java.lang.Object, java.lang.Object, java.lang.Object, java.lang.Object)'> (0x000000070b5cdcb8) 
thrown [s\open\src\hotspot\share\interpreter\linkResolver.cpp, line 773]
Event: 5.086 Thread 0x00000195a208bc80 Exception <a 'java/lang/NoSuchMethodError'{0x000000070b5d7be0}: 'java.lang.Object java.lang.invoke.DirectMethodHandle$Holder.newInvokeSpecial(java.lang.Object, java.lang.Object, int, java.lang.Object)'> (0x000000070b5d7be0) 
thrown [s\open\src\hotspot\share\interpreter\linkResolver.cpp, line 773]
Event: 5.091 Thread 0x00000195a208bc80 Exception <a 'java/lang/NoSuchMethodError'{0x000000070b5dbd38}: 'java.lang.Object java.lang.invoke.DirectMethodHandle$Holder.invokeSpecial(java.lang.Object, java.lang.Object, java.lang.Object, int, java.lang.Object)'> (0x000000070b5dbd38) 
thrown [s\open\src\hotspot\share\interpreter\linkResolver.cpp, line 773]
Event: 5.380 Thread 0x00000195a208bc80 Exception <a 'java/lang/NoSuchMethodError'{0x000000070b67cc70}: 'void java.lang.invoke.DirectMethodHandle$Holder.invokeVirtual(java.lang.Object, java.lang.Object)'> (0x000000070b67cc70) 
thrown [s\open\src\hotspot\share\interpreter\linkResolver.cpp, line 773]
Event: 5.461 Thread 0x00000195a208bc80 Exception <a 'java/lang/NoSuchMethodError'{0x000000070b74d2e0}: 'java.lang.Object java.lang.invoke.DirectMethodHandle$Holder.newInvokeSpecial(java.lang.Object, java.lang.Object, java.lang.Object, java.lang.Object, java.lang.Object, java.lang.Object, java.lang.Object, java.lang.Object)'> (0x000000070b74d2e0) 
thrown [s\open\src\hotspot\share\interpreter\linkResolver.cpp, line 773]
Event: 5.473 Thread 0x00000195a208bc80 Exception <a 'java/lang/NoSuchMethodError'{0x000000070b75cf78}: 'java.lang.Object java.lang.invoke.DirectMethodHandle$Holder.newInvokeSpecial(java.lang.Object, java.lang.Object, java.lang.Object, java.lang.Object, java.lang.Object, java.lang.Object, java.lang.Object)'> (0x000000070b75cf78) 
thrown [s\open\src\hotspot\share\interpreter\linkResolver.cpp, line 773]
Event: 5.571 Thread 0x00000195a208bc80 Exception <a 'java/lang/NoSuchMethodError'{0x000000070b7e2630}: 'java.lang.Object java.lang.invoke.DirectMethodHandle$Holder.newInvokeSpecial(java.lang.Object, java.lang.Object, java.lang.Object, java.lang.Object, java.lang.Object, java.lang.Object, java.lang.Object, int)'> (0x000000070b7e2630) 
thrown [s\open\src\hotspot\share\interpreter\linkResolver.cpp, line 773]
Event: 5.578 Thread 0x00000195a208bc80 Exception <a 'java/lang/NoSuchMethodError'{0x000000070b7e7448}: 'java.lang.Object java.lang.invoke.DirectMethodHandle$Holder.invokeSpecial(java.lang.Object, java.lang.Object, java.lang.Object, java.lang.Object, java.lang.Object, java.lang.Object, java.lang.Object, java.lang.Object, int)'> (0x000000070b7e7448) 
thrown [s\open\src\hotspot\share\interpreter\linkResolver.cpp, line 773]

ZGC Phase Switch (0 events):
No events

VM Operations (20 events):
Event: 4.202 Executing VM operation: G1CollectForAllocation (G1 Evacuation Pause) done
Event: 4.464 Executing VM operation: G1CollectForAllocation (G1 Evacuation Pause)
Event: 4.486 Executing VM operation: G1CollectForAllocation (G1 Evacuation Pause) done
Event: 4.535 Executing VM operation: HandshakeAllThreads (Deoptimize)
Event: 4.535 Executing VM operation: HandshakeAllThreads (Deoptimize) done
Event: 4.956 Executing VM operation: HandshakeAllThreads (Deoptimize)
Event: 4.956 Executing VM operation: HandshakeAllThreads (Deoptimize) done
Event: 5.043 Executing VM operation: HandshakeAllThreads (Deoptimize)
Event: 5.043 Executing VM operation: HandshakeAllThreads (Deoptimize) done
Event: 5.135 Executing VM operation: G1CollectForAllocation (G1 Evacuation Pause)
Event: 5.156 Executing VM operation: G1CollectForAllocation (G1 Evacuation Pause) done
Event: 5.355 Executing VM operation: ICBufferFull
Event: 5.355 Executing VM operation: ICBufferFull done
Event: 5.436 Executing VM operation: HandshakeAllThreads (Deoptimize)
Event: 5.437 Executing VM operation: HandshakeAllThreads (Deoptimize) done
Event: 5.438 Executing VM operation: HandshakeAllThreads (Deoptimize)
Event: 5.438 Executing VM operation: HandshakeAllThreads (Deoptimize) done
Event: 5.657 Executing VM operation: ICBufferFull
Event: 5.657 Executing VM operation: ICBufferFull done
Event: 5.965 Executing VM operation: G1CollectForAllocation (G1 Evacuation Pause)

Events (20 events):
Event: 0.240 Thread 0x00000195c30b5230 Thread added: 0x00000195c30b5230
Event: 0.240 Thread 0x00000195c30b7c60 Thread added: 0x00000195c30b7c60
Event: 0.240 Thread 0x00000195c30bc410 Thread added: 0x00000195c30bc410
Event: 0.240 Thread 0x00000195c30bce60 Thread added: 0x00000195c30bce60
Event: 0.241 Thread 0x00000195c30c1c00 Thread added: 0x00000195c30c1c00
Event: 0.254 Thread 0x00000196090307a0 Thread added: 0x00000196090307a0
Event: 0.357 Thread 0x0000019609064e30 Thread added: 0x0000019609064e30
Event: 0.488 Thread 0x0000019609166b50 Thread added: 0x0000019609166b50
Event: 0.555 Thread 0x0000019609184840 Thread added: 0x0000019609184840
Event: 0.756 Thread 0x0000019609184840 Thread exited: 0x0000019609184840
Event: 1.511 Thread 0x000001960941a770 Thread added: 0x000001960941a770
Event: 1.511 Thread 0x00000196093f9f90 Thread added: 0x00000196093f9f90
Event: 2.809 Thread 0x0000019609657170 Thread added: 0x0000019609657170
Event: 3.267 Thread 0x0000019609a818d0 Thread added: 0x0000019609a818d0
Event: 3.624 Thread 0x0000019609a818d0 Thread exited: 0x0000019609a818d0
Event: 3.740 Thread 0x0000019609f357f0 Thread added: 0x0000019609f357f0
Event: 4.144 Thread 0x0000019609f6d740 Thread added: 0x0000019609f6d740
Event: 4.864 Thread 0x000001960b4b5760 Thread added: 0x000001960b4b5760
Event: 4.912 Thread 0x000001960b01b7d0 Thread added: 0x000001960b01b7d0
Event: 5.965 Thread 0x000001960b01b7d0 Thread exited: 0x000001960b01b7d0


Dynamic libraries:
0x00007ff71e150000 - 0x00007ff71e158000 	C:\Program Files\Java\jdk-21\bin\javac.exe
0x00007ff859490000 - 0x00007ff8596a7000 	C:\WINDOWS\SYSTEM32\ntdll.dll
0x00007ff857830000 - 0x00007ff8578f4000 	C:\WINDOWS\System32\KERNEL32.DLL
0x00007ff856ad0000 - 0x00007ff856e7c000 	C:\WINDOWS\System32\KERNELBASE.dll
0x00007ff8567c0000 - 0x00007ff8568d1000 	C:\WINDOWS\System32\ucrtbase.dll
0x00007ff819440000 - 0x00007ff81945b000 	C:\Program Files\Java\jdk-21\bin\VCRUNTIME140.dll
0x00007ff850270000 - 0x00007ff850289000 	C:\Program Files\Java\jdk-21\bin\jli.dll
0x00007ff857cc0000 - 0x00007ff857d72000 	C:\WINDOWS\System32\ADVAPI32.dll
0x00007ff858600000 - 0x00007ff8586a7000 	C:\WINDOWS\System32\msvcrt.dll
0x00007ff859090000 - 0x00007ff85913a000 	C:\WINDOWS\System32\sechost.dll
0x00007ff856e80000 - 0x00007ff856ea8000 	C:\WINDOWS\System32\bcrypt.dll
0x00007ff858060000 - 0x00007ff858175000 	C:\WINDOWS\System32\RPCRT4.dll
0x00007ff859140000 - 0x00007ff8592ee000 	C:\WINDOWS\System32\USER32.dll
0x00007ff856fc0000 - 0x00007ff856fe6000 	C:\WINDOWS\System32\win32u.dll
0x00007ff857470000 - 0x00007ff857499000 	C:\WINDOWS\System32\GDI32.dll
0x00007ff856ff0000 - 0x00007ff857109000 	C:\WINDOWS\System32\gdi32full.dll
0x00007ff856eb0000 - 0x00007ff856f4a000 	C:\WINDOWS\System32\msvcp_win.dll
0x00007ff843530000 - 0x00007ff8437c3000 	C:\WINDOWS\WinSxS\amd64_microsoft.windows.common-controls_6595b64144ccf1df_6.0.22621.3672_none_2713b9d173822955\COMCTL32.dll
0x00007ff84d400000 - 0x00007ff84d40a000 	C:\WINDOWS\SYSTEM32\VERSION.dll
0x00007ff857900000 - 0x00007ff857931000 	C:\WINDOWS\System32\IMM32.DLL
0x00007ff851f20000 - 0x00007ff851f2c000 	C:\Program Files\Java\jdk-21\bin\vcruntime140_1.dll
0x00007fffc3a60000 - 0x00007fffc3aee000 	C:\Program Files\Java\jdk-21\bin\msvcp140.dll
0x00007fffc0c70000 - 0x00007fffc1985000 	C:\Program Files\Java\jdk-21\bin\server\jvm.dll
0x00007ff8592f0000 - 0x00007ff859361000 	C:\WINDOWS\System32\WS2_32.dll
0x00007ff8564d0000 - 0x00007ff85651d000 	C:\WINDOWS\SYSTEM32\POWRPROF.dll
0x00007ff852390000 - 0x00007ff8523c4000 	C:\WINDOWS\SYSTEM32\WINMM.dll
0x00007ff8564b0000 - 0x00007ff8564c3000 	C:\WINDOWS\SYSTEM32\UMPDC.dll
0x00007ff855790000 - 0x00007ff8557a8000 	C:\WINDOWS\SYSTEM32\kernel.appcore.dll
0x00007ff822450000 - 0x00007ff82245a000 	C:\Program Files\Java\jdk-21\bin\jimage.dll
0x00007ff84f150000 - 0x00007ff84f382000 	C:\WINDOWS\SYSTEM32\DBGHELP.DLL
0x00007ff8574a0000 - 0x00007ff857828000 	C:\WINDOWS\System32\combase.dll
0x00007ff857390000 - 0x00007ff857467000 	C:\WINDOWS\System32\OLEAUT32.dll
0x00007ff844680000 - 0x00007ff8446b2000 	C:\WINDOWS\SYSTEM32\dbgcore.DLL
0x00007ff8568e0000 - 0x00007ff85695b000 	C:\WINDOWS\System32\bcryptPrimitives.dll
0x00007ff819d40000 - 0x00007ff819d5f000 	C:\Program Files\Java\jdk-21\bin\java.dll
0x00007ff858730000 - 0x00007ff858f8c000 	C:\WINDOWS\System32\SHELL32.dll
0x00007ff854710000 - 0x00007ff855007000 	C:\WINDOWS\SYSTEM32\windows.storage.dll
0x00007ff8545d0000 - 0x00007ff85470f000 	C:\WINDOWS\SYSTEM32\wintypes.dll
0x00007ff858f90000 - 0x00007ff859084000 	C:\WINDOWS\System32\SHCORE.dll
0x00007ff8586b0000 - 0x00007ff85870e000 	C:\WINDOWS\System32\shlwapi.dll
0x00007ff8566f0000 - 0x00007ff856711000 	C:\WINDOWS\SYSTEM32\profapi.dll
0x00007fffc3c80000 - 0x00007fffc3d57000 	C:\Program Files\Java\jdk-21\bin\jsvml.dll
0x00007ff81cc60000 - 0x00007ff81cc70000 	C:\Program Files\Java\jdk-21\bin\net.dll
0x00007ff853390000 - 0x00007ff8534c6000 	C:\WINDOWS\SYSTEM32\WINHTTP.dll
0x00007ff855c60000 - 0x00007ff855cc9000 	C:\WINDOWS\system32\mswsock.dll
0x00007ff818e60000 - 0x00007ff818e76000 	C:\Program Files\Java\jdk-21\bin\nio.dll
0x00007ff818d30000 - 0x00007ff818d48000 	C:\Program Files\Java\jdk-21\bin\zip.dll

dbghelp: loaded successfully - version: 4.0.5 - missing functions: none
symbol engine: initialized successfully - sym options: 0x614 - pdb path: .;C:\Program Files\Java\jdk-21\bin;C:\WINDOWS\SYSTEM32;C:\WINDOWS\WinSxS\amd64_microsoft.windows.common-controls_6595b64144ccf1df_6.0.22621.3672_none_2713b9d173822955;C:\Program Files\Java\jdk-21\bin\server

VM Arguments:
jvm_args: -Dapplication.home=C:\Program Files\Java\jdk-21 --add-modules=ALL-DEFAULT -Xms8m -Djdk.module.main=jdk.compiler 
java_command: jdk.compiler/com.sun.tools.javac.Main -d C:\Users\sinoe\OneDrive\Documentos\NetBeansProjects\REPRODUCTOR_MUSIC\build\classes -classpath C:\Users\sinoe\OneDrive\Documentos\NetBeansProjects\REPRODUCTOR_MUSIC\build\classes;C:\Users\sinoe\OneDrive\Documentos\NetBeansProjects\jl1.0.jar;C:\Users\sinoe\OneDrive\Documentos\NetBeansProjects\mp3agic-0.9.1.jar;C:\Users\sinoe\OneDrive\Documentos\NetBeansProjects\gson-2.10.1.jar -sourcepath C:\Users\sinoe\OneDrive\Documentos\NetBeansProjects\REPRODUCTOR_MUSIC\build\empty -target 21 -encoding UTF-8 -g -processorpath C:\Users\sinoe\OneDrive\Documentos\NetBeansProjects\jl1.0.jar;C:\Users\sinoe\OneDrive\Documentos\NetBeansProjects\mp3agic-0.9.1.jar;C:\Users\sinoe\OneDrive\Documentos\NetBeansProjects\gson-2.10.1.jar;C:\Users\sinoe\OneDrive\Documentos\NetBeansProjects\REPRODUCTOR_MUSIC\build\empty -s C:\Users\sinoe\OneDrive\Documentos\NetBeansProjects\REPRODUCTOR_MUSIC\build\generated-sources\ap-source-output -source 21 C:\Users\sinoe\OneDrive\Documentos\NetBeansProjects\REPRODUCTOR_MUSIC\src\DOMAIN\Song.java C:\Users\sinoe\OneDrive\Documentos\NetBeansProjects\REPRODUCTOR_MUSIC\src\DOMAIN\SongMetadata.java C:\Users\sinoe\OneDrive\Documentos\NetBeansProjects\REPRODUCTOR_MUSIC\src\GUI\App.java C:\Users\sinoe\OneDrive\Documentos\NetBeansProjects\REPRODUCTOR_MUSIC\src\GUI\MainWindow.java C:\Users\sinoe\OneDrive\Documentos\NetBeansProjects\REPRODUCTOR_MUSIC\src\GUI\PlayerPanel.java C:\Users\sinoe\OneDrive\Documentos\NetBeansProjects\REPRODUCTOR_MUSIC\src\LOGIC\ConsumerPlayer.java C:\Users\sinoe\OneDrive\Documentos\NetBeansProjects\REPRODUCTOR_MUSIC\src\LOGIC\MusicBuffer.java C:\Users\sinoe\OneDrive\Documentos\NetBeansProjects\REPRODUCTOR_MUSIC\src\LOGIC\MusicManager.java C:\Users\sinoe\OneDrive\Documentos\NetBeansProjects\REPRODUCTOR_MUSIC\src\LOGIC\Playlist.java C:\Users\sinoe\OneDrive\Documentos\NetBeansProjects\REPRODUCTOR_MUSIC\src\LOGIC\PlaylistManager.java C:\Users\sinoe\OneDrive\Documentos\NetBeansProjects\REPRODUCTO
java_class_path (initial): <not set>
Launcher Type: SUN_STANDARD

[Global flags]
     intx CICompilerCount                          = 12                                        {product} {ergonomic}
     uint ConcGCThreads                            = 3                                         {product} {ergonomic}
     uint G1ConcRefinementThreads                  = 13                                        {product} {ergonomic}
   size_t G1HeapRegionSize                         = 2097152                                   {product} {ergonomic}
    uintx GCDrainStackTargetSize                   = 64                                        {product} {ergonomic}
   size_t InitialHeapSize                          = 8388608                                   {product} {command line}
   size_t MarkStackSize                            = 4194304                                   {product} {ergonomic}
   size_t MaxHeapSize                              = 4123000832                                {product} {ergonomic}
   size_t MaxNewSize                               = 2472542208                                {product} {ergonomic}
   size_t MinHeapDeltaBytes                        = 2097152                                   {product} {ergonomic}
   size_t MinHeapSize                              = 8388608                                   {product} {command line}
    uintx NonNMethodCodeHeapSize                   = 7602480                                {pd product} {ergonomic}
    uintx NonProfiledCodeHeapSize                  = 122027880                              {pd product} {ergonomic}
    uintx ProfiledCodeHeapSize                     = 122027880                              {pd product} {ergonomic}
    uintx ReservedCodeCacheSize                    = 251658240                              {pd product} {ergonomic}
     bool SegmentedCodeCache                       = true                                      {product} {ergonomic}
   size_t SoftMaxHeapSize                          = 4123000832                             {manageable} {ergonomic}
     bool UseCompressedOops                        = true                           {product lp64_product} {ergonomic}
     bool UseG1GC                                  = true                                      {product} {ergonomic}
     bool UseLargePagesIndividualAllocation        = false                                  {pd product} {ergonomic}

Logging:
Log output configuration:
 #0: stdout all=warning uptime,level,tags foldmultilines=false
 #1: stderr all=off uptime,level,tags foldmultilines=false

Environment Variables:
PATH=C:\Program Files (x86)\Common Files\Intel\Shared Libraries\redist\intel64\compiler;C:\Program Files\Common Files\Oracle\Java\javapath;C:\WINDOWS\system32;C:\WINDOWS;C:\WINDOWS\System32\Wbem;C:\WINDOWS\System32\WindowsPowerShell\v1.0\;C:\WINDOWS\System32\OpenSSH\;C:\Program Files\swipl\bin;C:\Program Files\dotnet\;C:\Program Files (x86)\Microsoft SQL Server\160\Tools\Binn\;C:\Program Files\Microsoft SQL Server\160\Tools\Binn\;C:\Program Files\Microsoft SQL Server\Client SDK\ODBC\170\Tools\Binn\;C:\Program Files\Microsoft SQL Server\160\DTS\Binn\;C:\Program Files (x86)\Microsoft SQL Server\160\DTS\Binn\;C:\Program Files\Git\cmd;C:\Users\sinoe\AppData\Roaming\nvm;C:\Program Files\nodejs;C:\ProgramData\chocolatey\bin;C:\Program Files\nodejs\;C:\Users\sinoe\.cargo\bin;C:\Users\sinoe\AppData\Local\Programs\Python\Python313\Scripts\;C:\Users\sinoe\AppData\Local\Programs\Python\Python313\;C:\Users\sinoe\AppData\Local\Programs\Python\Python312\Scripts\;C:\Users\sinoe\AppData\Local\Programs\Python\Python312\;C:\Users\sinoe\AppData\Local\Microsoft\WindowsApps;C:\Users\sinoe\AppData\Local\Programs\Microsoft VS Code\bin;C:\Users\sinoe\AppData\Roaming\nvm;C:\Program Files\nodejs;C:\Users\sinoe\AppData\Local\Muse Hub\lib;C:\Users\sinoe\AppData\Roaming\npm
USERNAME=sinoe
OS=Windows_NT
PROCESSOR_IDENTIFIER=AMD64 Family 23 Model 104 Stepping 1, AuthenticAMD
TMP=C:\Users\sinoe\AppData\Local\Temp
TEMP=C:\Users\sinoe\AppData\Local\Temp




Periodic native trim disabled

---------------  S Y S T E M  ---------------

OS:
 Windows 11 , 64 bit Build 22621 (10.0.22621.3672)
OS uptime: 0 days 1:09 hours

CPU: total 16 (initial active 16) (16 cores per cpu, 2 threads per core) family 23 model 104 stepping 1 microcode 0x0, cx8, cmov, fxsr, ht, mmx, 3dnowpref, sse, sse2, sse3, ssse3, sse4a, sse4.1, sse4.2, popcnt, lzcnt, tsc, tscinvbit, avx, avx2, aes, clmul, bmi1, bmi2, adx, sha, fma, vzeroupper, clflush, clflushopt, rdtscp, rdpid, f16c
Processor Information for all 16 processors :
  Max Mhz: 1801, Current Mhz: 1440, Mhz Limit: 1801

Memory: 4k page, system-wide physical 15720M (2499M free)
TotalPageFile size 15720M (AvailPageFile size 16M)
current process WorkingSet (physical memory assigned to process): 123M, peak: 127M
current process commit charge ("private bytes"): 167M, peak: 201M

vm_info: Java HotSpot(TM) 64-Bit Server VM (21.0.1+12-LTS-29) for windows-amd64 JRE (21.0.1+12-LTS-29), built on 2023-10-05T13:27:09Z by "mach5one" with MS VC++ 17.1 (VS2022)

END.
