#
# There is insufficient memory for the Java Runtime Environment to continue.
# Native memory allocation (mmap) failed to map 536870912 bytes for G1 virtual space
# Possible reasons:
#   The system is out of physical RAM or swap space
#   The process is running with CompressedOops enabled, and the Java Heap may be blocking the growth of the native heap
# Possible solutions:
#   Reduce memory load on the system
#   Increase physical memory or swap space
#   Check if swap backing store is full
#   Decrease Java heap size (-Xmx/-Xms)
#   Decrease number of Java threads
#   Decrease Java thread stack sizes (-Xss)
#   Set larger code cache with -XX:ReservedCodeCacheSize=
#   JVM is running with Zero Based Compressed Oops mode in which the Java heap is
#     placed in the first 32GB address space. The Java Heap base address is the
#     maximum limit for the native heap growth. Please use -XX:HeapBaseMinAddress
#     to set the Java Heap base and to place the Java Heap above 32GB virtual address.
# This output file may be truncated or incomplete.
#
#  Out of Memory Error (os_windows.cpp:3600), pid=11892, tid=15676
#
# JRE version:  (21.0.1+12) (build )
# Java VM: Java HotSpot(TM) 64-Bit Server VM (21.0.1+12-LTS-29, mixed mode, sharing, tiered, compressed oops, compressed class ptrs, g1 gc, windows-amd64)
# No core dump will be written. Minidumps are not enabled by default on client versions of Windows
#

---------------  S U M M A R Y ------------

Command Line: -Dfile.encoding=UTF-8 -Xms512m --module-path=C:\Users\sinoe\OneDrive\Documentos\NetBeansProjects\REPRODUCTOR_MUSIC\build\classes GUI.App

Host: AMD Ryzen 7 5700U with Radeon Graphics         , 16 cores, 15G,  Windows 11 , 64 bit Build 22621 (10.0.22621.3672)
Time: Mon Jun  2 18:42:57 2025 Hora estándar central (México) elapsed time: 0.010335 seconds (0d 0h 0m 0s)

---------------  T H R E A D  ---------------

Current thread (0x000002980fa098c0):  JavaThread "Unknown thread" [_thread_in_vm, id=15676, stack(0x000000e3e5c00000,0x000000e3e5d00000) (1024K)]

Stack: [0x000000e3e5c00000,0x000000e3e5d00000]
Native frames: (J=compiled Java code, j=interpreted, Vv=VM code, C=native code)
V  [jvm.dll+0x6c9029]
V  [jvm.dll+0x854b81]
V  [jvm.dll+0x856e5e]
V  [jvm.dll+0x857543]
V  [jvm.dll+0x280c06]
V  [jvm.dll+0x6c5715]
V  [jvm.dll+0x6ba10a]
V  [jvm.dll+0x3557ea]
V  [jvm.dll+0x35d436]
V  [jvm.dll+0x3ae1be]
V  [jvm.dll+0x3ae468]
V  [jvm.dll+0x3291fc]
V  [jvm.dll+0x329d8b]
V  [jvm.dll+0x81d179]
V  [jvm.dll+0x3bb4f1]
V  [jvm.dll+0x805ae8]
V  [jvm.dll+0x44effe]
V  [jvm.dll+0x450901]
C  [jli.dll+0x52a3]
C  [ucrtbase.dll+0x29333]
C  [KERNEL32.DLL+0x1257d]
C  [ntdll.dll+0x5af28]


---------------  P R O C E S S  ---------------

Threads class SMR info:
_java_thread_list=0x00007fff76859b88, length=0, elements={
}

Java Threads: ( => current thread )
Total: 0

Other Threads:
  0x000002980fa6c270 WorkerThread "GC Thread#0"                     [id=2628, stack(0x000000e3e5d00000,0x000000e3e5e00000) (1024K)]
  0x000002980fa7c890 ConcurrentGCThread "G1 Main Marker"            [id=17228, stack(0x000000e3e5e00000,0x000000e3e5f00000) (1024K)]
  0x000002980fa7dd50 WorkerThread "G1 Conc#0"                       [id=14916, stack(0x000000e3e5f00000,0x000000e3e6000000) (1024K)]

[error occurred during error reporting (printing all threads), id 0xc0000005, EXCEPTION_ACCESS_VIOLATION (0xc0000005) at pc=0x00007fff75fcc2c7]
VM state: not at safepoint (not fully initialized)

VM Mutex/Monitor currently owned by a thread:  ([mutex/lock_event])
[0x00007fff768ca6f8] Heap_lock - owner thread: 0x000002980fa098c0

Heap address: 0x000000070a400000, size: 3932 MB, Compressed Oops mode: Zero based, Oop shift amount: 3

CDS archive(s) mapped at: [0x0000000000000000-0x0000000000000000-0x0000000000000000), size 0, SharedBaseAddress: 0x0000000800000000, ArchiveRelocationMode: 1.
Narrow klass base: 0x0000000000000000, Narrow klass shift: 0, Narrow klass range: 0x0

GC Precious Log:
 CardTable entry size: 512
 Card Set container configuration: InlinePtr #cards 4 size 8 Array Of Cards #cards 16 size 48 Howl #buckets 8 coarsen threshold 3686 Howl Bitmap #cards 512 size 80 coarsen threshold 460 Card regions per heap region 1 cards per card region 4096

Heap:
 garbage-first heap   total 0K, used 0K [0x000000070a400000, 0x0000000800000000)
  region size 2048K, 0 young (0K), 0 survivors (0K)

[error occurred during error reporting (printing heap information), id 0xc0000005, EXCEPTION_ACCESS_VIOLATION (0xc0000005) at pc=0x00007fff763b1be9]
GC Heap History (0 events):
No events

Dll operation events (1 events):
Event: 0.006 Loaded shared library C:\Program Files\Java\jdk-21\bin\java.dll

Deoptimization events (0 events):
No events

Classes loaded (0 events):
No events

Classes unloaded (0 events):
No events

Classes redefined (0 events):
No events

Internal exceptions (0 events):
No events

ZGC Phase Switch (0 events):
No events

VM Operations (0 events):
No events

Events (0 events):
No events


Dynamic libraries:
0x00007ff6bec00000 - 0x00007ff6bec10000 	C:\Program Files\Java\jdk-21\bin\java.exe
0x00007ff8091b0000 - 0x00007ff8093c7000 	C:\WINDOWS\SYSTEM32\ntdll.dll
0x00007ff8088f0000 - 0x00007ff8089b4000 	C:\WINDOWS\System32\KERNEL32.DLL
0x00007ff806b40000 - 0x00007ff806eec000 	C:\WINDOWS\System32\KERNELBASE.dll
0x00007ff806580000 - 0x00007ff806691000 	C:\WINDOWS\System32\ucrtbase.dll
0x00007fffba710000 - 0x00007fffba72b000 	C:\Program Files\Java\jdk-21\bin\VCRUNTIME140.dll
0x00007ffff7480000 - 0x00007ffff7499000 	C:\Program Files\Java\jdk-21\bin\jli.dll
0x00007ff8070c0000 - 0x00007ff807172000 	C:\WINDOWS\System32\ADVAPI32.dll
0x00007ff807180000 - 0x00007ff807227000 	C:\WINDOWS\System32\msvcrt.dll
0x00007ff808820000 - 0x00007ff8088ca000 	C:\WINDOWS\System32\sechost.dll
0x00007ff806960000 - 0x00007ff806988000 	C:\WINDOWS\System32\bcrypt.dll
0x00007ff806ef0000 - 0x00007ff807005000 	C:\WINDOWS\System32\RPCRT4.dll
0x00007ff808b90000 - 0x00007ff808d3e000 	C:\WINDOWS\System32\USER32.dll
0x00007ff8066a0000 - 0x00007ff8066c6000 	C:\WINDOWS\System32\win32u.dll
0x00007ff808d90000 - 0x00007ff808db9000 	C:\WINDOWS\System32\GDI32.dll
0x00007ff806840000 - 0x00007ff806959000 	C:\WINDOWS\System32\gdi32full.dll
0x00007ffff4400000 - 0x00007ffff4693000 	C:\WINDOWS\WinSxS\amd64_microsoft.windows.common-controls_6595b64144ccf1df_6.0.22621.3672_none_2713b9d173822955\COMCTL32.dll
0x00007ff8064e0000 - 0x00007ff80657a000 	C:\WINDOWS\System32\msvcp_win.dll
0x00007ffffe5e0000 - 0x00007ffffe5ea000 	C:\WINDOWS\SYSTEM32\VERSION.dll
0x00007ff808b50000 - 0x00007ff808b81000 	C:\WINDOWS\System32\IMM32.DLL
0x00007fffcea90000 - 0x00007fffcea9c000 	C:\Program Files\Java\jdk-21\bin\vcruntime140_1.dll
0x00007fffa5840000 - 0x00007fffa58ce000 	C:\Program Files\Java\jdk-21\bin\msvcp140.dll
0x00007fff75c90000 - 0x00007fff769a5000 	C:\Program Files\Java\jdk-21\bin\server\jvm.dll
0x00007ff809000000 - 0x00007ff809071000 	C:\WINDOWS\System32\WS2_32.dll
0x00007ff8061f0000 - 0x00007ff80623d000 	C:\WINDOWS\SYSTEM32\POWRPROF.dll
0x00007ff801e90000 - 0x00007ff801ec4000 	C:\WINDOWS\SYSTEM32\WINMM.dll
0x00007ff8061d0000 - 0x00007ff8061e3000 	C:\WINDOWS\SYSTEM32\UMPDC.dll
0x00007ff8054b0000 - 0x00007ff8054c8000 	C:\WINDOWS\SYSTEM32\kernel.appcore.dll
0x00007fffcd580000 - 0x00007fffcd58a000 	C:\Program Files\Java\jdk-21\bin\jimage.dll
0x00007fffff320000 - 0x00007fffff552000 	C:\WINDOWS\SYSTEM32\DBGHELP.DLL
0x00007ff807240000 - 0x00007ff8075c8000 	C:\WINDOWS\System32\combase.dll
0x00007ff808dc0000 - 0x00007ff808e97000 	C:\WINDOWS\System32\OLEAUT32.dll
0x00007ffff4d00000 - 0x00007ffff4d32000 	C:\WINDOWS\SYSTEM32\dbgcore.DLL
0x00007ff806a50000 - 0x00007ff806acb000 	C:\WINDOWS\System32\bcryptPrimitives.dll
0x00007fffb6f90000 - 0x00007fffb6faf000 	C:\Program Files\Java\jdk-21\bin\java.dll

dbghelp: loaded successfully - version: 4.0.5 - missing functions: none
symbol engine: initialized successfully - sym options: 0x614 - pdb path: .;C:\Program Files\Java\jdk-21\bin;C:\WINDOWS\SYSTEM32;C:\WINDOWS\WinSxS\amd64_microsoft.windows.common-controls_6595b64144ccf1df_6.0.22621.3672_none_2713b9d173822955;C:\Program Files\Java\jdk-21\bin\server

VM Arguments:
jvm_args: -Dfile.encoding=UTF-8 -Xms512m --module-path=C:\Users\sinoe\OneDrive\Documentos\NetBeansProjects\REPRODUCTOR_MUSIC\build\classes 
java_command: GUI.App
java_class_path (initial): C:\Users\sinoe\OneDrive\Documentos\NetBeansProjects\jl1.0.jar;C:\Users\sinoe\OneDrive\Documentos\NetBeansProjects\mp3agic-0.9.1.jar;C:\Users\sinoe\OneDrive\Documentos\NetBeansProjects\gson-2.10.1.jar;C:\Users\sinoe\OneDrive\Documentos\NetBeansProjects\REPRODUCTOR_MUSIC\build\classes
Launcher Type: SUN_STANDARD

[Global flags]
     intx CICompilerCount                          = 12                                        {product} {ergonomic}
     uint ConcGCThreads                            = 3                                         {product} {ergonomic}
     uint G1ConcRefinementThreads                  = 13                                        {product} {ergonomic}
   size_t G1HeapRegionSize                         = 2097152                                   {product} {ergonomic}
    uintx GCDrainStackTargetSize                   = 64                                        {product} {ergonomic}
   size_t InitialHeapSize                          = 536870912                                 {product} {command line}
   size_t MarkStackSize                            = 4194304                                   {product} {ergonomic}
   size_t MaxHeapSize                              = 4123000832                                {product} {ergonomic}
   size_t MinHeapDeltaBytes                        = 2097152                                   {product} {ergonomic}
   size_t MinHeapSize                              = 536870912                                 {product} {command line}
    uintx NonNMethodCodeHeapSize                   = 7602480                                {pd product} {ergonomic}
    uintx NonProfiledCodeHeapSize                  = 122027880                              {pd product} {ergonomic}
    uintx ProfiledCodeHeapSize                     = 122027880                              {pd product} {ergonomic}
    uintx ReservedCodeCacheSize                    = 251658240                              {pd product} {ergonomic}
     bool SegmentedCodeCache                       = true                                      {product} {ergonomic}
   size_t SoftMaxHeapSize                          = 4123000832                             {manageable} {ergonomic}
     bool UseCompressedOops                        = true                           {product lp64_product} {ergonomic}
     bool UseG1GC                                  = true                                      {product} {ergonomic}
     bool UseLargePagesIndividualAllocation        = false                                  {pd product} {ergonomic}

Logging:
Log output configuration:
 #0: stdout all=warning uptime,level,tags foldmultilines=false
 #1: stderr all=off uptime,level,tags foldmultilines=false

Environment Variables:
PATH=C:\Program Files (x86)\Common Files\Intel\Shared Libraries\redist\intel64\compiler;C:\Program Files\Common Files\Oracle\Java\javapath;C:\WINDOWS\system32;C:\WINDOWS;C:\WINDOWS\System32\Wbem;C:\WINDOWS\System32\WindowsPowerShell\v1.0\;C:\WINDOWS\System32\OpenSSH\;C:\Program Files\swipl\bin;C:\Program Files\dotnet\;C:\Program Files (x86)\Microsoft SQL Server\160\Tools\Binn\;C:\Program Files\Microsoft SQL Server\160\Tools\Binn\;C:\Program Files\Microsoft SQL Server\Client SDK\ODBC\170\Tools\Binn\;C:\Program Files\Microsoft SQL Server\160\DTS\Binn\;C:\Program Files (x86)\Microsoft SQL Server\160\DTS\Binn\;C:\Program Files\Git\cmd;C:\Users\sinoe\AppData\Roaming\nvm;C:\Program Files\nodejs;C:\ProgramData\chocolatey\bin;C:\Program Files\nodejs\;C:\Users\sinoe\.cargo\bin;C:\Users\sinoe\AppData\Local\Programs\Python\Python313\Scripts\;C:\Users\sinoe\AppData\Local\Programs\Python\Python313\;C:\Users\sinoe\AppData\Local\Programs\Python\Python312\Scripts\;C:\Users\sinoe\AppData\Local\Programs\Python\Python312\;C:\Users\sinoe\AppData\Local\Microsoft\WindowsApps;C:\Users\sinoe\AppData\Local\Programs\Microsoft VS Code\bin;C:\Users\sinoe\AppData\Roaming\nvm;C:\Program Files\nodejs;C:\Users\sinoe\AppData\Local\Muse Hub\lib;C:\Users\sinoe\AppData\Roaming\npm
USERNAME=sinoe
OS=Windows_NT
PROCESSOR_IDENTIFIER=AMD64 Family 23 Model 104 Stepping 1, AuthenticAMD
TMP=C:\Users\sinoe\AppData\Local\Temp
TEMP=C:\Users\sinoe\AppData\Local\Temp




Periodic native trim disabled

---------------  S Y S T E M  ---------------

OS:
 Windows 11 , 64 bit Build 22621 (10.0.22621.3672)
OS uptime: 0 days 5:22 hours

CPU: total 16 (initial active 16) (16 cores per cpu, 2 threads per core) family 23 model 104 stepping 1 microcode 0x0, cx8, cmov, fxsr, ht, mmx, 3dnowpref, sse, sse2, sse3, ssse3, sse4a, sse4.1, sse4.2, popcnt, lzcnt, tsc, tscinvbit, avx, avx2, aes, clmul, bmi1, bmi2, adx, sha, fma, vzeroupper, clflush, clflushopt, rdtscp, rdpid, f16c
Processor Information for all 16 processors :
  Max Mhz: 1801, Current Mhz: 1801, Mhz Limit: 1801

Memory: 4k page, system-wide physical 15720M (4434M free)
TotalPageFile size 15720M (AvailPageFile size 286M)
current process WorkingSet (physical memory assigned to process): 11M, peak: 11M
current process commit charge ("private bytes"): 70M, peak: 582M

vm_info: Java HotSpot(TM) 64-Bit Server VM (21.0.1+12-LTS-29) for windows-amd64 JRE (21.0.1+12-LTS-29), built on 2023-10-05T13:27:09Z by "mach5one" with MS VC++ 17.1 (VS2022)

END.
