#
# There is insufficient memory for the Java Runtime Environment to continue.
# Native memory allocation (malloc) failed to allocate 944096 bytes for Chunk::new
# Possible reasons:
#   The system is out of physical RAM or swap space
#   The process is running with CompressedOops enabled, and the Java Heap may be blocking the growth of the native heap
# Possible solutions:
#   Reduce memory load on the system
#   Increase physical memory or swap space
#   Check if swap backing store is full
#   Decrease Java heap size (-Xmx/-Xms)
#   Decrease number of Java threads
#   Decrease Java thread stack sizes (-Xss)
#   Set larger code cache with -XX:ReservedCodeCacheSize=
#   JVM is running with Zero Based Compressed Oops mode in which the Java heap is
#     placed in the first 32GB address space. The Java Heap base address is the
#     maximum limit for the native heap growth. Please use -XX:HeapBaseMinAddress
#     to set the Java Heap base and to place the Java Heap above 32GB virtual address.
# This output file may be truncated or incomplete.
#
#  Out of Memory Error (arena.cpp:168), pid=2208, tid=8008
#
# JRE version: Java(TM) SE Runtime Environment (21.0.1+12) (build 21.0.1+12-LTS-29)
# Java VM: Java HotSpot(TM) 64-Bit Server VM (21.0.1+12-LTS-29, mixed mode, sharing, tiered, compressed oops, compressed class ptrs, g1 gc, windows-amd64)
# No core dump will be written. Minidumps are not enabled by default on client versions of Windows
#

---------------  S U M M A R Y ------------

Command Line: -Dapplication.home=C:\Program Files\Java\jdk-21 --add-modules=ALL-DEFAULT -Xms8m -Djdk.module.main=jdk.compiler jdk.compiler/com.sun.tools.javac.Main -d C:\Users\sinoe\OneDrive\Documentos\NetBeansProjects\REPRODUCTOR_MUSIC\build\classes -classpath C:\Users\sinoe\OneDrive\Documentos\NetBeansProjects\REPRODUCTOR_MUSIC\build\classes;C:\Users\sinoe\OneDrive\Documentos\NetBeansProjects\jl1.0.jar;C:\Users\sinoe\OneDrive\Documentos\NetBeansProjects\mp3agic-0.9.1.jar;C:\Users\sinoe\OneDrive\Documentos\NetBeansProjects\gson-2.10.1.jar -sourcepath C:\Users\sinoe\OneDrive\Documentos\NetBeansProjects\REPRODUCTOR_MUSIC\build\empty -target 21 -encoding UTF-8 -g -processorpath C:\Users\sinoe\OneDrive\Documentos\NetBeansProjects\jl1.0.jar;C:\Users\sinoe\OneDrive\Documentos\NetBeansProjects\mp3agic-0.9.1.jar;C:\Users\sinoe\OneDrive\Documentos\NetBeansProjects\gson-2.10.1.jar;C:\Users\sinoe\OneDrive\Documentos\NetBeansProjects\REPRODUCTOR_MUSIC\build\empty -s C:\Users\sinoe\OneDrive\Documentos\NetBeansProjects\REPRODUCTOR_MUSIC\build\generated-sources\ap-source-output -source 21 C:\Users\sinoe\OneDrive\Documentos\NetBeansProjects\REPRODUCTOR_MUSIC\src\DOMAIN\Song.java C:\Users\sinoe\OneDrive\Documentos\NetBeansProjects\REPRODUCTOR_MUSIC\src\DOMAIN\SongMetadata.java C:\Users\sinoe\OneDrive\Documentos\NetBeansProjects\REPRODUCTOR_MUSIC\src\GUI\App.java C:\Users\sinoe\OneDrive\Documentos\NetBeansProjects\REPRODUCTOR_MUSIC\src\GUI\MainWindow.java C:\Users\sinoe\OneDrive\Documentos\NetBeansProjects\REPRODUCTOR_MUSIC\src\GUI\PlayerPanel.java C:\Users\sinoe\OneDrive\Documentos\NetBeansProjects\REPRODUCTOR_MUSIC\src\LOGIC\ConsumerPlayer.java C:\Users\sinoe\OneDrive\Documentos\NetBeansProjects\REPRODUCTOR_MUSIC\src\LOGIC\MusicBuffer.java C:\Users\sinoe\OneDrive\Documentos\NetBeansProjects\REPRODUCTOR_MUSIC\src\LOGIC\MusicManager.java C:\Users\sinoe\OneDrive\Documentos\NetBeansProjects\REPRODUCTOR_MUSIC\src\LOGIC\Playlist.java C:\Users\sinoe\OneDrive\Documentos\NetBeansProjects\REPRODUCTOR_MUSIC\src\LOGIC\PlaylistManager.java C:\Users\sinoe\OneDrive\Documentos\NetBeansProjects\REPRODUCTOR_MUSIC\src\LOGIC\Producer.java

Host: AMD Ryzen 7 5700U with Radeon Graphics         , 16 cores, 15G,  Windows 11 , 64 bit Build 22621 (10.0.22621.3672)
Time: Sun May 18 01:56:15 2025 Hora estándar central (México) elapsed time: 5.259038 seconds (0d 0h 0m 5s)

---------------  T H R E A D  ---------------

Current thread (0x000001cc70c12a80):  JavaThread "C2 CompilerThread2" daemon [_thread_in_native, id=8008, stack(0x00000001ab800000,0x00000001ab900000) (1024K)]


Current CompileTask:
C2:   5259 1689   !   4       com.sun.tools.javac.jvm.ClassReader::classSigToType (482 bytes)

Stack: [0x00000001ab800000,0x00000001ab900000]
Native frames: (J=compiled Java code, j=interpreted, Vv=VM code, C=native code)
V  [jvm.dll+0x6c9029]
V  [jvm.dll+0x854b81]
V  [jvm.dll+0x856e5e]
V  [jvm.dll+0x857543]
V  [jvm.dll+0x280c06]
V  [jvm.dll+0xc3ead]
V  [jvm.dll+0xc43c3]
V  [jvm.dll+0x2f3f3f]
V  [jvm.dll+0x5f40a6]
V  [jvm.dll+0x252bef]
V  [jvm.dll+0x252fbf]
V  [jvm.dll+0x24b734]
V  [jvm.dll+0x248fa3]
V  [jvm.dll+0x1c9ca1]
V  [jvm.dll+0x2586b9]
V  [jvm.dll+0x256c9a]
V  [jvm.dll+0x3ef1b6]
V  [jvm.dll+0x7fd728]
V  [jvm.dll+0x6c777d]
C  [ucrtbase.dll+0x29333]
C  [KERNEL32.DLL+0x1257d]
C  [ntdll.dll+0x5af28]


---------------  P R O C E S S  ---------------

Threads class SMR info:
_java_thread_list=0x000001cc70f02f50, length=18, elements={
0x000001cc4a34c750, 0x000001cc6bf1b1e0, 0x000001cc6bf1bf50, 0x000001cc6bf210e0,
0x000001cc6bf21ef0, 0x000001cc6bf233d0, 0x000001cc6bf47dc0, 0x000001cc6bf4cdc0,
0x000001cc6bf69500, 0x000001cc70188070, 0x000001cc7018d0b0, 0x000001cc7018d760,
0x000001cc7018e110, 0x000001cc70221300, 0x000001cc707810e0, 0x000001cc70c12a80,
0x000001cc70eddc10, 0x000001cc7146a0b0
}

Java Threads: ( => current thread )
  0x000001cc4a34c750 JavaThread "main"                              [_thread_in_Java, id=10884, stack(0x00000001a9d00000,0x00000001a9e00000) (1024K)]
  0x000001cc6bf1b1e0 JavaThread "Reference Handler"          daemon [_thread_blocked, id=10000, stack(0x00000001aa500000,0x00000001aa600000) (1024K)]
  0x000001cc6bf1bf50 JavaThread "Finalizer"                  daemon [_thread_blocked, id=20108, stack(0x00000001aa600000,0x00000001aa700000) (1024K)]
  0x000001cc6bf210e0 JavaThread "Signal Dispatcher"          daemon [_thread_blocked, id=17652, stack(0x00000001aa700000,0x00000001aa800000) (1024K)]
  0x000001cc6bf21ef0 JavaThread "Attach Listener"            daemon [_thread_blocked, id=18612, stack(0x00000001aa800000,0x00000001aa900000) (1024K)]
  0x000001cc6bf233d0 JavaThread "Service Thread"             daemon [_thread_blocked, id=9980, stack(0x00000001aa900000,0x00000001aaa00000) (1024K)]
  0x000001cc6bf47dc0 JavaThread "Monitor Deflation Thread"   daemon [_thread_blocked, id=20304, stack(0x00000001aaa00000,0x00000001aab00000) (1024K)]
  0x000001cc6bf4cdc0 JavaThread "C2 CompilerThread0"         daemon [_thread_in_vm, id=11604, stack(0x00000001aab00000,0x00000001aac00000) (1024K)]
  0x000001cc6bf69500 JavaThread "C1 CompilerThread0"         daemon [_thread_blocked, id=23248, stack(0x00000001aac00000,0x00000001aad00000) (1024K)]
  0x000001cc70188070 JavaThread "Common-Cleaner"             daemon [_thread_blocked, id=12972, stack(0x00000001aad00000,0x00000001aae00000) (1024K)]
  0x000001cc7018d0b0 JavaThread "C1 CompilerThread1"         daemon [_thread_blocked, id=19720, stack(0x00000001aae00000,0x00000001aaf00000) (1024K)]
  0x000001cc7018d760 JavaThread "C1 CompilerThread2"         daemon [_thread_in_native, id=9888, stack(0x00000001aaf00000,0x00000001ab000000) (1024K)]
  0x000001cc7018e110 JavaThread "C1 CompilerThread3"         daemon [_thread_blocked, id=16500, stack(0x00000001ab000000,0x00000001ab100000) (1024K)]
  0x000001cc70221300 JavaThread "Notification Thread"        daemon [_thread_blocked, id=15708, stack(0x00000001ab100000,0x00000001ab200000) (1024K)]
  0x000001cc707810e0 JavaThread "C2 CompilerThread1"         daemon [_thread_in_native, id=18680, stack(0x00000001ab700000,0x00000001ab800000) (1024K)]
=>0x000001cc70c12a80 JavaThread "C2 CompilerThread2"         daemon [_thread_in_native, id=8008, stack(0x00000001ab800000,0x00000001ab900000) (1024K)]
  0x000001cc70eddc10 JavaThread "C2 CompilerThread3"         daemon [_thread_in_native, id=6864, stack(0x00000001aba00000,0x00000001abb00000) (1024K)]
  0x000001cc7146a0b0 JavaThread "C2 CompilerThread4"         daemon [_thread_in_native, id=19436, stack(0x00000001abb00000,0x00000001abc00000) (1024K)]
Total: 18

Other Threads:
  0x000001cc6befd4f0 VMThread "VM Thread"                           [id=6084, stack(0x00000001aa400000,0x00000001aa500000) (1024K)]
  0x000001cc6bedf1a0 WatcherThread "VM Periodic Task Thread"        [id=19376, stack(0x00000001aa300000,0x00000001aa400000) (1024K)]
  0x000001cc4c6508d0 WorkerThread "GC Thread#0"                     [id=19920, stack(0x00000001a9e00000,0x00000001a9f00000) (1024K)]
  0x000001cc70399220 WorkerThread "GC Thread#1"                     [id=8628, stack(0x00000001ab200000,0x00000001ab300000) (1024K)]
  0x000001cc7040cd10 WorkerThread "GC Thread#2"                     [id=12948, stack(0x00000001ab300000,0x00000001ab400000) (1024K)]
  0x000001cc7040f4d0 WorkerThread "GC Thread#3"                     [id=14024, stack(0x00000001ab400000,0x00000001ab500000) (1024K)]
  0x000001cc705ad9f0 WorkerThread "GC Thread#4"                     [id=8228, stack(0x00000001ab500000,0x00000001ab600000) (1024K)]
  0x000001cc70c152c0 WorkerThread "GC Thread#5"                     [id=11548, stack(0x00000001ab600000,0x00000001ab700000) (1024K)]
  0x000001cc70f032e0 WorkerThread "GC Thread#6"                     [id=23448, stack(0x00000001ab900000,0x00000001aba00000) (1024K)]
  0x000001cc716251d0 WorkerThread "GC Thread#7"                     [id=11780, stack(0x00000001abc00000,0x00000001abd00000) (1024K)]
  0x000001cc71967110 WorkerThread "GC Thread#8"                     [id=19576, stack(0x00000001abd00000,0x00000001abe00000) (1024K)]
  0x000001cc4c661840 ConcurrentGCThread "G1 Main Marker"            [id=20172, stack(0x00000001a9f00000,0x00000001aa000000) (1024K)]
  0x000001cc4c662ae0 WorkerThread "G1 Conc#0"                       [id=2848, stack(0x00000001aa000000,0x00000001aa100000) (1024K)]
  0x000001cc4c69fee0 ConcurrentGCThread "G1 Refine#0"               [id=5228, stack(0x00000001aa100000,0x00000001aa200000) (1024K)]
  0x000001cc4c6a2d60 ConcurrentGCThread "G1 Service"                [id=21380, stack(0x00000001aa200000,0x00000001aa300000) (1024K)]
Total: 15

Threads with active compile tasks:
C2 CompilerThread0     5379 2125       4       com.sun.tools.javac.code.Symtab::enterClass (71 bytes)
C1 CompilerThread0     5379 2143       3       com.sun.tools.javac.code.SymbolMetadata::filterDeclSentinels (22 bytes)
C1 CompilerThread1     5379 2144       3       com.sun.tools.javac.code.Symbol::annotationsPendingCompletion (19 bytes)
C2 CompilerThread1     5379 2140       4       java.util.stream.ReferencePipeline$3$1::accept (23 bytes)
C2 CompilerThread2     5380 1689   !   4       com.sun.tools.javac.jvm.ClassReader::classSigToType (482 bytes)
C2 CompilerThread3     5380 2100       4       com.sun.tools.javac.file.JavacFileManager::checkNotModuleOrientedLocation (48 bytes)
C2 CompilerThread4     5380 1624       4       jdk.internal.jimage.ImageLocation::getFullName (109 bytes)
Total: 7

VM state: not at safepoint (normal execution)

VM Mutex/Monitor currently owned by a thread: None

Heap address: 0x000000070a400000, size: 3932 MB, Compressed Oops mode: Zero based, Oop shift amount: 3

CDS archive(s) mapped at: [0x000001cc00000000-0x000001cc00c90000-0x000001cc00c90000), size 13172736, SharedBaseAddress: 0x000001cc00000000, ArchiveRelocationMode: 1.
Compressed class space mapped at: 0x000001cc01000000-0x000001cc41000000, reserved size: 1073741824
Narrow klass base: 0x000001cc00000000, Narrow klass shift: 0, Narrow klass range: 0x100000000

GC Precious Log:
 CardTable entry size: 512
 Card Set container configuration: InlinePtr #cards 4 size 8 Array Of Cards #cards 16 size 48 Howl #buckets 8 coarsen threshold 3686 Howl Bitmap #cards 512 size 80 coarsen threshold 460 Card regions per heap region 1 cards per card region 4096
 CPUs: 16 total, 16 available
 Memory: 15720M
 Large Page Support: Disabled
 NUMA Support: Disabled
 Compressed Oops: Enabled (Zero based)
 Heap Region Size: 2M
 Heap Min Capacity: 8M
 Heap Initial Capacity: 8M
 Heap Max Capacity: 3932M
 Pre-touch: Disabled
 Parallel Workers: 13
 Concurrent Workers: 3
 Concurrent Refinement Workers: 13
 Periodic GC: Disabled

Heap:
 garbage-first heap   total 22528K, used 11908K [0x000000070a400000, 0x0000000800000000)
  region size 2048K, 3 young (6144K), 1 survivors (2048K)
 Metaspace       used 10518K, committed 10752K, reserved 1114112K
  class space    used 1178K, committed 1280K, reserved 1048576K

Heap Regions: E=young(eden), S=young(survivor), O=old, HS=humongous(starts), HC=humongous(continues), CS=collection set, F=free, TAMS=top-at-mark-start, PB=parsable bottom
|   0|0x000000070a400000, 0x000000070a600000, 0x000000070a600000|100%| O|  |TAMS 0x000000070a400000| PB 0x000000070a400000| Untracked 
|   1|0x000000070a600000, 0x000000070a800000, 0x000000070a800000|100%| O|  |TAMS 0x000000070a600000| PB 0x000000070a600000| Untracked 
|   2|0x000000070a800000, 0x000000070a9c19d0, 0x000000070aa00000| 87%| O|  |TAMS 0x000000070a800000| PB 0x000000070a800000| Untracked 
|   3|0x000000070aa00000, 0x000000070aa00000, 0x000000070ac00000|  0%| F|  |TAMS 0x000000070aa00000| PB 0x000000070aa00000| Untracked 
|   4|0x000000070ac00000, 0x000000070ac00000, 0x000000070ae00000|  0%| F|  |TAMS 0x000000070ac00000| PB 0x000000070ac00000| Untracked 
|   5|0x000000070ae00000, 0x000000070ae00000, 0x000000070b000000|  0%| F|  |TAMS 0x000000070ae00000| PB 0x000000070ae00000| Untracked 
|   6|0x000000070b000000, 0x000000070b1df870, 0x000000070b200000| 93%| S|CS|TAMS 0x000000070b000000| PB 0x000000070b000000| Complete 
|   7|0x000000070b200000, 0x000000070b200000, 0x000000070b400000|  0%| F|  |TAMS 0x000000070b200000| PB 0x000000070b200000| Untracked 
|   8|0x000000070b400000, 0x000000070b4da2f0, 0x000000070b600000| 42%| E|  |TAMS 0x000000070b400000| PB 0x000000070b400000| Complete 
|   9|0x000000070b600000, 0x000000070b800000, 0x000000070b800000|100%| E|CS|TAMS 0x000000070b600000| PB 0x000000070b600000| Complete 
|1965|0x00000007ffe00000, 0x0000000800000000, 0x0000000800000000|100%| O|  |TAMS 0x00000007ffe00000| PB 0x00000007ffe00000| Untracked 

Card table byte_map: [0x000001cc64a80000,0x000001cc65230000] _byte_map_base: 0x000001cc6122e000

Marking Bits: (CMBitMap*) 0x000001cc4c6517f0
 Bits: [0x000001cc65230000, 0x000001cc68fa0000)

Polling page: 0x000001cc4a5c0000

Metaspace:

Usage:
  Non-class:      9.12 MB used.
      Class:      1.15 MB used.
       Both:     10.27 MB used.

Virtual space:
  Non-class space:       64.00 MB reserved,       9.25 MB ( 14%) committed,  1 nodes.
      Class space:        1.00 GB reserved,       1.25 MB ( <1%) committed,  1 nodes.
             Both:        1.06 GB reserved,      10.50 MB ( <1%) committed. 

Chunk freelists:
   Non-Class:  5.02 MB
       Class:  14.75 MB
        Both:  19.77 MB

MaxMetaspaceSize: unlimited
CompressedClassSpaceSize: 1.00 GB
Initial GC threshold: 21.00 MB
Current GC threshold: 21.00 MB
CDS: on
 - commit_granule_bytes: 65536.
 - commit_granule_words: 8192.
 - virtual_space_node_default_size: 8388608.
 - enlarge_chunks_in_place: 1.
 - use_allocation_guard: 0.


Internal statistics:

num_allocs_failed_limit: 0.
num_arena_births: 82.
num_arena_deaths: 0.
num_vsnodes_births: 2.
num_vsnodes_deaths: 0.
num_space_committed: 168.
num_space_uncommitted: 0.
num_chunks_returned_to_freelist: 0.
num_chunks_taken_from_freelist: 431.
num_chunk_merges: 0.
num_chunk_splits: 298.
num_chunks_enlarged: 234.
num_inconsistent_stats: 0.

CodeHeap 'non-profiled nmethods': size=119168Kb used=714Kb max_used=714Kb free=118453Kb
 bounds [0x000001cc5c5e0000, 0x000001cc5c850000, 0x000001cc63a40000]
CodeHeap 'profiled nmethods': size=119104Kb used=4500Kb max_used=4500Kb free=114603Kb
 bounds [0x000001cc54a40000, 0x000001cc54eb0000, 0x000001cc5be90000]
CodeHeap 'non-nmethods': size=7488Kb used=3061Kb max_used=3093Kb free=4426Kb
 bounds [0x000001cc5be90000, 0x000001cc5c1a0000, 0x000001cc5c5e0000]
 total_blobs=2619 nmethods=2146 adapters=374
 compilation: enabled
              stopped_count=0, restarted_count=0
 full_count=0

Compilation events (20 events):
Event: 5.170 Thread 0x000001cc7018e110 nmethod 2049 0x000001cc54e69f90 code [0x000001cc54e6a340, 0x000001cc54e6c2e0]
Event: 5.171 Thread 0x000001cc7018d0b0 nmethod 2057 0x000001cc54e6cb90 code [0x000001cc54e6cf40, 0x000001cc54e6ee48]
Event: 5.191 Thread 0x000001cc7018d0b0 2058       3       jdk.internal.misc.VM::isSystemDomainLoader (17 bytes)
Event: 5.193 Thread 0x000001cc7018d0b0 nmethod 2058 0x000001cc54e6fa10 code [0x000001cc54e6fbe0, 0x000001cc54e6ff68]
Event: 5.205 Thread 0x000001cc6bf4cdc0 2060       4       jdk.internal.org.objectweb.asm.Symbol::<init> (38 bytes)
Event: 5.209 Thread 0x000001cc7018d760 2063       3       java.lang.invoke.DirectMethodHandle::internalMemberName (8 bytes)
Event: 5.210 Thread 0x000001cc7018d760 nmethod 2063 0x000001cc54e70090 code [0x000001cc54e70240, 0x000001cc54e70430]
Event: 5.212 Thread 0x000001cc7018d760 2065       3       jdk.internal.org.objectweb.asm.ClassWriter::<init> (7 bytes)
Event: 5.213 Thread 0x000001cc7018d760 nmethod 2065 0x000001cc54e70510 code [0x000001cc54e706c0, 0x000001cc54e70808]
Event: 5.213 Thread 0x000001cc7018d0b0 2066       3       jdk.internal.org.objectweb.asm.ClassVisitor::<init> (7 bytes)
Event: 5.213 Thread 0x000001cc7018d0b0 nmethod 2066 0x000001cc54e70890 code [0x000001cc54e70a40, 0x000001cc54e70b88]
Event: 5.214 Thread 0x000001cc7018e110 2067       3       jdk.internal.org.objectweb.asm.SymbolTable::<init> (41 bytes)
Event: 5.214 Thread 0x000001cc6bf69500 2068       3       jdk.internal.org.objectweb.asm.Frame::getAbstractTypeFromDescriptor (415 bytes)
Event: 5.214 Thread 0x000001cc6bf4cdc0 nmethod 2060 0x000001cc5c688e10 code [0x000001cc5c688fa0, 0x000001cc5c689308]
Event: 5.214 Thread 0x000001cc6bf4cdc0 2061       4       jdk.internal.org.objectweb.asm.SymbolTable::put (150 bytes)
Event: 5.215 Thread 0x000001cc7018e110 nmethod 2067 0x000001cc54e70c10 code [0x000001cc54e70de0, 0x000001cc54e71378]
Event: 5.221 Thread 0x000001cc6bf69500 nmethod 2068 0x000001cc54e71510 code [0x000001cc54e718c0, 0x000001cc54e73478]
Event: 5.227 Thread 0x000001cc6bf4cdc0 nmethod 2061 0x000001cc5c689990 code [0x000001cc5c689b40, 0x000001cc5c689ed0]
Event: 5.227 Thread 0x000001cc6bf4cdc0 2071       4       jdk.internal.org.objectweb.asm.ByteVector::putByte (39 bytes)
Event: 5.231 Thread 0x000001cc6bf4cdc0 nmethod 2071 0x000001cc5c68a090 code [0x000001cc5c68a220, 0x000001cc5c68a390]

GC Heap History (20 events):
Event: 2.624 GC heap before
{Heap before GC invocations=2 (full 0):
 garbage-first heap   total 8192K, used 1735K [0x000000070a400000, 0x0000000800000000)
  region size 2048K, 2 young (4096K), 1 survivors (2048K)
 Metaspace       used 7910K, committed 8064K, reserved 1114112K
  class space    used 885K, committed 960K, reserved 1048576K
}
Event: 2.639 GC heap after
{Heap after GC invocations=3 (full 0):
 garbage-first heap   total 8192K, used 2489K [0x000000070a400000, 0x0000000800000000)
  region size 2048K, 1 young (2048K), 1 survivors (2048K)
 Metaspace       used 7910K, committed 8064K, reserved 1114112K
  class space    used 885K, committed 960K, reserved 1048576K
}
Event: 3.040 GC heap before
{Heap before GC invocations=3 (full 0):
 garbage-first heap   total 8192K, used 4537K [0x000000070a400000, 0x0000000800000000)
  region size 2048K, 2 young (4096K), 1 survivors (2048K)
 Metaspace       used 8455K, committed 8640K, reserved 1114112K
  class space    used 928K, committed 1024K, reserved 1048576K
}
Event: 3.057 GC heap after
{Heap after GC invocations=4 (full 0):
 garbage-first heap   total 8192K, used 3109K [0x000000070a400000, 0x0000000800000000)
  region size 2048K, 1 young (2048K), 1 survivors (2048K)
 Metaspace       used 8455K, committed 8640K, reserved 1114112K
  class space    used 928K, committed 1024K, reserved 1048576K
}
Event: 3.568 GC heap before
{Heap before GC invocations=4 (full 0):
 garbage-first heap   total 8192K, used 5157K [0x000000070a400000, 0x0000000800000000)
  region size 2048K, 2 young (4096K), 1 survivors (2048K)
 Metaspace       used 9163K, committed 9280K, reserved 1114112K
  class space    used 1014K, committed 1088K, reserved 1048576K
}
Event: 3.586 GC heap after
{Heap after GC invocations=5 (full 0):
 garbage-first heap   total 12288K, used 4064K [0x000000070a400000, 0x0000000800000000)
  region size 2048K, 1 young (2048K), 1 survivors (2048K)
 Metaspace       used 9163K, committed 9280K, reserved 1114112K
  class space    used 1014K, committed 1088K, reserved 1048576K
}
Event: 3.657 GC heap before
{Heap before GC invocations=5 (full 0):
 garbage-first heap   total 12288K, used 6112K [0x000000070a400000, 0x0000000800000000)
  region size 2048K, 2 young (4096K), 1 survivors (2048K)
 Metaspace       used 9221K, committed 9344K, reserved 1114112K
  class space    used 1019K, committed 1088K, reserved 1048576K
}
Event: 3.669 GC heap after
{Heap after GC invocations=6 (full 0):
 garbage-first heap   total 12288K, used 4438K [0x000000070a400000, 0x0000000800000000)
  region size 2048K, 1 young (2048K), 1 survivors (2048K)
 Metaspace       used 9221K, committed 9344K, reserved 1114112K
  class space    used 1019K, committed 1088K, reserved 1048576K
}
Event: 3.783 GC heap before
{Heap before GC invocations=6 (full 0):
 garbage-first heap   total 12288K, used 6486K [0x000000070a400000, 0x0000000800000000)
  region size 2048K, 2 young (4096K), 1 survivors (2048K)
 Metaspace       used 9320K, committed 9472K, reserved 1114112K
  class space    used 1026K, committed 1088K, reserved 1048576K
}
Event: 3.792 GC heap after
{Heap after GC invocations=7 (full 0):
 garbage-first heap   total 12288K, used 4787K [0x000000070a400000, 0x0000000800000000)
  region size 2048K, 1 young (2048K), 1 survivors (2048K)
 Metaspace       used 9320K, committed 9472K, reserved 1114112K
  class space    used 1026K, committed 1088K, reserved 1048576K
}
Event: 3.979 GC heap before
{Heap before GC invocations=7 (full 0):
 garbage-first heap   total 12288K, used 6835K [0x000000070a400000, 0x0000000800000000)
  region size 2048K, 2 young (4096K), 1 survivors (2048K)
 Metaspace       used 9415K, committed 9536K, reserved 1114112K
  class space    used 1043K, committed 1088K, reserved 1048576K
}
Event: 3.989 GC heap after
{Heap after GC invocations=8 (full 0):
 garbage-first heap   total 12288K, used 5090K [0x000000070a400000, 0x0000000800000000)
  region size 2048K, 1 young (2048K), 1 survivors (2048K)
 Metaspace       used 9415K, committed 9536K, reserved 1114112K
  class space    used 1043K, committed 1088K, reserved 1048576K
}
Event: 4.081 GC heap before
{Heap before GC invocations=8 (full 0):
 garbage-first heap   total 12288K, used 7138K [0x000000070a400000, 0x0000000800000000)
  region size 2048K, 2 young (4096K), 1 survivors (2048K)
 Metaspace       used 9497K, committed 9664K, reserved 1114112K
  class space    used 1052K, committed 1152K, reserved 1048576K
}
Event: 4.091 GC heap after
{Heap after GC invocations=9 (full 0):
 garbage-first heap   total 22528K, used 5337K [0x000000070a400000, 0x0000000800000000)
  region size 2048K, 1 young (2048K), 1 survivors (2048K)
 Metaspace       used 9497K, committed 9664K, reserved 1114112K
  class space    used 1052K, committed 1152K, reserved 1048576K
}
Event: 4.173 GC heap before
{Heap before GC invocations=9 (full 0):
 garbage-first heap   total 22528K, used 13529K [0x000000070a400000, 0x0000000800000000)
  region size 2048K, 5 young (10240K), 1 survivors (2048K)
 Metaspace       used 9499K, committed 9664K, reserved 1114112K
  class space    used 1052K, committed 1152K, reserved 1048576K
}
Event: 4.189 GC heap after
{Heap after GC invocations=10 (full 0):
 garbage-first heap   total 22528K, used 6392K [0x000000070a400000, 0x0000000800000000)
  region size 2048K, 1 young (2048K), 1 survivors (2048K)
 Metaspace       used 9499K, committed 9664K, reserved 1114112K
  class space    used 1052K, committed 1152K, reserved 1048576K
}
Event: 4.339 GC heap before
{Heap before GC invocations=10 (full 0):
 garbage-first heap   total 22528K, used 14584K [0x000000070a400000, 0x0000000800000000)
  region size 2048K, 5 young (10240K), 1 survivors (2048K)
 Metaspace       used 9539K, committed 9728K, reserved 1114112K
  class space    used 1053K, committed 1152K, reserved 1048576K
}
Event: 4.358 GC heap after
{Heap after GC invocations=11 (full 0):
 garbage-first heap   total 22528K, used 8116K [0x000000070a400000, 0x0000000800000000)
  region size 2048K, 1 young (2048K), 1 survivors (2048K)
 Metaspace       used 9539K, committed 9728K, reserved 1114112K
  class space    used 1053K, committed 1152K, reserved 1048576K
}
Event: 4.771 GC heap before
{Heap before GC invocations=11 (full 0):
 garbage-first heap   total 22528K, used 14260K [0x000000070a400000, 0x0000000800000000)
  region size 2048K, 4 young (8192K), 1 survivors (2048K)
 Metaspace       used 9831K, committed 10048K, reserved 1114112K
  class space    used 1066K, committed 1152K, reserved 1048576K
}
Event: 4.797 GC heap after
{Heap after GC invocations=12 (full 0):
 garbage-first heap   total 22528K, used 9860K [0x000000070a400000, 0x0000000800000000)
  region size 2048K, 1 young (2048K), 1 survivors (2048K)
 Metaspace       used 9831K, committed 10048K, reserved 1114112K
  class space    used 1066K, committed 1152K, reserved 1048576K
}

Dll operation events (6 events):
Event: 0.029 Loaded shared library C:\Program Files\Java\jdk-21\bin\java.dll
Event: 0.188 Loaded shared library C:\Program Files\Java\jdk-21\bin\jsvml.dll
Event: 0.350 Loaded shared library C:\Program Files\Java\jdk-21\bin\jimage.dll
Event: 0.833 Loaded shared library C:\Program Files\Java\jdk-21\bin\net.dll
Event: 0.847 Loaded shared library C:\Program Files\Java\jdk-21\bin\nio.dll
Event: 1.108 Loaded shared library C:\Program Files\Java\jdk-21\bin\zip.dll

Deoptimization events (20 events):
Event: 4.505 Thread 0x000001cc4a34c750 Uncommon trap: trap_request=0xffffff45 fr.pc=0x000001cc5c62fc00 relative=0x0000000000000160
Event: 4.506 Thread 0x000001cc4a34c750 Uncommon trap: reason=unstable_if action=reinterpret pc=0x000001cc5c62fc00 method=java.util.concurrent.locks.ReentrantLock$NonfairSync.initialTryLock()Z @ 10 c2
Event: 4.506 Thread 0x000001cc4a34c750 DEOPT PACKING pc=0x000001cc5c62fc00 sp=0x00000001a9dfe050
Event: 4.506 Thread 0x000001cc4a34c750 DEOPT UNPACKING pc=0x000001cc5bee46a2 sp=0x00000001a9dfdff8 mode 2
Event: 4.506 Thread 0x000001cc4a34c750 Uncommon trap: trap_request=0xffffff45 fr.pc=0x000001cc5c62f474 relative=0x00000000000000d4
Event: 4.506 Thread 0x000001cc4a34c750 Uncommon trap: reason=unstable_if action=reinterpret pc=0x000001cc5c62f474 method=java.util.concurrent.locks.ReentrantLock$Sync.tryRelease(I)Z @ 26 c2
Event: 4.507 Thread 0x000001cc4a34c750 DEOPT PACKING pc=0x000001cc5c62f474 sp=0x00000001a9dfe050
Event: 4.507 Thread 0x000001cc4a34c750 DEOPT UNPACKING pc=0x000001cc5bee46a2 sp=0x00000001a9dfdff0 mode 2
Event: 4.589 Thread 0x000001cc4a34c750 Uncommon trap: trap_request=0xffffff45 fr.pc=0x000001cc5c65972c relative=0x00000000000001ec
Event: 4.589 Thread 0x000001cc4a34c750 Uncommon trap: reason=unstable_if action=reinterpret pc=0x000001cc5c65972c method=java.lang.CharacterDataLatin1.isJavaIdentifierPart(I)Z @ 11 c2
Event: 4.589 Thread 0x000001cc4a34c750 DEOPT PACKING pc=0x000001cc5c65972c sp=0x00000001a9dfd660
Event: 4.589 Thread 0x000001cc4a34c750 DEOPT UNPACKING pc=0x000001cc5bee46a2 sp=0x00000001a9dfd518 mode 2
Event: 4.601 Thread 0x000001cc4a34c750 Uncommon trap: trap_request=0xffffff45 fr.pc=0x000001cc5c64e1bc relative=0x000000000000009c
Event: 4.601 Thread 0x000001cc4a34c750 Uncommon trap: reason=unstable_if action=reinterpret pc=0x000001cc5c64e1bc method=java.lang.CharacterDataLatin1.isJavaIdentifierPart(I)Z @ 11 c2
Event: 4.601 Thread 0x000001cc4a34c750 DEOPT PACKING pc=0x000001cc5c64e1bc sp=0x00000001a9dfd5c0
Event: 4.601 Thread 0x000001cc4a34c750 DEOPT UNPACKING pc=0x000001cc5bee46a2 sp=0x00000001a9dfd538 mode 2
Event: 4.987 Thread 0x000001cc4a34c750 Uncommon trap: trap_request=0xffffff45 fr.pc=0x000001cc5c6778cc relative=0x000000000000174c
Event: 4.987 Thread 0x000001cc4a34c750 Uncommon trap: reason=unstable_if action=reinterpret pc=0x000001cc5c6778cc method=com.sun.tools.javac.jvm.PoolReader.resolve(Lcom/sun/tools/javac/util/ByteBuffer;II)Ljava/lang/Object; @ 1 c2
Event: 4.987 Thread 0x000001cc4a34c750 DEOPT PACKING pc=0x000001cc5c6778cc sp=0x00000001a9dfce40
Event: 4.987 Thread 0x000001cc4a34c750 DEOPT UNPACKING pc=0x000001cc5bee46a2 sp=0x00000001a9dfcdf0 mode 2

Classes loaded (20 events):
Event: 3.613 Loading class java/util/stream/Nodes$SpinedNodeBuilder
Event: 3.613 Loading class java/util/stream/Nodes$SpinedNodeBuilder done
Event: 3.760 Loading class java/lang/invoke/MethodHandle$1
Event: 3.760 Loading class java/lang/invoke/MethodHandle$1 done
Event: 3.885 Loading class java/util/LinkedList$Node
Event: 3.885 Loading class java/util/LinkedList$Node done
Event: 4.398 Loading class java/nio/file/FileTreeWalker$1
Event: 4.399 Loading class java/nio/file/FileTreeWalker$1 done
Event: 4.486 Loading class java/text/MessageFormat
Event: 4.487 Loading class java/text/MessageFormat done
Event: 4.500 Loading class java/text/MessageFormat$Field
Event: 4.501 Loading class java/text/MessageFormat$Field done
Event: 4.842 Loading class java/util/stream/ReduceOps$1
Event: 4.843 Loading class java/util/stream/ReduceOps$1 done
Event: 4.843 Loading class java/util/stream/ReduceOps$1ReducingSink
Event: 4.843 Loading class java/util/stream/ReduceOps$1ReducingSink done
Event: 5.117 Loading class java/util/stream/ReduceOps$2
Event: 5.117 Loading class java/util/stream/ReduceOps$2 done
Event: 5.118 Loading class java/util/stream/ReduceOps$2ReducingSink
Event: 5.118 Loading class java/util/stream/ReduceOps$2ReducingSink done

Classes unloaded (0 events):
No events

Classes redefined (0 events):
No events

Internal exceptions (20 events):
Event: 4.406 Thread 0x000001cc4a34c750 Exception <a 'sun/nio/fs/WindowsException'{0x000000070b7fc830}> (0x000000070b7fc830) 
thrown [s\open\src\hotspot\share\prims\jni.cpp, line 520]
Event: 4.407 Thread 0x000001cc4a34c750 Exception <a 'sun/nio/fs/WindowsException'{0x000000070b7fdb68}> (0x000000070b7fdb68) 
thrown [s\open\src\hotspot\share\prims\jni.cpp, line 520]
Event: 4.408 Thread 0x000001cc4a34c750 Exception <a 'sun/nio/fs/WindowsException'{0x000000070b7ff410}> (0x000000070b7ff410) 
thrown [s\open\src\hotspot\share\prims\jni.cpp, line 520]
Event: 4.417 Thread 0x000001cc4a34c750 Exception <a 'sun/nio/fs/WindowsException'{0x000000070b41ca60}> (0x000000070b41ca60) 
thrown [s\open\src\hotspot\share\prims\jni.cpp, line 520]
Event: 4.514 Thread 0x000001cc4a34c750 Exception <a 'sun/nio/fs/WindowsException'{0x000000070b524e58}> (0x000000070b524e58) 
thrown [s\open\src\hotspot\share\prims\jni.cpp, line 520]
Event: 4.517 Thread 0x000001cc4a34c750 Exception <a 'sun/nio/fs/WindowsException'{0x000000070b526140}> (0x000000070b526140) 
thrown [s\open\src\hotspot\share\prims\jni.cpp, line 520]
Event: 4.519 Thread 0x000001cc4a34c750 Exception <a 'sun/nio/fs/WindowsException'{0x000000070b527920}> (0x000000070b527920) 
thrown [s\open\src\hotspot\share\prims\jni.cpp, line 520]
Event: 4.521 Thread 0x000001cc4a34c750 Exception <a 'sun/nio/fs/WindowsException'{0x000000070b528fe0}> (0x000000070b528fe0) 
thrown [s\open\src\hotspot\share\prims\jni.cpp, line 520]
Event: 4.523 Thread 0x000001cc4a34c750 Exception <a 'sun/nio/fs/WindowsException'{0x000000070b52a888}> (0x000000070b52a888) 
thrown [s\open\src\hotspot\share\prims\jni.cpp, line 520]
Event: 4.529 Thread 0x000001cc4a34c750 Exception <a 'sun/nio/fs/WindowsException'{0x000000070b533120}> (0x000000070b533120) 
thrown [s\open\src\hotspot\share\prims\jni.cpp, line 520]
Event: 4.578 Thread 0x000001cc4a34c750 Exception <a 'sun/nio/fs/WindowsException'{0x000000070b5ada10}> (0x000000070b5ada10) 
thrown [s\open\src\hotspot\share\prims\jni.cpp, line 520]
Event: 4.580 Thread 0x000001cc4a34c750 Exception <a 'sun/nio/fs/WindowsException'{0x000000070b5aee48}> (0x000000070b5aee48) 
thrown [s\open\src\hotspot\share\prims\jni.cpp, line 520]
Event: 4.581 Thread 0x000001cc4a34c750 Exception <a 'sun/nio/fs/WindowsException'{0x000000070b5b0650}> (0x000000070b5b0650) 
thrown [s\open\src\hotspot\share\prims\jni.cpp, line 520]
Event: 4.592 Thread 0x000001cc4a34c750 Exception <a 'sun/nio/fs/WindowsException'{0x000000070b5dddd8}> (0x000000070b5dddd8) 
thrown [s\open\src\hotspot\share\prims\jni.cpp, line 520]
Event: 4.599 Thread 0x000001cc4a34c750 Exception <a 'sun/nio/fs/WindowsException'{0x000000070b5fd648}> (0x000000070b5fd648) 
thrown [s\open\src\hotspot\share\prims\jni.cpp, line 520]
Event: 4.602 Thread 0x000001cc4a34c750 Exception <a 'sun/nio/fs/WindowsException'{0x000000070b200320}> (0x000000070b200320) 
thrown [s\open\src\hotspot\share\prims\jni.cpp, line 520]
Event: 4.949 Thread 0x000001cc4a34c750 Exception <a 'java/lang/NoSuchMethodError'{0x000000070b6c34c8}: 'int java.lang.invoke.DirectMethodHandle$Holder.invokeStatic(java.lang.Object, java.lang.Object, java.lang.Object, java.lang.Object)'> (0x000000070b6c34c8) 
thrown [s\open\src\hotspot\share\interpreter\linkResolver.cpp, line 773]
Event: 5.203 Thread 0x000001cc4a34c750 Exception <a 'java/lang/NoSuchMethodError'{0x000000070b7e6818}: 'int java.lang.invoke.DirectMethodHandle$Holder.invokeVirtual(java.lang.Object, java.lang.Object, java.lang.Object, java.lang.Object)'> (0x000000070b7e6818) 
thrown [s\open\src\hotspot\share\interpreter\linkResolver.cpp, line 773]
Event: 5.212 Thread 0x000001cc4a34c750 Exception <a 'java/lang/NoSuchMethodError'{0x000000070b7f0980}: 'java.lang.Object java.lang.invoke.DirectMethodHandle$Holder.newInvokeSpecial(java.lang.Object, java.lang.Object, int, java.lang.Object)'> (0x000000070b7f0980) 
thrown [s\open\src\hotspot\share\interpreter\linkResolver.cpp, line 773]
Event: 5.216 Thread 0x000001cc4a34c750 Exception <a 'java/lang/NoSuchMethodError'{0x000000070b7f4ad8}: 'java.lang.Object java.lang.invoke.DirectMethodHandle$Holder.invokeSpecial(java.lang.Object, java.lang.Object, java.lang.Object, int, java.lang.Object)'> (0x000000070b7f4ad8) 
thrown [s\open\src\hotspot\share\interpreter\linkResolver.cpp, line 773]

ZGC Phase Switch (0 events):
No events

VM Operations (20 events):
Event: 3.657 Executing VM operation: G1CollectForAllocation (G1 Evacuation Pause)
Event: 3.669 Executing VM operation: G1CollectForAllocation (G1 Evacuation Pause) done
Event: 3.783 Executing VM operation: G1CollectForAllocation (G1 Evacuation Pause)
Event: 3.792 Executing VM operation: G1CollectForAllocation (G1 Evacuation Pause) done
Event: 3.979 Executing VM operation: G1CollectForAllocation (G1 Evacuation Pause)
Event: 3.990 Executing VM operation: G1CollectForAllocation (G1 Evacuation Pause) done
Event: 4.081 Executing VM operation: G1CollectForAllocation (G1 Evacuation Pause)
Event: 4.091 Executing VM operation: G1CollectForAllocation (G1 Evacuation Pause) done
Event: 4.173 Executing VM operation: G1CollectForAllocation (G1 Evacuation Pause)
Event: 4.189 Executing VM operation: G1CollectForAllocation (G1 Evacuation Pause) done
Event: 4.339 Executing VM operation: G1CollectForAllocation (G1 Evacuation Pause)
Event: 4.358 Executing VM operation: G1CollectForAllocation (G1 Evacuation Pause) done
Event: 4.491 Executing VM operation: HandshakeAllThreads (Deoptimize)
Event: 4.491 Executing VM operation: HandshakeAllThreads (Deoptimize) done
Event: 4.770 Executing VM operation: G1CollectForAllocation (G1 Evacuation Pause)
Event: 4.798 Executing VM operation: G1CollectForAllocation (G1 Evacuation Pause) done
Event: 5.082 Executing VM operation: HandshakeAllThreads (Deoptimize)
Event: 5.082 Executing VM operation: HandshakeAllThreads (Deoptimize) done
Event: 5.180 Executing VM operation: HandshakeAllThreads (Deoptimize)
Event: 5.180 Executing VM operation: HandshakeAllThreads (Deoptimize) done

Events (18 events):
Event: 0.131 Thread 0x000001cc4a34c750 Thread added: 0x000001cc4a34c750
Event: 0.179 Thread 0x000001cc6bf1b1e0 Thread added: 0x000001cc6bf1b1e0
Event: 0.180 Thread 0x000001cc6bf1bf50 Thread added: 0x000001cc6bf1bf50
Event: 0.181 Thread 0x000001cc6bf210e0 Thread added: 0x000001cc6bf210e0
Event: 0.181 Thread 0x000001cc6bf21ef0 Thread added: 0x000001cc6bf21ef0
Event: 0.182 Thread 0x000001cc6bf233d0 Thread added: 0x000001cc6bf233d0
Event: 0.182 Thread 0x000001cc6bf47dc0 Thread added: 0x000001cc6bf47dc0
Event: 0.183 Thread 0x000001cc6bf4cdc0 Thread added: 0x000001cc6bf4cdc0
Event: 0.184 Thread 0x000001cc6bf69500 Thread added: 0x000001cc6bf69500
Event: 0.254 Thread 0x000001cc70188070 Thread added: 0x000001cc70188070
Event: 0.293 Thread 0x000001cc7018d0b0 Thread added: 0x000001cc7018d0b0
Event: 0.299 Thread 0x000001cc7018d760 Thread added: 0x000001cc7018d760
Event: 0.301 Thread 0x000001cc7018e110 Thread added: 0x000001cc7018e110
Event: 0.339 Thread 0x000001cc70221300 Thread added: 0x000001cc70221300
Event: 2.863 Thread 0x000001cc707810e0 Thread added: 0x000001cc707810e0
Event: 3.108 Thread 0x000001cc70c12a80 Thread added: 0x000001cc70c12a80
Event: 4.144 Thread 0x000001cc70eddc10 Thread added: 0x000001cc70eddc10
Event: 4.217 Thread 0x000001cc7146a0b0 Thread added: 0x000001cc7146a0b0


Dynamic libraries:
0x00007ff71e150000 - 0x00007ff71e158000 	C:\Program Files\Java\jdk-21\bin\javac.exe
0x00007ff859490000 - 0x00007ff8596a7000 	C:\WINDOWS\SYSTEM32\ntdll.dll
0x00007ff857830000 - 0x00007ff8578f4000 	C:\WINDOWS\System32\KERNEL32.DLL
0x00007ff856ad0000 - 0x00007ff856e7c000 	C:\WINDOWS\System32\KERNELBASE.dll
0x00007ff8567c0000 - 0x00007ff8568d1000 	C:\WINDOWS\System32\ucrtbase.dll
0x00007ff819440000 - 0x00007ff81945b000 	C:\Program Files\Java\jdk-21\bin\VCRUNTIME140.dll
0x00007ff850270000 - 0x00007ff850289000 	C:\Program Files\Java\jdk-21\bin\jli.dll
0x00007ff857cc0000 - 0x00007ff857d72000 	C:\WINDOWS\System32\ADVAPI32.dll
0x00007ff858600000 - 0x00007ff8586a7000 	C:\WINDOWS\System32\msvcrt.dll
0x00007ff859090000 - 0x00007ff85913a000 	C:\WINDOWS\System32\sechost.dll
0x00007ff856e80000 - 0x00007ff856ea8000 	C:\WINDOWS\System32\bcrypt.dll
0x00007ff858060000 - 0x00007ff858175000 	C:\WINDOWS\System32\RPCRT4.dll
0x00007ff859140000 - 0x00007ff8592ee000 	C:\WINDOWS\System32\USER32.dll
0x00007ff856fc0000 - 0x00007ff856fe6000 	C:\WINDOWS\System32\win32u.dll
0x00007ff857470000 - 0x00007ff857499000 	C:\WINDOWS\System32\GDI32.dll
0x00007ff843530000 - 0x00007ff8437c3000 	C:\WINDOWS\WinSxS\amd64_microsoft.windows.common-controls_6595b64144ccf1df_6.0.22621.3672_none_2713b9d173822955\COMCTL32.dll
0x00007ff856ff0000 - 0x00007ff857109000 	C:\WINDOWS\System32\gdi32full.dll
0x00007ff856eb0000 - 0x00007ff856f4a000 	C:\WINDOWS\System32\msvcp_win.dll
0x00007ff84d400000 - 0x00007ff84d40a000 	C:\WINDOWS\SYSTEM32\VERSION.dll
0x00007ff857900000 - 0x00007ff857931000 	C:\WINDOWS\System32\IMM32.DLL
0x00007ff851f20000 - 0x00007ff851f2c000 	C:\Program Files\Java\jdk-21\bin\vcruntime140_1.dll
0x00007fffc3a60000 - 0x00007fffc3aee000 	C:\Program Files\Java\jdk-21\bin\msvcp140.dll
0x00007fffc0c70000 - 0x00007fffc1985000 	C:\Program Files\Java\jdk-21\bin\server\jvm.dll
0x00007ff8592f0000 - 0x00007ff859361000 	C:\WINDOWS\System32\WS2_32.dll
0x00007ff8564d0000 - 0x00007ff85651d000 	C:\WINDOWS\SYSTEM32\POWRPROF.dll
0x00007ff852390000 - 0x00007ff8523c4000 	C:\WINDOWS\SYSTEM32\WINMM.dll
0x00007ff8564b0000 - 0x00007ff8564c3000 	C:\WINDOWS\SYSTEM32\UMPDC.dll
0x00007ff855790000 - 0x00007ff8557a8000 	C:\WINDOWS\SYSTEM32\kernel.appcore.dll
0x00007ff822450000 - 0x00007ff82245a000 	C:\Program Files\Java\jdk-21\bin\jimage.dll
0x00007ff84f150000 - 0x00007ff84f382000 	C:\WINDOWS\SYSTEM32\DBGHELP.DLL
0x00007ff8574a0000 - 0x00007ff857828000 	C:\WINDOWS\System32\combase.dll
0x00007ff857390000 - 0x00007ff857467000 	C:\WINDOWS\System32\OLEAUT32.dll
0x00007ff844680000 - 0x00007ff8446b2000 	C:\WINDOWS\SYSTEM32\dbgcore.DLL
0x00007ff8568e0000 - 0x00007ff85695b000 	C:\WINDOWS\System32\bcryptPrimitives.dll
0x00007ff819d40000 - 0x00007ff819d5f000 	C:\Program Files\Java\jdk-21\bin\java.dll
0x00007ff858730000 - 0x00007ff858f8c000 	C:\WINDOWS\System32\SHELL32.dll
0x00007ff854710000 - 0x00007ff855007000 	C:\WINDOWS\SYSTEM32\windows.storage.dll
0x00007ff8545d0000 - 0x00007ff85470f000 	C:\WINDOWS\SYSTEM32\wintypes.dll
0x00007ff858f90000 - 0x00007ff859084000 	C:\WINDOWS\System32\SHCORE.dll
0x00007ff8586b0000 - 0x00007ff85870e000 	C:\WINDOWS\System32\shlwapi.dll
0x00007ff8566f0000 - 0x00007ff856711000 	C:\WINDOWS\SYSTEM32\profapi.dll
0x00007fffc3c80000 - 0x00007fffc3d57000 	C:\Program Files\Java\jdk-21\bin\jsvml.dll
0x00007ff81cc60000 - 0x00007ff81cc70000 	C:\Program Files\Java\jdk-21\bin\net.dll
0x00007ff853390000 - 0x00007ff8534c6000 	C:\WINDOWS\SYSTEM32\WINHTTP.dll
0x00007ff855c60000 - 0x00007ff855cc9000 	C:\WINDOWS\system32\mswsock.dll
0x00007ff818e60000 - 0x00007ff818e76000 	C:\Program Files\Java\jdk-21\bin\nio.dll
0x00007ff818d30000 - 0x00007ff818d48000 	C:\Program Files\Java\jdk-21\bin\zip.dll

dbghelp: loaded successfully - version: 4.0.5 - missing functions: none
symbol engine: initialized successfully - sym options: 0x614 - pdb path: .;C:\Program Files\Java\jdk-21\bin;C:\WINDOWS\SYSTEM32;C:\WINDOWS\WinSxS\amd64_microsoft.windows.common-controls_6595b64144ccf1df_6.0.22621.3672_none_2713b9d173822955;C:\Program Files\Java\jdk-21\bin\server

VM Arguments:
jvm_args: -Dapplication.home=C:\Program Files\Java\jdk-21 --add-modules=ALL-DEFAULT -Xms8m -Djdk.module.main=jdk.compiler 
java_command: jdk.compiler/com.sun.tools.javac.Main -d C:\Users\sinoe\OneDrive\Documentos\NetBeansProjects\REPRODUCTOR_MUSIC\build\classes -classpath C:\Users\sinoe\OneDrive\Documentos\NetBeansProjects\REPRODUCTOR_MUSIC\build\classes;C:\Users\sinoe\OneDrive\Documentos\NetBeansProjects\jl1.0.jar;C:\Users\sinoe\OneDrive\Documentos\NetBeansProjects\mp3agic-0.9.1.jar;C:\Users\sinoe\OneDrive\Documentos\NetBeansProjects\gson-2.10.1.jar -sourcepath C:\Users\sinoe\OneDrive\Documentos\NetBeansProjects\REPRODUCTOR_MUSIC\build\empty -target 21 -encoding UTF-8 -g -processorpath C:\Users\sinoe\OneDrive\Documentos\NetBeansProjects\jl1.0.jar;C:\Users\sinoe\OneDrive\Documentos\NetBeansProjects\mp3agic-0.9.1.jar;C:\Users\sinoe\OneDrive\Documentos\NetBeansProjects\gson-2.10.1.jar;C:\Users\sinoe\OneDrive\Documentos\NetBeansProjects\REPRODUCTOR_MUSIC\build\empty -s C:\Users\sinoe\OneDrive\Documentos\NetBeansProjects\REPRODUCTOR_MUSIC\build\generated-sources\ap-source-output -source 21 C:\Users\sinoe\OneDrive\Documentos\NetBeansProjects\REPRODUCTOR_MUSIC\src\DOMAIN\Song.java C:\Users\sinoe\OneDrive\Documentos\NetBeansProjects\REPRODUCTOR_MUSIC\src\DOMAIN\SongMetadata.java C:\Users\sinoe\OneDrive\Documentos\NetBeansProjects\REPRODUCTOR_MUSIC\src\GUI\App.java C:\Users\sinoe\OneDrive\Documentos\NetBeansProjects\REPRODUCTOR_MUSIC\src\GUI\MainWindow.java C:\Users\sinoe\OneDrive\Documentos\NetBeansProjects\REPRODUCTOR_MUSIC\src\GUI\PlayerPanel.java C:\Users\sinoe\OneDrive\Documentos\NetBeansProjects\REPRODUCTOR_MUSIC\src\LOGIC\ConsumerPlayer.java C:\Users\sinoe\OneDrive\Documentos\NetBeansProjects\REPRODUCTOR_MUSIC\src\LOGIC\MusicBuffer.java C:\Users\sinoe\OneDrive\Documentos\NetBeansProjects\REPRODUCTOR_MUSIC\src\LOGIC\MusicManager.java C:\Users\sinoe\OneDrive\Documentos\NetBeansProjects\REPRODUCTOR_MUSIC\src\LOGIC\Playlist.java C:\Users\sinoe\OneDrive\Documentos\NetBeansProjects\REPRODUCTOR_MUSIC\src\LOGIC\PlaylistManager.java C:\Users\sinoe\OneDrive\Documentos\NetBeansProjects\REPRODUCTO
java_class_path (initial): <not set>
Launcher Type: SUN_STANDARD

[Global flags]
     intx CICompilerCount                          = 12                                        {product} {ergonomic}
     uint ConcGCThreads                            = 3                                         {product} {ergonomic}
     uint G1ConcRefinementThreads                  = 13                                        {product} {ergonomic}
   size_t G1HeapRegionSize                         = 2097152                                   {product} {ergonomic}
    uintx GCDrainStackTargetSize                   = 64                                        {product} {ergonomic}
   size_t InitialHeapSize                          = 8388608                                   {product} {command line}
   size_t MarkStackSize                            = 4194304                                   {product} {ergonomic}
   size_t MaxHeapSize                              = 4123000832                                {product} {ergonomic}
   size_t MaxNewSize                               = 2472542208                                {product} {ergonomic}
   size_t MinHeapDeltaBytes                        = 2097152                                   {product} {ergonomic}
   size_t MinHeapSize                              = 8388608                                   {product} {command line}
    uintx NonNMethodCodeHeapSize                   = 7602480                                {pd product} {ergonomic}
    uintx NonProfiledCodeHeapSize                  = 122027880                              {pd product} {ergonomic}
    uintx ProfiledCodeHeapSize                     = 122027880                              {pd product} {ergonomic}
    uintx ReservedCodeCacheSize                    = 251658240                              {pd product} {ergonomic}
     bool SegmentedCodeCache                       = true                                      {product} {ergonomic}
   size_t SoftMaxHeapSize                          = 4123000832                             {manageable} {ergonomic}
     bool UseCompressedOops                        = true                           {product lp64_product} {ergonomic}
     bool UseG1GC                                  = true                                      {product} {ergonomic}
     bool UseLargePagesIndividualAllocation        = false                                  {pd product} {ergonomic}

Logging:
Log output configuration:
 #0: stdout all=warning uptime,level,tags foldmultilines=false
 #1: stderr all=off uptime,level,tags foldmultilines=false

Environment Variables:
PATH=C:\Program Files (x86)\Common Files\Intel\Shared Libraries\redist\intel64\compiler;C:\Program Files\Common Files\Oracle\Java\javapath;C:\WINDOWS\system32;C:\WINDOWS;C:\WINDOWS\System32\Wbem;C:\WINDOWS\System32\WindowsPowerShell\v1.0\;C:\WINDOWS\System32\OpenSSH\;C:\Program Files\swipl\bin;C:\Program Files\dotnet\;C:\Program Files (x86)\Microsoft SQL Server\160\Tools\Binn\;C:\Program Files\Microsoft SQL Server\160\Tools\Binn\;C:\Program Files\Microsoft SQL Server\Client SDK\ODBC\170\Tools\Binn\;C:\Program Files\Microsoft SQL Server\160\DTS\Binn\;C:\Program Files (x86)\Microsoft SQL Server\160\DTS\Binn\;C:\Program Files\Git\cmd;C:\Users\sinoe\AppData\Roaming\nvm;C:\Program Files\nodejs;C:\ProgramData\chocolatey\bin;C:\Program Files\nodejs\;C:\Users\sinoe\.cargo\bin;C:\Users\sinoe\AppData\Local\Programs\Python\Python313\Scripts\;C:\Users\sinoe\AppData\Local\Programs\Python\Python313\;C:\Users\sinoe\AppData\Local\Programs\Python\Python312\Scripts\;C:\Users\sinoe\AppData\Local\Programs\Python\Python312\;C:\Users\sinoe\AppData\Local\Microsoft\WindowsApps;C:\Users\sinoe\AppData\Local\Programs\Microsoft VS Code\bin;C:\Users\sinoe\AppData\Roaming\nvm;C:\Program Files\nodejs;C:\Users\sinoe\AppData\Local\Muse Hub\lib;C:\Users\sinoe\AppData\Roaming\npm
USERNAME=sinoe
OS=Windows_NT
PROCESSOR_IDENTIFIER=AMD64 Family 23 Model 104 Stepping 1, AuthenticAMD
TMP=C:\Users\sinoe\AppData\Local\Temp
TEMP=C:\Users\sinoe\AppData\Local\Temp




Periodic native trim disabled

---------------  S Y S T E M  ---------------

OS:
 Windows 11 , 64 bit Build 22621 (10.0.22621.3672)
OS uptime: 0 days 1:09 hours

CPU: total 16 (initial active 16) (16 cores per cpu, 2 threads per core) family 23 model 104 stepping 1 microcode 0x0, cx8, cmov, fxsr, ht, mmx, 3dnowpref, sse, sse2, sse3, ssse3, sse4a, sse4.1, sse4.2, popcnt, lzcnt, tsc, tscinvbit, avx, avx2, aes, clmul, bmi1, bmi2, adx, sha, fma, vzeroupper, clflush, clflushopt, rdtscp, rdpid, f16c
Processor Information for all 16 processors :
  Max Mhz: 1801, Current Mhz: 1440, Mhz Limit: 1801

Memory: 4k page, system-wide physical 15720M (2495M free)
TotalPageFile size 15720M (AvailPageFile size 7M)
current process WorkingSet (physical memory assigned to process): 119M, peak: 120M
current process commit charge ("private bytes"): 163M, peak: 165M

vm_info: Java HotSpot(TM) 64-Bit Server VM (21.0.1+12-LTS-29) for windows-amd64 JRE (21.0.1+12-LTS-29), built on 2023-10-05T13:27:09Z by "mach5one" with MS VC++ 17.1 (VS2022)

END.
